[0.016s] Invoking command in '/home/lucads/intelligent-machine-design-lab/irobot_ws/build/custom_msgs': CMAKE_PREFIX_PATH=/opt/ros/humble /usr/bin/cmake /home/lucads/intelligent-machine-design-lab/irobot_ws/src/custom_msgs -DAMENT_CMAKE_SYMLINK_INSTALL=1 -DCMAKE_INSTALL_PREFIX=/home/lucads/intelligent-machine-design-lab/irobot_ws/install/custom_msgs
[0.024s] -- Found ament_cmake: 1.3.4 (/opt/ros/humble/share/ament_cmake/cmake)
[0.145s] -- Override CMake install command with custom implementation using symlinks instead of copying resources
[0.151s] -- Found geometry_msgs: 4.2.3 (/opt/ros/humble/share/geometry_msgs/cmake)
[0.175s] -- Found rosidl_generator_c: 3.1.4 (/opt/ros/humble/share/rosidl_generator_c/cmake)
[0.178s] -- Found rosidl_adapter: 3.1.4 (/opt/ros/humble/share/rosidl_adapter/cmake)
[0.183s] -- Found rosidl_generator_cpp: 3.1.4 (/opt/ros/humble/share/rosidl_generator_cpp/cmake)
[0.194s] -- Using all available rosidl_typesupport_c: rosidl_typesupport_fastrtps_c;rosidl_typesupport_introspection_c
[0.210s] -- Using all available rosidl_typesupport_cpp: rosidl_typesupport_fastrtps_cpp;rosidl_typesupport_introspection_cpp
[0.334s] [31mCMake Error at CMakeLists.txt:12 (find_package):
[0.334s]   By not providing "Findmessage_generation.cmake" in CMAKE_MODULE_PATH this
[0.334s]   project has asked CMake to find a package configuration file provided by
[0.334s]   "message_generation", but CMake did not find one.
[0.334s] 
[0.334s]   Could not find a package configuration file provided by
[0.334s]   "message_generation" with any of the following names:
[0.334s] 
[0.334s]     message_generationConfig.cmake
[0.334s]     message_generation-config.cmake
[0.334s] 
[0.334s]   Add the installation prefix of "message_generation" to CMAKE_PREFIX_PATH or
[0.334s]   set "message_generation_DIR" to a directory containing one of the above
[0.334s]   files.  If "message_generation" provides a separate development package or
[0.334s]   SDK, be sure it has been installed.
[0.335s] 
[0.335s] [0m
[0.335s] -- Configuring incomplete, errors occurred!
[0.335s] See also "/home/lucads/intelligent-machine-design-lab/irobot_ws/build/custom_msgs/CMakeFiles/CMakeOutput.log".
[0.337s] Invoked command in '/home/lucads/intelligent-machine-design-lab/irobot_ws/build/custom_msgs' returned '1': CMAKE_PREFIX_PATH=/opt/ros/humble /usr/bin/cmake /home/lucads/intelligent-machine-design-lab/irobot_ws/src/custom_msgs -DAMENT_CMAKE_SYMLINK_INSTALL=1 -DCMAKE_INSTALL_PREFIX=/home/lucads/intelligent-machine-design-lab/irobot_ws/install/custom_msgs
