[0.011s] Invoking command in '/home/lucads/intelligent-machine-design-lab/irobot_ws/build/traj_interpolator': CMAKE_PREFIX_PATH=/home/lucads/intelligent-machine-design-lab/irobot_ws/install/custom_msg:/home/lucads/intelligent-machine-design-lab/irobot_ws/install/traj_interpolator:/home/lucads/intelligent-machine-design-lab/irobot_ws/install/irobot_create_ignition_sim:/home/lucads/intelligent-machine-design-lab/irobot_ws/install/irobot_create_ignition_bringup:/home/lucads/intelligent-machine-design-lab/irobot_ws/install/irobot_create_gazebo_sim:/home/lucads/intelligent-machine-design-lab/irobot_ws/install/irobot_create_gazebo_bringup:/home/lucads/intelligent-machine-design-lab/irobot_ws/install/irobot_create_common_bringup:/home/lucads/intelligent-machine-design-lab/irobot_ws/install/irobot_create_nodes:/home/lucads/intelligent-machine-design-lab/irobot_ws/install/irobot_create_ignition_toolbox:/home/lucads/intelligent-machine-design-lab/irobot_ws/install/irobot_create_gazebo_plugins:/home/lucads/intelligent-machine-design-lab/irobot_ws/install/irobot_create_toolbox:/home/lucads/intelligent-machine-design-lab/irobot_ws/install/irobot_create_ignition_plugins:/home/lucads/intelligent-machine-design-lab/irobot_ws/install/irobot_create_description:/home/lucads/intelligent-machine-design-lab/irobot_ws/install/irobot_create_control:/opt/ros/humble LD_LIBRARY_PATH=/home/lucads/intelligent-machine-design-lab/irobot_ws/install/custom_msg/lib:/home/lucads/intelligent-machine-design-lab/irobot_ws/install/irobot_create_nodes/lib:/home/lucads/intelligent-machine-design-lab/irobot_ws/install/irobot_create_ignition_toolbox/lib:/home/lucads/intelligent-machine-design-lab/irobot_ws/install/irobot_create_gazebo_plugins/lib:/home/lucads/intelligent-machine-design-lab/irobot_ws/install/irobot_create_toolbox/lib:/usr/lib/x86_64-linux-gnu/gazebo-11/plugins:/opt/ros/humble/opt/rviz_ogre_vendor/lib:/opt/ros/humble/lib/x86_64-linux-gnu:/opt/ros/humble/lib /usr/bin/cmake --build /home/lucads/intelligent-machine-design-lab/irobot_ws/build/traj_interpolator -- -j12 -l12
[0.050s] [35m[1mConsolidate compiler generated dependencies of target traj_interpolator[0m
[0.065s] [ 50%] [32mBuilding CXX object CMakeFiles/traj_interpolator.dir/src/draw_traj.cpp.o[0m
[2.372s] [01m[K/home/lucads/intelligent-machine-design-lab/irobot_ws/src/traj_interpolator/src/draw_traj.cpp:56:44:[m[K [01;31m[Kerror: [m[K‘[01m[KOdometryMsg[m[K’ has not been declared
[2.372s]    56 |   geometry_msgs::msg::Pose2D odom_callback([01;31m[KOdometryMsg[m[K::ConstSharedPtr msg){
[2.372s]       |                                            [01;31m[K^~~~~~~~~~~[m[K
[2.372s] [01m[K/home/lucads/intelligent-machine-design-lab/irobot_ws/src/traj_interpolator/src/draw_traj.cpp:56:72:[m[K [01;31m[Kerror: [m[Kexpected ‘[01m[K,[m[K’ or ‘[01m[K...[m[K’ before ‘[01m[Kmsg[m[K’
[2.372s]    56 |   geometry_msgs::msg::Pose2D odom_callback(OdometryMsg::ConstSharedPtr [01;31m[Kmsg[m[K){
[2.372s]       |                                                                        [01;31m[K^~~[m[K
[2.462s] [01m[K/home/lucads/intelligent-machine-design-lab/irobot_ws/src/traj_interpolator/src/draw_traj.cpp:[m[K In constructor ‘[01m[KInterpolatorNode::InterpolatorNode()[m[K’:
[2.462s] [01m[K/home/lucads/intelligent-machine-design-lab/irobot_ws/src/traj_interpolator/src/draw_traj.cpp:31:120:[m[K [01;31m[Kerror: [m[K‘[01m[KCreate3CoverageNode[m[K’ has not been declared
[2.462s]    31 |     m_odom_subscription = this->create_subscription<nav_msgs::msg::Odometry>("odom",rclcpp::SensorDataQoS(),std::bind(&[01;31m[KCreate3CoverageNode[m[K::odom_callback, this, _1));
[2.462s]       |                                                                                                                        [01;31m[K^~~~~~~~~~~~~~~~~~~[m[K
[2.463s] [01m[K/home/lucads/intelligent-machine-design-lab/irobot_ws/src/traj_interpolator/src/draw_traj.cpp:31:162:[m[K [01;31m[Kerror: [m[K‘[01m[K_1[m[K’ was not declared in this scope; did you mean ‘[01m[Kstd::placeholders::_1[m[K’?
[2.463s]    31 |     m_odom_subscription = this->create_subscription<nav_msgs::msg::Odometry>("odom",rclcpp::SensorDataQoS(),std::bind(&Create3CoverageNode::odom_callback, this, [01;31m[K_1[m[K));
[2.463s]       |                                                                                                                                                                  [01;31m[K^~[m[K
[2.463s]       |                                                                                                                                                                  [32m[Kstd::placeholders::_1[m[K
[2.463s] In file included from [01m[K/usr/include/c++/11/pstl/glue_algorithm_defs.h:13[m[K,
[2.463s]                  from [01m[K/usr/include/c++/11/algorithm:74[m[K,
[2.464s]                  from [01m[K/opt/ros/humble/include/rclcpp/rclcpp/executor.hpp:18[m[K,
[2.464s]                  from [01m[K/opt/ros/humble/include/rclcpp/rclcpp/executors/multi_threaded_executor.hpp:25[m[K,
[2.464s]                  from [01m[K/opt/ros/humble/include/rclcpp/rclcpp/executors.hpp:21[m[K,
[2.464s]                  from [01m[K/opt/ros/humble/include/rclcpp/rclcpp/rclcpp.hpp:155[m[K,
[2.464s]                  from [01m[K/home/lucads/intelligent-machine-design-lab/irobot_ws/src/traj_interpolator/src/draw_traj.cpp:1[m[K:
[2.464s] [01m[K/usr/include/c++/11/functional:225:34:[m[K [01;36m[Knote: [m[K‘[01m[Kstd::placeholders::_1[m[K’ declared here
[2.464s]   225 |     extern const _Placeholder<1> [01;36m[K_1[m[K;
[2.464s]       |                                  [01;36m[K^~[m[K
[2.464s] [01m[K/home/lucads/intelligent-machine-design-lab/irobot_ws/src/traj_interpolator/src/draw_traj.cpp:43:19:[m[K [01;31m[Kerror: [m[K‘[01m[Kusing Pose2D = struct geometry_msgs::msg::Pose2D_<std::allocator<void> >[m[K’ {aka ‘[01m[Kstruct geometry_msgs::msg::Pose2D_<std::allocator<void> >[m[K’} has no member named ‘[01m[Kyaw[m[K’
[2.464s]    43 |     current_pose_.[01;31m[Kyaw[m[K = 0.0;
[2.464s]       |                   [01;31m[K^~~[m[K
[2.464s] [01m[K/home/lucads/intelligent-machine-design-lab/irobot_ws/src/traj_interpolator/src/draw_traj.cpp:[m[K In member function ‘[01m[Kgeometry_msgs::msg::Pose2D InterpolatorNode::odom_callback(int)[m[K’:
[2.465s] [01m[K/home/lucads/intelligent-machine-design-lab/irobot_ws/src/traj_interpolator/src/draw_traj.cpp:58:25:[m[K [01;31m[Kerror: [m[Kexpected initializer before ‘[01m[K.[m[K’ token
[2.465s]    58 |     double current_pose_[01;31m[K.[m[Kx = msg->pose.pose.position.x - reached_pose_.x;
[2.465s]       |                         [01;31m[K^[m[K
[2.465s] [01m[K/home/lucads/intelligent-machine-design-lab/irobot_ws/src/traj_interpolator/src/draw_traj.cpp:59:25:[m[K [01;31m[Kerror: [m[Kexpected initializer before ‘[01m[K.[m[K’ token
[2.465s]    59 |     double current_pose_[01;31m[K.[m[Ky = msg->pose.pose.postion.y - reached_pose_.y;
[2.465s]       |                         [01;31m[K^[m[K
[2.465s] [01m[K/home/lucads/intelligent-machine-design-lab/irobot_ws/src/traj_interpolator/src/draw_traj.cpp:63:35:[m[K [01;31m[Kerror: [m[K‘[01m[Kmsg[m[K’ was not declared in this scope
[2.465s]    63 |     tf2::Quaternion tf_quaternion([01;31m[Kmsg[m[K->pose.pose.orientation.x, msg->pose.pose.orientation.y, msg->pose.pose.orientation.z, msg->pose.pose.orientation.w);
[2.466s]       |                                   [01;31m[K^~~[m[K
[2.466s] [01m[K/home/lucads/intelligent-machine-design-lab/irobot_ws/src/traj_interpolator/src/draw_traj.cpp:63:35:[m[K [01;36m[Knote: [m[Ksuggested alternatives:
[2.466s] In file included from [01m[K/opt/ros/humble/include/builtin_interfaces/builtin_interfaces/msg/duration.hpp:7[m[K,
[2.466s]                  from [01m[K/opt/ros/humble/include/rclcpp/rclcpp/duration.hpp:20[m[K,
[2.466s]                  from [01m[K/opt/ros/humble/include/rclcpp/rclcpp/qos.hpp:20[m[K,
[2.466s]                  from [01m[K/opt/ros/humble/include/rclcpp/rclcpp/node_interfaces/node_graph_interface.hpp:32[m[K,
[2.466s]                  from [01m[K/opt/ros/humble/include/rclcpp/rclcpp/client.hpp:42[m[K,
[2.466s]                  from [01m[K/opt/ros/humble/include/rclcpp/rclcpp/callback_group.hpp:24[m[K,
[2.466s]                  from [01m[K/opt/ros/humble/include/rclcpp/rclcpp/any_executable.hpp:20[m[K,
[2.466s]                  from [01m[K/opt/ros/humble/include/rclcpp/rclcpp/memory_strategy.hpp:25[m[K,
[2.466s]                  from [01m[K/opt/ros/humble/include/rclcpp/rclcpp/memory_strategies.hpp:18[m[K,
[2.466s]                  from [01m[K/opt/ros/humble/include/rclcpp/rclcpp/executor_options.hpp:20[m[K,
[2.466s]                  from [01m[K/opt/ros/humble/include/rclcpp/rclcpp/executor.hpp:37[m[K,
[2.466s]                  from [01m[K/opt/ros/humble/include/rclcpp/rclcpp/executors/multi_threaded_executor.hpp:25[m[K,
[2.466s]                  from [01m[K/opt/ros/humble/include/rclcpp/rclcpp/executors.hpp:21[m[K,
[2.466s]                  from [01m[K/opt/ros/humble/include/rclcpp/rclcpp/rclcpp.hpp:155[m[K,
[2.466s]                  from [01m[K/home/lucads/intelligent-machine-design-lab/irobot_ws/src/traj_interpolator/src/draw_traj.cpp:1[m[K:
[2.467s] [01m[K/opt/ros/humble/include/builtin_interfaces/builtin_interfaces/msg/detail/duration__struct.hpp:27:11:[m[K [01;36m[Knote: [m[K  ‘[01m[Kbuiltin_interfaces::msg[m[K’
[2.467s]    27 | namespace [01;36m[Kmsg[m[K
[2.467s]       |           [01;36m[K^~~[m[K
[2.467s] In file included from [01m[K/opt/ros/humble/include/rcl_interfaces/rcl_interfaces/msg/set_parameters_result.hpp:7[m[K,
[2.467s]                  from [01m[K/opt/ros/humble/include/rclcpp/rclcpp/qos_overriding_options.hpp:28[m[K,
[2.467s]                  from [01m[K/opt/ros/humble/include/rclcpp/rclcpp/subscription_options.hpp:30[m[K,
[2.467s]                  from [01m[K/opt/ros/humble/include/rclcpp/rclcpp/subscription.hpp:45[m[K,
[2.467s]                  from [01m[K/opt/ros/humble/include/rclcpp/rclcpp/any_executable.hpp:25[m[K,
[2.467s]                  from [01m[K/opt/ros/humble/include/rclcpp/rclcpp/memory_strategy.hpp:25[m[K,
[2.467s]                  from [01m[K/opt/ros/humble/include/rclcpp/rclcpp/memory_strategies.hpp:18[m[K,
[2.467s]                  from [01m[K/opt/ros/humble/include/rclcpp/rclcpp/executor_options.hpp:20[m[K,
[2.467s]                  from [01m[K/opt/ros/humble/include/rclcpp/rclcpp/executor.hpp:37[m[K,
[2.467s]                  from [01m[K/opt/ros/humble/include/rclcpp/rclcpp/executors/multi_threaded_executor.hpp:25[m[K,
[2.467s]                  from [01m[K/opt/ros/humble/include/rclcpp/rclcpp/executors.hpp:21[m[K,
[2.467s]                  from [01m[K/opt/ros/humble/include/rclcpp/rclcpp/rclcpp.hpp:155[m[K,
[2.467s]                  from [01m[K/home/lucads/intelligent-machine-design-lab/irobot_ws/src/traj_interpolator/src/draw_traj.cpp:1[m[K:
[2.467s] [01m[K/opt/ros/humble/include/rcl_interfaces/rcl_interfaces/msg/detail/set_parameters_result__struct.hpp:27:11:[m[K [01;36m[Knote: [m[K  ‘[01m[Krcl_interfaces::msg[m[K’
[2.468s]    27 | namespace [01;36m[Kmsg[m[K
[2.468s]       |           [01;36m[K^~~[m[K
[2.468s] In file included from [01m[K/opt/ros/humble/include/statistics_msgs/statistics_msgs/msg/detail/metrics_message__struct.hpp:23[m[K,
[2.468s]                  from [01m[K/opt/ros/humble/include/statistics_msgs/statistics_msgs/msg/metrics_message.hpp:7[m[K,
[2.468s]                  from [01m[K/opt/ros/humble/include/libstatistics_collector/libstatistics_collector/collector/generate_statistics_message.hpp:21[m[K,
[2.468s]                  from [01m[K/opt/ros/humble/include/rclcpp/rclcpp/topic_statistics/subscription_topic_statistics.hpp:23[m[K,
[2.468s]                  from [01m[K/opt/ros/humble/include/rclcpp/rclcpp/subscription.hpp:50[m[K,
[2.468s]                  from [01m[K/opt/ros/humble/include/rclcpp/rclcpp/any_executable.hpp:25[m[K,
[2.468s]                  from [01m[K/opt/ros/humble/include/rclcpp/rclcpp/memory_strategy.hpp:25[m[K,
[2.468s]                  from [01m[K/opt/ros/humble/include/rclcpp/rclcpp/memory_strategies.hpp:18[m[K,
[2.468s]                  from [01m[K/opt/ros/humble/include/rclcpp/rclcpp/executor_options.hpp:20[m[K,
[2.468s]                  from [01m[K/opt/ros/humble/include/rclcpp/rclcpp/executor.hpp:37[m[K,
[2.468s]                  from [01m[K/opt/ros/humble/include/rclcpp/rclcpp/executors/multi_threaded_executor.hpp:25[m[K,
[2.468s]                  from [01m[K/opt/ros/humble/include/rclcpp/rclcpp/executors.hpp:21[m[K,
[2.468s]                  from [01m[K/opt/ros/humble/include/rclcpp/rclcpp/rclcpp.hpp:155[m[K,
[2.468s]                  from [01m[K/home/lucads/intelligent-machine-design-lab/irobot_ws/src/traj_interpolator/src/draw_traj.cpp:1[m[K:
[2.468s] [01m[K/opt/ros/humble/include/statistics_msgs/statistics_msgs/msg/detail/statistic_data_point__struct.hpp:27:11:[m[K [01;36m[Knote: [m[K  ‘[01m[Kstatistics_msgs::msg[m[K’
[2.468s]    27 | namespace [01;36m[Kmsg[m[K
[2.469s]       |           [01;36m[K^~~[m[K
[2.469s] In file included from [01m[K/home/lucads/intelligent-machine-design-lab/irobot_ws/install/custom_msg/include/custom_msg/custom_msg/msg/detail/target__struct.hpp:20[m[K,
[2.469s]                  from [01m[K/home/lucads/intelligent-machine-design-lab/irobot_ws/install/custom_msg/include/custom_msg/custom_msg/msg/target.hpp:7[m[K,
[2.469s]                  from [01m[K/home/lucads/intelligent-machine-design-lab/irobot_ws/src/traj_interpolator/src/draw_traj.cpp:5[m[K:
[2.469s] [01m[K/opt/ros/humble/include/geometry_msgs/geometry_msgs/msg/detail/vector3__struct.hpp:27:11:[m[K [01;36m[Knote: [m[K  ‘[01m[Kgeometry_msgs::msg[m[K’
[2.469s]    27 | namespace [01;36m[Kmsg[m[K
[2.469s]       |           [01;36m[K^~~[m[K
[2.469s] In file included from [01m[K/home/lucads/intelligent-machine-design-lab/irobot_ws/install/custom_msg/include/custom_msg/custom_msg/msg/target.hpp:7[m[K,
[2.469s]                  from [01m[K/home/lucads/intelligent-machine-design-lab/irobot_ws/src/traj_interpolator/src/draw_traj.cpp:5[m[K:
[2.469s] [01m[K/home/lucads/intelligent-machine-design-lab/irobot_ws/install/custom_msg/include/custom_msg/custom_msg/msg/detail/target__struct.hpp:31:11:[m[K [01;36m[Knote: [m[K  ‘[01m[Kcustom_msg::msg[m[K’
[2.469s]    31 | namespace [01;36m[Kmsg[m[K
[2.469s]       |           [01;36m[K^~~[m[K
[2.469s] In file included from [01m[K/opt/ros/humble/include/nav_msgs/nav_msgs/msg/detail/odometry__struct.hpp:20[m[K,
[2.469s]                  from [01m[K/opt/ros/humble/include/nav_msgs/nav_msgs/msg/odometry.hpp:7[m[K,
[2.469s]                  from [01m[K/home/lucads/intelligent-machine-design-lab/irobot_ws/src/traj_interpolator/src/draw_traj.cpp:6[m[K:
[2.469s] [01m[K/opt/ros/humble/include/std_msgs/std_msgs/msg/detail/header__struct.hpp:31:11:[m[K [01;36m[Knote: [m[K  ‘[01m[Kstd_msgs::msg[m[K’
[2.469s]    31 | namespace [01;36m[Kmsg[m[K
[2.469s]       |           [01;36m[K^~~[m[K
[2.470s] In file included from [01m[K/opt/ros/humble/include/nav_msgs/nav_msgs/msg/odometry.hpp:7[m[K,
[2.470s]                  from [01m[K/home/lucads/intelligent-machine-design-lab/irobot_ws/src/traj_interpolator/src/draw_traj.cpp:6[m[K:
[2.470s] [01m[K/opt/ros/humble/include/nav_msgs/nav_msgs/msg/detail/odometry__struct.hpp:35:11:[m[K [01;36m[Knote: [m[K  ‘[01m[Knav_msgs::msg[m[K’
[2.470s]    35 | namespace [01;36m[Kmsg[m[K
[2.470s]       |           [01;36m[K^~~[m[K
[2.470s] [01m[K/home/lucads/intelligent-machine-design-lab/irobot_ws/src/traj_interpolator/src/draw_traj.cpp:66:41:[m[K [01;31m[Kerror: [m[Kno match for ‘[01m[Koperator=[m[K’ (operand types are ‘[01m[Kgeometry_msgs::msg::Pose2D[m[K’ {aka ‘[01m[Kgeometry_msgs::msg::Pose2D_<std::allocator<void> >[m[K’} and ‘[01m[Kdouble[m[K’)
[2.470s]    66 |     current_pose_ = yaw - reached_pose_.[01;31m[Ktheta[m[K;
[2.470s]       |                                         [01;31m[K^~~~~[m[K
[2.470s] In file included from [01m[K/opt/ros/humble/include/geometry_msgs/geometry_msgs/msg/pose2_d.hpp:7[m[K,
[2.470s]                  from [01m[K/home/lucads/intelligent-machine-design-lab/irobot_ws/src/traj_interpolator/src/draw_traj.cpp:8[m[K:
[2.470s] [01m[K/opt/ros/humble/include/geometry_msgs/geometry_msgs/msg/detail/pose2_d__struct.hpp:32:8:[m[K [01;36m[Knote: [m[Kcandidate: ‘[01m[Kconstexpr geometry_msgs::msg::Pose2D_<std::allocator<void> >& geometry_msgs::msg::Pose2D_<std::allocator<void> >::operator=(const geometry_msgs::msg::Pose2D_<std::allocator<void> >&)[m[K’
[2.470s]    32 | struct [01;36m[KPose2D_[m[K
[2.470s]       |        [01;36m[K^~~~~~~[m[K
[2.470s] [01m[K/opt/ros/humble/include/geometry_msgs/geometry_msgs/msg/detail/pose2_d__struct.hpp:32:8:[m[K [01;36m[Knote: [m[K  no known conversion for argument 1 from ‘[01m[Kdouble[m[K’ to ‘[01m[Kconst geometry_msgs::msg::Pose2D_<std::allocator<void> >&[m[K’
[2.470s] [01m[K/opt/ros/humble/include/geometry_msgs/geometry_msgs/msg/detail/pose2_d__struct.hpp:32:8:[m[K [01;36m[Knote: [m[Kcandidate: ‘[01m[Kconstexpr geometry_msgs::msg::Pose2D_<std::allocator<void> >& geometry_msgs::msg::Pose2D_<std::allocator<void> >::operator=(geometry_msgs::msg::Pose2D_<std::allocator<void> >&&)[m[K’
[2.470s] [01m[K/opt/ros/humble/include/geometry_msgs/geometry_msgs/msg/detail/pose2_d__struct.hpp:32:8:[m[K [01;36m[Knote: [m[K  no known conversion for argument 1 from ‘[01m[Kdouble[m[K’ to ‘[01m[Kgeometry_msgs::msg::Pose2D_<std::allocator<void> >&&[m[K’
[2.471s] [01m[K/home/lucads/intelligent-machine-design-lab/irobot_ws/src/traj_interpolator/src/draw_traj.cpp:56:57:[m[K [01;35m[Kwarning: [m[Kunused parameter ‘[01m[KConstSharedPtr[m[K’ [[01;35m[K]8;;https://gcc.gnu.org/onlinedocs/gcc/Warning-Options.html#index-Wunused-parameter-Wunused-parameter]8;;[m[K]
[2.471s]    56 |   geometry_msgs::msg::Pose2D odom_callback([01;35m[KOdometryMsg::ConstSharedPtr[m[K msg){
[2.471s]       |                                            [01;35m[K~~~~~~~~~~~~~^~~~~~~~~~~~~~[m[K
[4.896s] [01m[K/home/lucads/intelligent-machine-design-lab/irobot_ws/src/traj_interpolator/src/draw_traj.cpp:[m[K In member function ‘[01m[Kgeometry_msgs::msg::Pose2D InterpolatorNode::targetPoseCallback(custom_msg::msg::Target_<std::allocator<void> >::SharedPtr)[m[K’:
[4.897s] [01m[K/home/lucads/intelligent-machine-design-lab/irobot_ws/src/traj_interpolator/src/draw_traj.cpp:176:3:[m[K [01;35m[Kwarning: [m[Kcontrol reaches end of non-void function [[01;35m[K]8;;https://gcc.gnu.org/onlinedocs/gcc/Warning-Options.html#index-Wreturn-type-Wreturn-type]8;;[m[K]
[4.897s]   176 |   [01;35m[K}[m[K
[4.897s]       |   [01;35m[K^[m[K
[5.135s] gmake[2]: *** [CMakeFiles/traj_interpolator.dir/build.make:76: CMakeFiles/traj_interpolator.dir/src/draw_traj.cpp.o] Error 1
[5.135s] gmake[1]: *** [CMakeFiles/Makefile2:137: CMakeFiles/traj_interpolator.dir/all] Error 2
[5.135s] gmake: *** [Makefile:146: all] Error 2
[5.137s] Invoked command in '/home/lucads/intelligent-machine-design-lab/irobot_ws/build/traj_interpolator' returned '2': CMAKE_PREFIX_PATH=/home/lucads/intelligent-machine-design-lab/irobot_ws/install/custom_msg:/home/lucads/intelligent-machine-design-lab/irobot_ws/install/traj_interpolator:/home/lucads/intelligent-machine-design-lab/irobot_ws/install/irobot_create_ignition_sim:/home/lucads/intelligent-machine-design-lab/irobot_ws/install/irobot_create_ignition_bringup:/home/lucads/intelligent-machine-design-lab/irobot_ws/install/irobot_create_gazebo_sim:/home/lucads/intelligent-machine-design-lab/irobot_ws/install/irobot_create_gazebo_bringup:/home/lucads/intelligent-machine-design-lab/irobot_ws/install/irobot_create_common_bringup:/home/lucads/intelligent-machine-design-lab/irobot_ws/install/irobot_create_nodes:/home/lucads/intelligent-machine-design-lab/irobot_ws/install/irobot_create_ignition_toolbox:/home/lucads/intelligent-machine-design-lab/irobot_ws/install/irobot_create_gazebo_plugins:/home/lucads/intelligent-machine-design-lab/irobot_ws/install/irobot_create_toolbox:/home/lucads/intelligent-machine-design-lab/irobot_ws/install/irobot_create_ignition_plugins:/home/lucads/intelligent-machine-design-lab/irobot_ws/install/irobot_create_description:/home/lucads/intelligent-machine-design-lab/irobot_ws/install/irobot_create_control:/opt/ros/humble LD_LIBRARY_PATH=/home/lucads/intelligent-machine-design-lab/irobot_ws/install/custom_msg/lib:/home/lucads/intelligent-machine-design-lab/irobot_ws/install/irobot_create_nodes/lib:/home/lucads/intelligent-machine-design-lab/irobot_ws/install/irobot_create_ignition_toolbox/lib:/home/lucads/intelligent-machine-design-lab/irobot_ws/install/irobot_create_gazebo_plugins/lib:/home/lucads/intelligent-machine-design-lab/irobot_ws/install/irobot_create_toolbox/lib:/usr/lib/x86_64-linux-gnu/gazebo-11/plugins:/opt/ros/humble/opt/rviz_ogre_vendor/lib:/opt/ros/humble/lib/x86_64-linux-gnu:/opt/ros/humble/lib /usr/bin/cmake --build /home/lucads/intelligent-machine-design-lab/irobot_ws/build/traj_interpolator -- -j12 -l12
