[0.009s] Invoking command in '/home/lucads/intelligent-machine-design-lab/irobot_ws/build/traj_interpolator': AMENT_PREFIX_PATH=/home/lucads/intelligent-machine-design-lab/irobot_ws/install/custom_msg:${AMENT_PREFIX_PATH} CMAKE_PREFIX_PATH=/home/lucads/intelligent-machine-design-lab/irobot_ws/install/custom_msg:/opt/ros/humble LD_LIBRARY_PATH=/home/lucads/intelligent-machine-design-lab/irobot_ws/install/custom_msg/lib:${LD_LIBRARY_PATH} PYTHONPATH=/home/lucads/intelligent-machine-design-lab/irobot_ws/install/custom_msg/local/lib/python3.10/dist-packages:${PYTHONPATH} /usr/bin/cmake /home/lucads/intelligent-machine-design-lab/irobot_ws/src/traj_interpolator -DAMENT_CMAKE_SYMLINK_INSTALL=1 -DCMAKE_INSTALL_PREFIX=/home/lucads/intelligent-machine-design-lab/irobot_ws/install/traj_interpolator
[0.050s] -- The C compiler identification is GNU 11.3.0
[0.096s] -- The CXX compiler identification is GNU 11.3.0
[0.101s] -- Detecting C compiler ABI info
[0.151s] -- Detecting C compiler ABI info - done
[0.158s] -- Check for working C compiler: /usr/bin/cc - skipped
[0.158s] -- Detecting C compile features
[0.158s] -- Detecting C compile features - done
[0.161s] -- Detecting CXX compiler ABI info
[0.218s] -- Detecting CXX compiler ABI info - done
[0.226s] -- Check for working CXX compiler: /usr/bin/c++ - skipped
[0.226s] -- Detecting CXX compile features
[0.227s] -- Detecting CXX compile features - done
[0.228s] -- Found ament_cmake: 1.3.4 (/opt/ros/humble/share/ament_cmake/cmake)
[0.374s] -- Found Python3: /usr/bin/python3.10 (found version "3.10.6") found components: Interpreter 
[0.428s] -- Override CMake install command with custom implementation using symlinks instead of copying resources
[0.447s] -- Found rclcpp: 16.0.4 (/opt/ros/humble/share/rclcpp/cmake)
[0.484s] -- Found rosidl_generator_c: 3.1.4 (/opt/ros/humble/share/rosidl_generator_c/cmake)
[0.488s] -- Found rosidl_adapter: 3.1.4 (/opt/ros/humble/share/rosidl_adapter/cmake)
[0.495s] -- Found rosidl_generator_cpp: 3.1.4 (/opt/ros/humble/share/rosidl_generator_cpp/cmake)
[0.507s] -- Using all available rosidl_typesupport_c: rosidl_typesupport_fastrtps_c;rosidl_typesupport_introspection_c
[0.525s] -- Using all available rosidl_typesupport_cpp: rosidl_typesupport_fastrtps_cpp;rosidl_typesupport_introspection_cpp
[0.590s] -- Found rmw_implementation_cmake: 6.1.1 (/opt/ros/humble/share/rmw_implementation_cmake/cmake)
[0.592s] -- Found rmw_fastrtps_cpp: 6.2.2 (/opt/ros/humble/share/rmw_fastrtps_cpp/cmake)
[0.668s] -- Found OpenSSL: /usr/lib/x86_64-linux-gnu/libcrypto.so (found version "3.0.2")  
[0.695s] -- Found FastRTPS: /opt/ros/humble/include  
[0.741s] -- Using RMW implementation 'rmw_fastrtps_cpp' as default
[0.749s] -- Looking for pthread.h
[0.801s] -- Looking for pthread.h - found
[0.802s] -- Performing Test CMAKE_HAVE_LIBC_PTHREAD
[0.854s] -- Performing Test CMAKE_HAVE_LIBC_PTHREAD - Success
[0.855s] -- Found Threads: TRUE  
[1.020s] -- Found irobot_create_msgs: 2.1.0 (/opt/ros/humble/share/irobot_create_msgs/cmake)
[1.263s] -- Found custom_msg: 0.0.0 (/home/lucads/intelligent-machine-design-lab/irobot_ws/install/custom_msg/share/custom_msg/cmake)
[1.320s] -- Found nav_msgs: 4.2.3 (/opt/ros/humble/share/nav_msgs/cmake)
[1.407s] -- Found rclcpp_action: 16.0.4 (/opt/ros/humble/share/rclcpp_action/cmake)
[1.439s] -- Found tf2_geometry_msgs: 0.25.2 (/opt/ros/humble/share/tf2_geometry_msgs/cmake)
[1.452s] -- Found eigen3_cmake_module: 0.1.1 (/opt/ros/humble/share/eigen3_cmake_module/cmake)
[1.453s] -- Found Eigen3: TRUE (found version "3.4.0") 
[1.453s] -- Ensuring Eigen3 include directory is part of orocos-kdl CMake target
[1.792s] -- Found ament_lint_auto: 0.12.6 (/opt/ros/humble/share/ament_lint_auto/cmake)
[1.876s] -- Added test 'cppcheck' to perform static code analysis on C / C++ code
[1.876s] -- Configured cppcheck include dirs: 
[1.876s] -- Configured cppcheck exclude dirs and/or files: 
[1.877s] -- Added test 'lint_cmake' to check CMake code style
[1.877s] -- Added test 'uncrustify' to check C / C++ code style
[1.878s] -- Configured uncrustify additional arguments: 
[1.878s] -- Added test 'xmllint' to check XML markup files
[1.880s] -- Configuring done
[1.891s] -- Generating done
[1.893s] -- Build files have been written to: /home/lucads/intelligent-machine-design-lab/irobot_ws/build/traj_interpolator
[1.905s] Invoked command in '/home/lucads/intelligent-machine-design-lab/irobot_ws/build/traj_interpolator' returned '0': AMENT_PREFIX_PATH=/home/lucads/intelligent-machine-design-lab/irobot_ws/install/custom_msg:${AMENT_PREFIX_PATH} CMAKE_PREFIX_PATH=/home/lucads/intelligent-machine-design-lab/irobot_ws/install/custom_msg:/opt/ros/humble LD_LIBRARY_PATH=/home/lucads/intelligent-machine-design-lab/irobot_ws/install/custom_msg/lib:${LD_LIBRARY_PATH} PYTHONPATH=/home/lucads/intelligent-machine-design-lab/irobot_ws/install/custom_msg/local/lib/python3.10/dist-packages:${PYTHONPATH} /usr/bin/cmake /home/lucads/intelligent-machine-design-lab/irobot_ws/src/traj_interpolator -DAMENT_CMAKE_SYMLINK_INSTALL=1 -DCMAKE_INSTALL_PREFIX=/home/lucads/intelligent-machine-design-lab/irobot_ws/install/traj_interpolator
[1.907s] Invoking command in '/home/lucads/intelligent-machine-design-lab/irobot_ws/build/traj_interpolator': AMENT_PREFIX_PATH=/home/lucads/intelligent-machine-design-lab/irobot_ws/install/custom_msg:${AMENT_PREFIX_PATH} CMAKE_PREFIX_PATH=/home/lucads/intelligent-machine-design-lab/irobot_ws/install/custom_msg:/opt/ros/humble LD_LIBRARY_PATH=/home/lucads/intelligent-machine-design-lab/irobot_ws/install/custom_msg/lib:${LD_LIBRARY_PATH} PYTHONPATH=/home/lucads/intelligent-machine-design-lab/irobot_ws/install/custom_msg/local/lib/python3.10/dist-packages:${PYTHONPATH} /usr/bin/cmake --build /home/lucads/intelligent-machine-design-lab/irobot_ws/build/traj_interpolator -- -j12 -l12
[1.943s] [ 50%] [32mBuilding CXX object CMakeFiles/traj_interpolator.dir/src/draw_traj.cpp.o[0m
[32.438s] [100%] [32m[1mLinking CXX executable traj_interpolator[0m
[35.314s] [100%] Built target traj_interpolator
[35.351s] Invoked command in '/home/lucads/intelligent-machine-design-lab/irobot_ws/build/traj_interpolator' returned '0': AMENT_PREFIX_PATH=/home/lucads/intelligent-machine-design-lab/irobot_ws/install/custom_msg:${AMENT_PREFIX_PATH} CMAKE_PREFIX_PATH=/home/lucads/intelligent-machine-design-lab/irobot_ws/install/custom_msg:/opt/ros/humble LD_LIBRARY_PATH=/home/lucads/intelligent-machine-design-lab/irobot_ws/install/custom_msg/lib:${LD_LIBRARY_PATH} PYTHONPATH=/home/lucads/intelligent-machine-design-lab/irobot_ws/install/custom_msg/local/lib/python3.10/dist-packages:${PYTHONPATH} /usr/bin/cmake --build /home/lucads/intelligent-machine-design-lab/irobot_ws/build/traj_interpolator -- -j12 -l12
[35.748s] Invoking command in '/home/lucads/intelligent-machine-design-lab/irobot_ws/build/traj_interpolator': AMENT_PREFIX_PATH=/home/lucads/intelligent-machine-design-lab/irobot_ws/install/custom_msg:${AMENT_PREFIX_PATH} CMAKE_PREFIX_PATH=/home/lucads/intelligent-machine-design-lab/irobot_ws/install/custom_msg:/opt/ros/humble LD_LIBRARY_PATH=/home/lucads/intelligent-machine-design-lab/irobot_ws/install/custom_msg/lib:${LD_LIBRARY_PATH} PYTHONPATH=/home/lucads/intelligent-machine-design-lab/irobot_ws/install/custom_msg/local/lib/python3.10/dist-packages:${PYTHONPATH} /usr/bin/cmake --install /home/lucads/intelligent-machine-design-lab/irobot_ws/build/traj_interpolator
[35.779s] -- Install configuration: ""
[35.781s] -- Execute custom install script
[35.782s] -- Symlinking: /home/lucads/intelligent-machine-design-lab/irobot_ws/install/traj_interpolator/lib/traj_interpolator/traj_interpolator
[35.824s] -- Symlinking: /home/lucads/intelligent-machine-design-lab/irobot_ws/install/traj_interpolator/share/ament_index/resource_index/package_run_dependencies/traj_interpolator
[35.871s] -- Symlinking: /home/lucads/intelligent-machine-design-lab/irobot_ws/install/traj_interpolator/share/ament_index/resource_index/parent_prefix_path/traj_interpolator
[35.918s] -- Symlinking: /home/lucads/intelligent-machine-design-lab/irobot_ws/install/traj_interpolator/share/traj_interpolator/environment/ament_prefix_path.sh
[35.989s] -- Symlinking: /home/lucads/intelligent-machine-design-lab/irobot_ws/install/traj_interpolator/share/traj_interpolator/environment/ament_prefix_path.dsv
[36.039s] -- Symlinking: /home/lucads/intelligent-machine-design-lab/irobot_ws/install/traj_interpolator/share/traj_interpolator/environment/path.sh
[36.090s] -- Symlinking: /home/lucads/intelligent-machine-design-lab/irobot_ws/install/traj_interpolator/share/traj_interpolator/environment/path.dsv
[36.143s] -- Symlinking: /home/lucads/intelligent-machine-design-lab/irobot_ws/install/traj_interpolator/share/traj_interpolator/local_setup.bash
[36.167s] -- Symlinking: /home/lucads/intelligent-machine-design-lab/irobot_ws/install/traj_interpolator/share/traj_interpolator/local_setup.sh
[36.190s] -- Symlinking: /home/lucads/intelligent-machine-design-lab/irobot_ws/install/traj_interpolator/share/traj_interpolator/local_setup.zsh
[36.247s] -- Symlinking: /home/lucads/intelligent-machine-design-lab/irobot_ws/install/traj_interpolator/share/traj_interpolator/local_setup.dsv
[36.276s] -- Symlinking: /home/lucads/intelligent-machine-design-lab/irobot_ws/install/traj_interpolator/share/traj_interpolator/package.dsv
[36.306s] -- Symlinking: /home/lucads/intelligent-machine-design-lab/irobot_ws/install/traj_interpolator/share/ament_index/resource_index/packages/traj_interpolator
[36.340s] -- Symlinking: /home/lucads/intelligent-machine-design-lab/irobot_ws/install/traj_interpolator/share/traj_interpolator/cmake/ament_cmake_export_include_directories-extras.cmake
[36.389s] -- Symlinking: /home/lucads/intelligent-machine-design-lab/irobot_ws/install/traj_interpolator/share/traj_interpolator/cmake/ament_cmake_export_dependencies-extras.cmake
[36.432s] -- Symlinking: /home/lucads/intelligent-machine-design-lab/irobot_ws/install/traj_interpolator/share/traj_interpolator/cmake/traj_interpolatorConfig.cmake
[36.462s] -- Symlinking: /home/lucads/intelligent-machine-design-lab/irobot_ws/install/traj_interpolator/share/traj_interpolator/cmake/traj_interpolatorConfig-version.cmake
[36.505s] -- Symlinking: /home/lucads/intelligent-machine-design-lab/irobot_ws/install/traj_interpolator/share/traj_interpolator/package.xml
[36.567s] Invoked command in '/home/lucads/intelligent-machine-design-lab/irobot_ws/build/traj_interpolator' returned '0': AMENT_PREFIX_PATH=/home/lucads/intelligent-machine-design-lab/irobot_ws/install/custom_msg:${AMENT_PREFIX_PATH} CMAKE_PREFIX_PATH=/home/lucads/intelligent-machine-design-lab/irobot_ws/install/custom_msg:/opt/ros/humble LD_LIBRARY_PATH=/home/lucads/intelligent-machine-design-lab/irobot_ws/install/custom_msg/lib:${LD_LIBRARY_PATH} PYTHONPATH=/home/lucads/intelligent-machine-design-lab/irobot_ws/install/custom_msg/local/lib/python3.10/dist-packages:${PYTHONPATH} /usr/bin/cmake --install /home/lucads/intelligent-machine-design-lab/irobot_ws/build/traj_interpolator
