[0.009s] Invoking command in '/home/lucads/intelligent-machine-design-lab/irobot_ws/build/traj_interpolator': CMAKE_PREFIX_PATH=/home/lucads/intelligent-machine-design-lab/irobot_ws/install/custom_msg:/home/lucads/intelligent-machine-design-lab/irobot_ws/install/traj_interpolator:/home/lucads/intelligent-machine-design-lab/irobot_ws/install/irobot_create_ignition_sim:/home/lucads/intelligent-machine-design-lab/irobot_ws/install/irobot_create_ignition_bringup:/home/lucads/intelligent-machine-design-lab/irobot_ws/install/irobot_create_gazebo_sim:/home/lucads/intelligent-machine-design-lab/irobot_ws/install/irobot_create_gazebo_bringup:/home/lucads/intelligent-machine-design-lab/irobot_ws/install/irobot_create_common_bringup:/home/lucads/intelligent-machine-design-lab/irobot_ws/install/irobot_create_nodes:/home/lucads/intelligent-machine-design-lab/irobot_ws/install/irobot_create_ignition_toolbox:/home/lucads/intelligent-machine-design-lab/irobot_ws/install/irobot_create_gazebo_plugins:/home/lucads/intelligent-machine-design-lab/irobot_ws/install/irobot_create_toolbox:/home/lucads/intelligent-machine-design-lab/irobot_ws/install/irobot_create_ignition_plugins:/home/lucads/intelligent-machine-design-lab/irobot_ws/install/irobot_create_description:/home/lucads/intelligent-machine-design-lab/irobot_ws/install/irobot_create_control:/opt/ros/humble LD_LIBRARY_PATH=/home/lucads/intelligent-machine-design-lab/irobot_ws/install/custom_msg/lib:/home/lucads/intelligent-machine-design-lab/irobot_ws/install/irobot_create_nodes/lib:/home/lucads/intelligent-machine-design-lab/irobot_ws/install/irobot_create_ignition_toolbox/lib:/home/lucads/intelligent-machine-design-lab/irobot_ws/install/irobot_create_gazebo_plugins/lib:/home/lucads/intelligent-machine-design-lab/irobot_ws/install/irobot_create_toolbox/lib:/usr/lib/x86_64-linux-gnu/gazebo-11/plugins:/opt/ros/humble/opt/rviz_ogre_vendor/lib:/opt/ros/humble/lib/x86_64-linux-gnu:/opt/ros/humble/lib /usr/bin/cmake --build /home/lucads/intelligent-machine-design-lab/irobot_ws/build/traj_interpolator -- -j12 -l12
[0.046s] [35m[1mConsolidate compiler generated dependencies of target traj_interpolator[0m
[0.059s] [ 50%] [32mBuilding CXX object CMakeFiles/traj_interpolator.dir/src/draw_traj.cpp.o[0m
[2.273s] [01m[K/home/lucads/intelligent-machine-design-lab/irobot_ws/src/traj_interpolator/src/draw_traj.cpp:[m[K In constructor ‘[01m[KInterpolatorNode::InterpolatorNode()[m[K’:
[2.273s] [01m[K/home/lucads/intelligent-machine-design-lab/irobot_ws/src/traj_interpolator/src/draw_traj.cpp:31:159:[m[K [01;31m[Kerror: [m[K‘[01m[K_1[m[K’ was not declared in this scope; did you mean ‘[01m[Kstd::placeholders::_1[m[K’?
[2.273s]    31 |     m_odom_subscription = this->create_subscription<nav_msgs::msg::Odometry>("odom",rclcpp::SensorDataQoS(),std::bind(&InterpolatorNode::odom_callback, this, [01;31m[K_1[m[K));
[2.273s]       |                                                                                                                                                               [01;31m[K^~[m[K
[2.273s]       |                                                                                                                                                               [32m[Kstd::placeholders::_1[m[K
[2.274s] In file included from [01m[K/usr/include/c++/11/pstl/glue_algorithm_defs.h:13[m[K,
[2.274s]                  from [01m[K/usr/include/c++/11/algorithm:74[m[K,
[2.274s]                  from [01m[K/opt/ros/humble/include/rclcpp/rclcpp/executor.hpp:18[m[K,
[2.274s]                  from [01m[K/opt/ros/humble/include/rclcpp/rclcpp/executors/multi_threaded_executor.hpp:25[m[K,
[2.274s]                  from [01m[K/opt/ros/humble/include/rclcpp/rclcpp/executors.hpp:21[m[K,
[2.274s]                  from [01m[K/opt/ros/humble/include/rclcpp/rclcpp/rclcpp.hpp:155[m[K,
[2.274s]                  from [01m[K/home/lucads/intelligent-machine-design-lab/irobot_ws/src/traj_interpolator/src/draw_traj.cpp:1[m[K:
[2.274s] [01m[K/usr/include/c++/11/functional:225:34:[m[K [01;36m[Knote: [m[K‘[01m[Kstd::placeholders::_1[m[K’ declared here
[2.274s]   225 |     extern const _Placeholder<1> [01;36m[K_1[m[K;
[2.274s]       |                                  [01;36m[K^~[m[K
[2.274s] [01m[K/home/lucads/intelligent-machine-design-lab/irobot_ws/src/traj_interpolator/src/draw_traj.cpp:43:19:[m[K [01;31m[Kerror: [m[K‘[01m[Kusing Pose2D = struct geometry_msgs::msg::Pose2D_<std::allocator<void> >[m[K’ {aka ‘[01m[Kstruct geometry_msgs::msg::Pose2D_<std::allocator<void> >[m[K’} has no member named ‘[01m[Kyaw[m[K’
[2.274s]    43 |     current_pose_.[01;31m[Kyaw[m[K = 0.0;
[2.274s]       |                   [01;31m[K^~~[m[K
[2.276s] [01m[K/home/lucads/intelligent-machine-design-lab/irobot_ws/src/traj_interpolator/src/draw_traj.cpp:[m[K In member function ‘[01m[Kgeometry_msgs::msg::Pose2D InterpolatorNode::odom_callback(nav_msgs::msg::Odometry_<std::allocator<void> >::ConstSharedPtr)[m[K’:
[2.276s] [01m[K/home/lucads/intelligent-machine-design-lab/irobot_ws/src/traj_interpolator/src/draw_traj.cpp:58:25:[m[K [01;31m[Kerror: [m[Kexpected initializer before ‘[01m[K.[m[K’ token
[2.276s]    58 |     double current_pose_[01;31m[K.[m[Kx = msg->pose.pose.position.x - reached_pose_.x;
[2.276s]       |                         [01;31m[K^[m[K
[2.276s] [01m[K/home/lucads/intelligent-machine-design-lab/irobot_ws/src/traj_interpolator/src/draw_traj.cpp:59:25:[m[K [01;31m[Kerror: [m[Kexpected initializer before ‘[01m[K.[m[K’ token
[2.276s]    59 |     double current_pose_[01;31m[K.[m[Ky = msg->pose.pose.postion.y - reached_pose_.y;
[2.276s]       |                         [01;31m[K^[m[K
[2.276s] [01m[K/home/lucads/intelligent-machine-design-lab/irobot_ws/src/traj_interpolator/src/draw_traj.cpp:66:41:[m[K [01;31m[Kerror: [m[Kno match for ‘[01m[Koperator=[m[K’ (operand types are ‘[01m[Kgeometry_msgs::msg::Pose2D[m[K’ {aka ‘[01m[Kgeometry_msgs::msg::Pose2D_<std::allocator<void> >[m[K’} and ‘[01m[Kdouble[m[K’)
[2.276s]    66 |     current_pose_ = yaw - reached_pose_.[01;31m[Ktheta[m[K;
[2.276s]       |                                         [01;31m[K^~~~~[m[K
[2.276s] In file included from [01m[K/opt/ros/humble/include/geometry_msgs/geometry_msgs/msg/pose2_d.hpp:7[m[K,
[2.276s]                  from [01m[K/home/lucads/intelligent-machine-design-lab/irobot_ws/src/traj_interpolator/src/draw_traj.cpp:8[m[K:
[2.277s] [01m[K/opt/ros/humble/include/geometry_msgs/geometry_msgs/msg/detail/pose2_d__struct.hpp:32:8:[m[K [01;36m[Knote: [m[Kcandidate: ‘[01m[Kconstexpr geometry_msgs::msg::Pose2D_<std::allocator<void> >& geometry_msgs::msg::Pose2D_<std::allocator<void> >::operator=(const geometry_msgs::msg::Pose2D_<std::allocator<void> >&)[m[K’
[2.277s]    32 | struct [01;36m[KPose2D_[m[K
[2.277s]       |        [01;36m[K^~~~~~~[m[K
[2.277s] [01m[K/opt/ros/humble/include/geometry_msgs/geometry_msgs/msg/detail/pose2_d__struct.hpp:32:8:[m[K [01;36m[Knote: [m[K  no known conversion for argument 1 from ‘[01m[Kdouble[m[K’ to ‘[01m[Kconst geometry_msgs::msg::Pose2D_<std::allocator<void> >&[m[K’
[2.277s] [01m[K/opt/ros/humble/include/geometry_msgs/geometry_msgs/msg/detail/pose2_d__struct.hpp:32:8:[m[K [01;36m[Knote: [m[Kcandidate: ‘[01m[Kconstexpr geometry_msgs::msg::Pose2D_<std::allocator<void> >& geometry_msgs::msg::Pose2D_<std::allocator<void> >::operator=(geometry_msgs::msg::Pose2D_<std::allocator<void> >&&)[m[K’
[2.277s] [01m[K/opt/ros/humble/include/geometry_msgs/geometry_msgs/msg/detail/pose2_d__struct.hpp:32:8:[m[K [01;36m[Knote: [m[K  no known conversion for argument 1 from ‘[01m[Kdouble[m[K’ to ‘[01m[Kgeometry_msgs::msg::Pose2D_<std::allocator<void> >&&[m[K’
[4.447s] [01m[K/home/lucads/intelligent-machine-design-lab/irobot_ws/src/traj_interpolator/src/draw_traj.cpp:[m[K In member function ‘[01m[Kgeometry_msgs::msg::Pose2D InterpolatorNode::targetPoseCallback(custom_msg::msg::Target_<std::allocator<void> >::SharedPtr)[m[K’:
[4.447s] [01m[K/home/lucads/intelligent-machine-design-lab/irobot_ws/src/traj_interpolator/src/draw_traj.cpp:176:3:[m[K [01;35m[Kwarning: [m[Kcontrol reaches end of non-void function [[01;35m[K]8;;https://gcc.gnu.org/onlinedocs/gcc/Warning-Options.html#index-Wreturn-type-Wreturn-type]8;;[m[K]
[4.447s]   176 |   [01;35m[K}[m[K
[4.447s]       |   [01;35m[K^[m[K
[4.672s] gmake[2]: *** [CMakeFiles/traj_interpolator.dir/build.make:76: CMakeFiles/traj_interpolator.dir/src/draw_traj.cpp.o] Error 1
[4.672s] gmake[1]: *** [CMakeFiles/Makefile2:137: CMakeFiles/traj_interpolator.dir/all] Error 2
[4.672s] gmake: *** [Makefile:146: all] Error 2
[4.674s] Invoked command in '/home/lucads/intelligent-machine-design-lab/irobot_ws/build/traj_interpolator' returned '2': CMAKE_PREFIX_PATH=/home/lucads/intelligent-machine-design-lab/irobot_ws/install/custom_msg:/home/lucads/intelligent-machine-design-lab/irobot_ws/install/traj_interpolator:/home/lucads/intelligent-machine-design-lab/irobot_ws/install/irobot_create_ignition_sim:/home/lucads/intelligent-machine-design-lab/irobot_ws/install/irobot_create_ignition_bringup:/home/lucads/intelligent-machine-design-lab/irobot_ws/install/irobot_create_gazebo_sim:/home/lucads/intelligent-machine-design-lab/irobot_ws/install/irobot_create_gazebo_bringup:/home/lucads/intelligent-machine-design-lab/irobot_ws/install/irobot_create_common_bringup:/home/lucads/intelligent-machine-design-lab/irobot_ws/install/irobot_create_nodes:/home/lucads/intelligent-machine-design-lab/irobot_ws/install/irobot_create_ignition_toolbox:/home/lucads/intelligent-machine-design-lab/irobot_ws/install/irobot_create_gazebo_plugins:/home/lucads/intelligent-machine-design-lab/irobot_ws/install/irobot_create_toolbox:/home/lucads/intelligent-machine-design-lab/irobot_ws/install/irobot_create_ignition_plugins:/home/lucads/intelligent-machine-design-lab/irobot_ws/install/irobot_create_description:/home/lucads/intelligent-machine-design-lab/irobot_ws/install/irobot_create_control:/opt/ros/humble LD_LIBRARY_PATH=/home/lucads/intelligent-machine-design-lab/irobot_ws/install/custom_msg/lib:/home/lucads/intelligent-machine-design-lab/irobot_ws/install/irobot_create_nodes/lib:/home/lucads/intelligent-machine-design-lab/irobot_ws/install/irobot_create_ignition_toolbox/lib:/home/lucads/intelligent-machine-design-lab/irobot_ws/install/irobot_create_gazebo_plugins/lib:/home/lucads/intelligent-machine-design-lab/irobot_ws/install/irobot_create_toolbox/lib:/usr/lib/x86_64-linux-gnu/gazebo-11/plugins:/opt/ros/humble/opt/rviz_ogre_vendor/lib:/opt/ros/humble/lib/x86_64-linux-gnu:/opt/ros/humble/lib /usr/bin/cmake --build /home/lucads/intelligent-machine-design-lab/irobot_ws/build/traj_interpolator -- -j12 -l12
