[0.052s] Invoking command in '/home/lucads/intelligent-machine-design-lab/irobot_ws/build/irobot_create_common_bringup': AMENT_PREFIX_PATH=/home/lucads/intelligent-machine-design-lab/irobot_ws/install/irobot_create_nodes:/home/lucads/intelligent-machine-design-lab/irobot_ws/install/irobot_create_toolbox:/home/lucads/intelligent-machine-design-lab/irobot_ws/install/irobot_create_description:/home/lucads/intelligent-machine-design-lab/irobot_ws/install/irobot_create_control:${AMENT_PREFIX_PATH} CMAKE_PREFIX_PATH=/home/lucads/intelligent-machine-design-lab/irobot_ws/install/irobot_create_nodes:/home/lucads/intelligent-machine-design-lab/irobot_ws/install/irobot_create_toolbox:/home/lucads/intelligent-machine-design-lab/irobot_ws/install/irobot_create_description:/home/lucads/intelligent-machine-design-lab/irobot_ws/install/irobot_create_control:/opt/ros/humble LD_LIBRARY_PATH=/home/lucads/intelligent-machine-design-lab/irobot_ws/install/irobot_create_nodes/lib:/home/lucads/intelligent-machine-design-lab/irobot_ws/install/irobot_create_toolbox/lib:${LD_LIBRARY_PATH} /usr/bin/cmake /home/lucads/intelligent-machine-design-lab/irobot_ws/src/create3_sim/irobot_create_common/irobot_create_common_bringup -DAMENT_CMAKE_SYMLINK_INSTALL=1 -DCMAKE_INSTALL_PREFIX=/home/lucads/intelligent-machine-design-lab/irobot_ws/install/irobot_create_common_bringup
[0.187s] -- The C compiler identification is GNU 11.3.0
[0.346s] -- The CXX compiler identification is GNU 11.3.0
[0.371s] -- Detecting C compiler ABI info
[0.599s] -- Detecting C compiler ABI info - done
[0.616s] -- Check for working C compiler: /usr/bin/cc - skipped
[0.617s] -- Detecting C compile features
[0.618s] -- Detecting C compile features - done
[0.635s] -- Detecting CXX compiler ABI info
[1.028s] -- Detecting CXX compiler ABI info - done
[1.046s] -- Check for working CXX compiler: /usr/bin/c++ - skipped
[1.047s] -- Detecting CXX compile features
[1.049s] -- Detecting CXX compile features - done
[1.055s] -- Found ament_cmake: 1.3.4 (/opt/ros/humble/share/ament_cmake/cmake)
[1.464s] -- Found Python3: /usr/bin/python3.10 (found version "3.10.6") found components: Interpreter 
[1.582s] -- Override CMake install command with custom implementation using symlinks instead of copying resources
[1.885s] -- Found ament_lint_auto: 0.12.6 (/opt/ros/humble/share/ament_lint_auto/cmake)
[2.090s] -- Added test 'flake8' to check Python code syntax and style conventions
[2.091s] -- Added test 'lint_cmake' to check CMake code style
[2.092s] -- Added test 'pep257' to check Python code against some of the docstring style conventions in PEP 257
[2.094s] -- Added test 'xmllint' to check XML markup files
[2.097s] -- Configuring done
[2.103s] -- Generating done
[2.105s] -- Build files have been written to: /home/lucads/intelligent-machine-design-lab/irobot_ws/build/irobot_create_common_bringup
[2.115s] Invoked command in '/home/lucads/intelligent-machine-design-lab/irobot_ws/build/irobot_create_common_bringup' returned '0': AMENT_PREFIX_PATH=/home/lucads/intelligent-machine-design-lab/irobot_ws/install/irobot_create_nodes:/home/lucads/intelligent-machine-design-lab/irobot_ws/install/irobot_create_toolbox:/home/lucads/intelligent-machine-design-lab/irobot_ws/install/irobot_create_description:/home/lucads/intelligent-machine-design-lab/irobot_ws/install/irobot_create_control:${AMENT_PREFIX_PATH} CMAKE_PREFIX_PATH=/home/lucads/intelligent-machine-design-lab/irobot_ws/install/irobot_create_nodes:/home/lucads/intelligent-machine-design-lab/irobot_ws/install/irobot_create_toolbox:/home/lucads/intelligent-machine-design-lab/irobot_ws/install/irobot_create_description:/home/lucads/intelligent-machine-design-lab/irobot_ws/install/irobot_create_control:/opt/ros/humble LD_LIBRARY_PATH=/home/lucads/intelligent-machine-design-lab/irobot_ws/install/irobot_create_nodes/lib:/home/lucads/intelligent-machine-design-lab/irobot_ws/install/irobot_create_toolbox/lib:${LD_LIBRARY_PATH} /usr/bin/cmake /home/lucads/intelligent-machine-design-lab/irobot_ws/src/create3_sim/irobot_create_common/irobot_create_common_bringup -DAMENT_CMAKE_SYMLINK_INSTALL=1 -DCMAKE_INSTALL_PREFIX=/home/lucads/intelligent-machine-design-lab/irobot_ws/install/irobot_create_common_bringup
[2.116s] Invoking command in '/home/lucads/intelligent-machine-design-lab/irobot_ws/build/irobot_create_common_bringup': AMENT_PREFIX_PATH=/home/lucads/intelligent-machine-design-lab/irobot_ws/install/irobot_create_nodes:/home/lucads/intelligent-machine-design-lab/irobot_ws/install/irobot_create_toolbox:/home/lucads/intelligent-machine-design-lab/irobot_ws/install/irobot_create_description:/home/lucads/intelligent-machine-design-lab/irobot_ws/install/irobot_create_control:${AMENT_PREFIX_PATH} CMAKE_PREFIX_PATH=/home/lucads/intelligent-machine-design-lab/irobot_ws/install/irobot_create_nodes:/home/lucads/intelligent-machine-design-lab/irobot_ws/install/irobot_create_toolbox:/home/lucads/intelligent-machine-design-lab/irobot_ws/install/irobot_create_description:/home/lucads/intelligent-machine-design-lab/irobot_ws/install/irobot_create_control:/opt/ros/humble LD_LIBRARY_PATH=/home/lucads/intelligent-machine-design-lab/irobot_ws/install/irobot_create_nodes/lib:/home/lucads/intelligent-machine-design-lab/irobot_ws/install/irobot_create_toolbox/lib:${LD_LIBRARY_PATH} /usr/bin/cmake --build /home/lucads/intelligent-machine-design-lab/irobot_ws/build/irobot_create_common_bringup -- -j12 -l12
[2.197s] Built target ament_cmake_python_symlink_irobot_create_common_bringup
[2.774s] running egg_info
[2.775s] creating irobot_create_common_bringup.egg-info
[2.775s] writing irobot_create_common_bringup.egg-info/PKG-INFO
[2.776s] writing dependency_links to irobot_create_common_bringup.egg-info/dependency_links.txt
[2.776s] writing top-level names to irobot_create_common_bringup.egg-info/top_level.txt
[2.777s] writing manifest file 'irobot_create_common_bringup.egg-info/SOURCES.txt'
[2.782s] reading manifest file 'irobot_create_common_bringup.egg-info/SOURCES.txt'
[2.783s] writing manifest file 'irobot_create_common_bringup.egg-info/SOURCES.txt'
[2.839s] Built target ament_cmake_python_build_irobot_create_common_bringup_egg
[2.857s] Invoked command in '/home/lucads/intelligent-machine-design-lab/irobot_ws/build/irobot_create_common_bringup' returned '0': AMENT_PREFIX_PATH=/home/lucads/intelligent-machine-design-lab/irobot_ws/install/irobot_create_nodes:/home/lucads/intelligent-machine-design-lab/irobot_ws/install/irobot_create_toolbox:/home/lucads/intelligent-machine-design-lab/irobot_ws/install/irobot_create_description:/home/lucads/intelligent-machine-design-lab/irobot_ws/install/irobot_create_control:${AMENT_PREFIX_PATH} CMAKE_PREFIX_PATH=/home/lucads/intelligent-machine-design-lab/irobot_ws/install/irobot_create_nodes:/home/lucads/intelligent-machine-design-lab/irobot_ws/install/irobot_create_toolbox:/home/lucads/intelligent-machine-design-lab/irobot_ws/install/irobot_create_description:/home/lucads/intelligent-machine-design-lab/irobot_ws/install/irobot_create_control:/opt/ros/humble LD_LIBRARY_PATH=/home/lucads/intelligent-machine-design-lab/irobot_ws/install/irobot_create_nodes/lib:/home/lucads/intelligent-machine-design-lab/irobot_ws/install/irobot_create_toolbox/lib:${LD_LIBRARY_PATH} /usr/bin/cmake --build /home/lucads/intelligent-machine-design-lab/irobot_ws/build/irobot_create_common_bringup -- -j12 -l12
[2.886s] Invoking command in '/home/lucads/intelligent-machine-design-lab/irobot_ws/build/irobot_create_common_bringup': AMENT_PREFIX_PATH=/home/lucads/intelligent-machine-design-lab/irobot_ws/install/irobot_create_nodes:/home/lucads/intelligent-machine-design-lab/irobot_ws/install/irobot_create_toolbox:/home/lucads/intelligent-machine-design-lab/irobot_ws/install/irobot_create_description:/home/lucads/intelligent-machine-design-lab/irobot_ws/install/irobot_create_control:${AMENT_PREFIX_PATH} CMAKE_PREFIX_PATH=/home/lucads/intelligent-machine-design-lab/irobot_ws/install/irobot_create_nodes:/home/lucads/intelligent-machine-design-lab/irobot_ws/install/irobot_create_toolbox:/home/lucads/intelligent-machine-design-lab/irobot_ws/install/irobot_create_description:/home/lucads/intelligent-machine-design-lab/irobot_ws/install/irobot_create_control:/opt/ros/humble LD_LIBRARY_PATH=/home/lucads/intelligent-machine-design-lab/irobot_ws/install/irobot_create_nodes/lib:/home/lucads/intelligent-machine-design-lab/irobot_ws/install/irobot_create_toolbox/lib:${LD_LIBRARY_PATH} /usr/bin/cmake --install /home/lucads/intelligent-machine-design-lab/irobot_ws/build/irobot_create_common_bringup
[2.896s] -- Install configuration: ""
[2.897s] -- Execute custom install script
[2.898s] -- Symlinking: /home/lucads/intelligent-machine-design-lab/irobot_ws/install/irobot_create_common_bringup/share/irobot_create_common_bringup/config/hazard_vector_params.yaml
[2.911s] -- Symlinking: /home/lucads/intelligent-machine-design-lab/irobot_ws/install/irobot_create_common_bringup/share/irobot_create_common_bringup/config/ir_intensity_vector_params.yaml
[2.924s] -- Symlinking: /home/lucads/intelligent-machine-design-lab/irobot_ws/install/irobot_create_common_bringup/share/irobot_create_common_bringup/config/kidnap_estimator_params.yaml
[2.937s] -- Symlinking: /home/lucads/intelligent-machine-design-lab/irobot_ws/install/irobot_create_common_bringup/share/irobot_create_common_bringup/config/mock_params.yaml
[2.951s] -- Symlinking: /home/lucads/intelligent-machine-design-lab/irobot_ws/install/irobot_create_common_bringup/share/irobot_create_common_bringup/config/robot_state_params.yaml
[2.963s] -- Symlinking: /home/lucads/intelligent-machine-design-lab/irobot_ws/install/irobot_create_common_bringup/share/irobot_create_common_bringup/config/ui_mgr_params.yaml
[2.986s] -- Symlinking: /home/lucads/intelligent-machine-design-lab/irobot_ws/install/irobot_create_common_bringup/share/irobot_create_common_bringup/config/wheel_status_params.yaml
[3.001s] -- Symlinking: /home/lucads/intelligent-machine-design-lab/irobot_ws/install/irobot_create_common_bringup/share/irobot_create_common_bringup/launch/create3_nodes.launch.py
[3.014s] -- Symlinking: /home/lucads/intelligent-machine-design-lab/irobot_ws/install/irobot_create_common_bringup/share/irobot_create_common_bringup/launch/dock_description.launch.py
[3.029s] -- Symlinking: /home/lucads/intelligent-machine-design-lab/irobot_ws/install/irobot_create_common_bringup/share/irobot_create_common_bringup/launch/robot_description.launch.py
[3.045s] -- Symlinking: /home/lucads/intelligent-machine-design-lab/irobot_ws/install/irobot_create_common_bringup/share/irobot_create_common_bringup/launch/rviz2.launch.py
[3.060s] -- Symlinking: /home/lucads/intelligent-machine-design-lab/irobot_ws/install/irobot_create_common_bringup/share/irobot_create_common_bringup/rviz/irobot_create_view.rviz
[3.073s] -- Symlinking: /home/lucads/intelligent-machine-design-lab/irobot_ws/install/irobot_create_common_bringup/share/irobot_create_common_bringup/rviz/irobot_logo.jpg
[3.088s] -- Symlinking: /home/lucads/intelligent-machine-design-lab/irobot_ws/install/irobot_create_common_bringup/share/irobot_create_common_bringup/environment/pythonpath.sh
[3.102s] -- Symlinking: /home/lucads/intelligent-machine-design-lab/irobot_ws/install/irobot_create_common_bringup/share/irobot_create_common_bringup/environment/pythonpath.dsv
[3.118s] -- Symlinking: /home/lucads/intelligent-machine-design-lab/irobot_ws/install/irobot_create_common_bringup/local/lib/python3.10/dist-packages/irobot_create_common_bringup-2.0.0-py3.10.egg-info/PKG-INFO
[3.132s] -- Symlinking: /home/lucads/intelligent-machine-design-lab/irobot_ws/install/irobot_create_common_bringup/local/lib/python3.10/dist-packages/irobot_create_common_bringup-2.0.0-py3.10.egg-info/SOURCES.txt
[3.147s] -- Symlinking: /home/lucads/intelligent-machine-design-lab/irobot_ws/install/irobot_create_common_bringup/local/lib/python3.10/dist-packages/irobot_create_common_bringup-2.0.0-py3.10.egg-info/dependency_links.txt
[3.162s] -- Symlinking: /home/lucads/intelligent-machine-design-lab/irobot_ws/install/irobot_create_common_bringup/local/lib/python3.10/dist-packages/irobot_create_common_bringup-2.0.0-py3.10.egg-info/top_level.txt
[3.177s] -- Symlinking: /home/lucads/intelligent-machine-design-lab/irobot_ws/install/irobot_create_common_bringup/local/lib/python3.10/dist-packages/irobot_create_common_bringup/__init__.py
[3.193s] -- Symlinking: /home/lucads/intelligent-machine-design-lab/irobot_ws/install/irobot_create_common_bringup/local/lib/python3.10/dist-packages/irobot_create_common_bringup/namespace.py
[3.246s] -- Symlinking: /home/lucads/intelligent-machine-design-lab/irobot_ws/install/irobot_create_common_bringup/local/lib/python3.10/dist-packages/irobot_create_common_bringup/offset.py
[3.291s] -- Symlinking: /home/lucads/intelligent-machine-design-lab/irobot_ws/install/irobot_create_common_bringup/share/ament_index/resource_index/package_run_dependencies/irobot_create_common_bringup
[3.323s] -- Symlinking: /home/lucads/intelligent-machine-design-lab/irobot_ws/install/irobot_create_common_bringup/share/ament_index/resource_index/parent_prefix_path/irobot_create_common_bringup
[3.348s] -- Symlinking: /home/lucads/intelligent-machine-design-lab/irobot_ws/install/irobot_create_common_bringup/share/irobot_create_common_bringup/environment/ament_prefix_path.sh
[3.367s] -- Symlinking: /home/lucads/intelligent-machine-design-lab/irobot_ws/install/irobot_create_common_bringup/share/irobot_create_common_bringup/environment/ament_prefix_path.dsv
[3.382s] -- Symlinking: /home/lucads/intelligent-machine-design-lab/irobot_ws/install/irobot_create_common_bringup/share/irobot_create_common_bringup/environment/path.sh
[3.402s] -- Symlinking: /home/lucads/intelligent-machine-design-lab/irobot_ws/install/irobot_create_common_bringup/share/irobot_create_common_bringup/environment/path.dsv
[3.418s] -- Symlinking: /home/lucads/intelligent-machine-design-lab/irobot_ws/install/irobot_create_common_bringup/share/irobot_create_common_bringup/local_setup.bash
[3.443s] -- Symlinking: /home/lucads/intelligent-machine-design-lab/irobot_ws/install/irobot_create_common_bringup/share/irobot_create_common_bringup/local_setup.sh
[3.458s] -- Symlinking: /home/lucads/intelligent-machine-design-lab/irobot_ws/install/irobot_create_common_bringup/share/irobot_create_common_bringup/local_setup.zsh
[3.471s] -- Symlinking: /home/lucads/intelligent-machine-design-lab/irobot_ws/install/irobot_create_common_bringup/share/irobot_create_common_bringup/local_setup.dsv
[3.483s] -- Symlinking: /home/lucads/intelligent-machine-design-lab/irobot_ws/install/irobot_create_common_bringup/share/irobot_create_common_bringup/package.dsv
[3.497s] -- Symlinking: /home/lucads/intelligent-machine-design-lab/irobot_ws/install/irobot_create_common_bringup/share/ament_index/resource_index/packages/irobot_create_common_bringup
[3.510s] -- Symlinking: /home/lucads/intelligent-machine-design-lab/irobot_ws/install/irobot_create_common_bringup/share/irobot_create_common_bringup/cmake/irobot_create_common_bringupConfig.cmake
[3.528s] -- Symlinking: /home/lucads/intelligent-machine-design-lab/irobot_ws/install/irobot_create_common_bringup/share/irobot_create_common_bringup/cmake/irobot_create_common_bringupConfig-version.cmake
[3.542s] -- Symlinking: /home/lucads/intelligent-machine-design-lab/irobot_ws/install/irobot_create_common_bringup/share/irobot_create_common_bringup/package.xml
[3.616s] Listing '/home/lucads/intelligent-machine-design-lab/irobot_ws/install/irobot_create_common_bringup/local/lib/python3.10/dist-packages/irobot_create_common_bringup'...
[3.616s] Compiling '/home/lucads/intelligent-machine-design-lab/irobot_ws/install/irobot_create_common_bringup/local/lib/python3.10/dist-packages/irobot_create_common_bringup/__init__.py'...
[3.617s] Compiling '/home/lucads/intelligent-machine-design-lab/irobot_ws/install/irobot_create_common_bringup/local/lib/python3.10/dist-packages/irobot_create_common_bringup/namespace.py'...
[3.617s] Compiling '/home/lucads/intelligent-machine-design-lab/irobot_ws/install/irobot_create_common_bringup/local/lib/python3.10/dist-packages/irobot_create_common_bringup/offset.py'...
[3.637s] Invoked command in '/home/lucads/intelligent-machine-design-lab/irobot_ws/build/irobot_create_common_bringup' returned '0': AMENT_PREFIX_PATH=/home/lucads/intelligent-machine-design-lab/irobot_ws/install/irobot_create_nodes:/home/lucads/intelligent-machine-design-lab/irobot_ws/install/irobot_create_toolbox:/home/lucads/intelligent-machine-design-lab/irobot_ws/install/irobot_create_description:/home/lucads/intelligent-machine-design-lab/irobot_ws/install/irobot_create_control:${AMENT_PREFIX_PATH} CMAKE_PREFIX_PATH=/home/lucads/intelligent-machine-design-lab/irobot_ws/install/irobot_create_nodes:/home/lucads/intelligent-machine-design-lab/irobot_ws/install/irobot_create_toolbox:/home/lucads/intelligent-machine-design-lab/irobot_ws/install/irobot_create_description:/home/lucads/intelligent-machine-design-lab/irobot_ws/install/irobot_create_control:/opt/ros/humble LD_LIBRARY_PATH=/home/lucads/intelligent-machine-design-lab/irobot_ws/install/irobot_create_nodes/lib:/home/lucads/intelligent-machine-design-lab/irobot_ws/install/irobot_create_toolbox/lib:${LD_LIBRARY_PATH} /usr/bin/cmake --install /home/lucads/intelligent-machine-design-lab/irobot_ws/build/irobot_create_common_bringup
