[0.017s] Invoking command in '/home/lucads/intelligent-machine-design-lab/irobot_ws/build/custom_msgs': CMAKE_PREFIX_PATH=/opt/ros/humble /usr/bin/cmake /home/lucads/intelligent-machine-design-lab/irobot_ws/src/custom_msgs -DAMENT_CMAKE_SYMLINK_INSTALL=1 -DCMAKE_INSTALL_PREFIX=/home/lucads/intelligent-machine-design-lab/irobot_ws/install/custom_msgs
[0.025s] -- Found ament_cmake: 1.3.4 (/opt/ros/humble/share/ament_cmake/cmake)
[0.149s] -- Override CMake install command with custom implementation using symlinks instead of copying resources
[0.161s] -- Found geometry_msgs: 4.2.3 (/opt/ros/humble/share/geometry_msgs/cmake)
[0.193s] -- Found rosidl_generator_c: 3.1.4 (/opt/ros/humble/share/rosidl_generator_c/cmake)
[0.195s] -- Found rosidl_adapter: 3.1.4 (/opt/ros/humble/share/rosidl_adapter/cmake)
[0.202s] -- Found rosidl_generator_cpp: 3.1.4 (/opt/ros/humble/share/rosidl_generator_cpp/cmake)
[0.212s] -- Using all available rosidl_typesupport_c: rosidl_typesupport_fastrtps_c;rosidl_typesupport_introspection_c
[0.233s] -- Using all available rosidl_typesupport_cpp: rosidl_typesupport_fastrtps_cpp;rosidl_typesupport_introspection_cpp
[0.611s] -- Found rosidl_default_generators: 1.2.0 (/opt/ros/humble/share/rosidl_default_generators/cmake)
[1.159s] [31mCMake Error at /opt/ros/humble/share/rosidl_adapter/cmake/rosidl_adapt_interfaces.cmake:59 (message):
[1.159s]   execute_process(/usr/bin/python3.10 -m rosidl_adapter --package-name
[1.159s]   custom_msgs --arguments-file
[1.159s]   /home/lucads/intelligent-machine-design-lab/irobot_ws/build/custom_msgs/rosidl_adapter__arguments__custom_msgs.json
[1.160s]   --output-dir
[1.161s]   /home/lucads/intelligent-machine-design-lab/irobot_ws/build/custom_msgs/rosidl_adapter/custom_msgs
[1.161s]   --output-file
[1.161s]   /home/lucads/intelligent-machine-design-lab/irobot_ws/build/custom_msgs/rosidl_adapter/custom_msgs.idls)
[1.161s]   returned error code 1:
[1.161s] 
[1.161s]   Traceback (most recent call last):
[1.161s] 
[1.161s]     File "/usr/lib/python3.10/runpy.py", line 196, in _run_module_as_main
[1.161s]       return _run_code(code, main_globals, None,
[1.161s]     File "/usr/lib/python3.10/runpy.py", line 86, in _run_code
[1.161s]       exec(code, run_globals)
[1.162s]     File "/opt/ros/humble/local/lib/python3.10/dist-packages/rosidl_adapter/__main__.py", line 19, in <module>
[1.162s]       sys.exit(main())
[1.162s]     File "/opt/ros/humble/local/lib/python3.10/dist-packages/rosidl_adapter/main.py", line 53, in main
[1.162s]       abs_idl_file = convert_to_idl(
[1.162s]     File "/opt/ros/humble/local/lib/python3.10/dist-packages/rosidl_adapter/__init__.py", line 19, in convert_to_idl
[1.162s]       return convert_msg_to_idl(
[1.162s]     File "/opt/ros/humble/local/lib/python3.10/dist-packages/rosidl_adapter/msg/__init__.py", line 28, in convert_msg_to_idl
[1.162s]       msg = parse_message_string(package_name, input_file.stem, content)
[1.162s]     File "/opt/ros/humble/local/lib/python3.10/dist-packages/rosidl_adapter/parser.py", line 544, in parse_message_string
[1.162s]       msg = MessageSpecification(pkg_name, msg_name, fields, constants)
[1.162s]     File "/opt/ros/humble/local/lib/python3.10/dist-packages/rosidl_adapter/parser.py", line 388, in __init__
[1.163s]       self.base_type = BaseType(
[1.163s]     File "/opt/ros/humble/local/lib/python3.10/dist-packages/rosidl_adapter/parser.py", line 205, in __init__
[1.163s]       raise InvalidResourceName(
[1.163s] 
[1.163s]   rosidl_adapter.parser.InvalidResourceName: 'target' is an invalid message
[1.163s]   name.  It should have the pattern '^[A-Z][A-Za-z0-9]*$'
[1.163s] 
[1.163s] Call Stack (most recent call first):
[1.163s]   /opt/ros/humble/share/rosidl_cmake/cmake/rosidl_generate_interfaces.cmake:130 (rosidl_adapt_interfaces)
[1.163s]   CMakeLists.txt:21 (rosidl_generate_interfaces)
[1.163s] 
[1.164s] [0m
[1.170s] -- Configuring incomplete, errors occurred!
[1.170s] See also "/home/lucads/intelligent-machine-design-lab/irobot_ws/build/custom_msgs/CMakeFiles/CMakeOutput.log".
[1.186s] Invoked command in '/home/lucads/intelligent-machine-design-lab/irobot_ws/build/custom_msgs' returned '1': CMAKE_PREFIX_PATH=/opt/ros/humble /usr/bin/cmake /home/lucads/intelligent-machine-design-lab/irobot_ws/src/custom_msgs -DAMENT_CMAKE_SYMLINK_INSTALL=1 -DCMAKE_INSTALL_PREFIX=/home/lucads/intelligent-machine-design-lab/irobot_ws/install/custom_msgs
