[0.009s] Invoking command in '/home/lucads/intelligent-machine-design-lab/irobot_ws/build/irobot_create_common_bringup': AMENT_PREFIX_PATH=/home/lucads/intelligent-machine-design-lab/irobot_ws/install/irobot_create_nodes:/home/lucads/intelligent-machine-design-lab/irobot_ws/install/irobot_create_toolbox:/home/lucads/intelligent-machine-design-lab/irobot_ws/install/irobot_create_description:/home/lucads/intelligent-machine-design-lab/irobot_ws/install/irobot_create_control:${AMENT_PREFIX_PATH} CMAKE_PREFIX_PATH=/home/lucads/intelligent-machine-design-lab/irobot_ws/install/irobot_create_nodes:/home/lucads/intelligent-machine-design-lab/irobot_ws/install/irobot_create_toolbox:/home/lucads/intelligent-machine-design-lab/irobot_ws/install/irobot_create_description:/home/lucads/intelligent-machine-design-lab/irobot_ws/install/irobot_create_control:/opt/ros/humble LD_LIBRARY_PATH=/home/lucads/intelligent-machine-design-lab/irobot_ws/install/irobot_create_nodes/lib:/home/lucads/intelligent-machine-design-lab/irobot_ws/install/irobot_create_toolbox/lib:${LD_LIBRARY_PATH} /usr/bin/cmake --build /home/lucads/intelligent-machine-design-lab/irobot_ws/build/irobot_create_common_bringup -- -j12 -l12
[0.045s] Built target ament_cmake_python_symlink_irobot_create_common_bringup
[0.301s] running egg_info
[0.301s] writing irobot_create_common_bringup.egg-info/PKG-INFO
[0.302s] writing dependency_links to irobot_create_common_bringup.egg-info/dependency_links.txt
[0.302s] writing top-level names to irobot_create_common_bringup.egg-info/top_level.txt
[0.303s] reading manifest file 'irobot_create_common_bringup.egg-info/SOURCES.txt'
[0.304s] writing manifest file 'irobot_create_common_bringup.egg-info/SOURCES.txt'
[0.326s] Built target ament_cmake_python_build_irobot_create_common_bringup_egg
[0.333s] Invoked command in '/home/lucads/intelligent-machine-design-lab/irobot_ws/build/irobot_create_common_bringup' returned '0': AMENT_PREFIX_PATH=/home/lucads/intelligent-machine-design-lab/irobot_ws/install/irobot_create_nodes:/home/lucads/intelligent-machine-design-lab/irobot_ws/install/irobot_create_toolbox:/home/lucads/intelligent-machine-design-lab/irobot_ws/install/irobot_create_description:/home/lucads/intelligent-machine-design-lab/irobot_ws/install/irobot_create_control:${AMENT_PREFIX_PATH} CMAKE_PREFIX_PATH=/home/lucads/intelligent-machine-design-lab/irobot_ws/install/irobot_create_nodes:/home/lucads/intelligent-machine-design-lab/irobot_ws/install/irobot_create_toolbox:/home/lucads/intelligent-machine-design-lab/irobot_ws/install/irobot_create_description:/home/lucads/intelligent-machine-design-lab/irobot_ws/install/irobot_create_control:/opt/ros/humble LD_LIBRARY_PATH=/home/lucads/intelligent-machine-design-lab/irobot_ws/install/irobot_create_nodes/lib:/home/lucads/intelligent-machine-design-lab/irobot_ws/install/irobot_create_toolbox/lib:${LD_LIBRARY_PATH} /usr/bin/cmake --build /home/lucads/intelligent-machine-design-lab/irobot_ws/build/irobot_create_common_bringup -- -j12 -l12
[0.348s] Invoking command in '/home/lucads/intelligent-machine-design-lab/irobot_ws/build/irobot_create_common_bringup': AMENT_PREFIX_PATH=/home/lucads/intelligent-machine-design-lab/irobot_ws/install/irobot_create_nodes:/home/lucads/intelligent-machine-design-lab/irobot_ws/install/irobot_create_toolbox:/home/lucads/intelligent-machine-design-lab/irobot_ws/install/irobot_create_description:/home/lucads/intelligent-machine-design-lab/irobot_ws/install/irobot_create_control:${AMENT_PREFIX_PATH} CMAKE_PREFIX_PATH=/home/lucads/intelligent-machine-design-lab/irobot_ws/install/irobot_create_nodes:/home/lucads/intelligent-machine-design-lab/irobot_ws/install/irobot_create_toolbox:/home/lucads/intelligent-machine-design-lab/irobot_ws/install/irobot_create_description:/home/lucads/intelligent-machine-design-lab/irobot_ws/install/irobot_create_control:/opt/ros/humble LD_LIBRARY_PATH=/home/lucads/intelligent-machine-design-lab/irobot_ws/install/irobot_create_nodes/lib:/home/lucads/intelligent-machine-design-lab/irobot_ws/install/irobot_create_toolbox/lib:${LD_LIBRARY_PATH} /usr/bin/cmake --install /home/lucads/intelligent-machine-design-lab/irobot_ws/build/irobot_create_common_bringup
[0.354s] -- Install configuration: ""
[0.354s] -- Execute custom install script
[0.354s] -- Up-to-date symlink: /home/lucads/intelligent-machine-design-lab/irobot_ws/install/irobot_create_common_bringup/share/irobot_create_common_bringup/config/hazard_vector_params.yaml
[0.355s] -- Up-to-date symlink: /home/lucads/intelligent-machine-design-lab/irobot_ws/install/irobot_create_common_bringup/share/irobot_create_common_bringup/config/ir_intensity_vector_params.yaml
[0.355s] -- Up-to-date symlink: /home/lucads/intelligent-machine-design-lab/irobot_ws/install/irobot_create_common_bringup/share/irobot_create_common_bringup/config/kidnap_estimator_params.yaml
[0.355s] -- Up-to-date symlink: /home/lucads/intelligent-machine-design-lab/irobot_ws/install/irobot_create_common_bringup/share/irobot_create_common_bringup/config/mock_params.yaml
[0.355s] -- Up-to-date symlink: /home/lucads/intelligent-machine-design-lab/irobot_ws/install/irobot_create_common_bringup/share/irobot_create_common_bringup/config/robot_state_params.yaml
[0.355s] -- Up-to-date symlink: /home/lucads/intelligent-machine-design-lab/irobot_ws/install/irobot_create_common_bringup/share/irobot_create_common_bringup/config/ui_mgr_params.yaml
[0.355s] -- Up-to-date symlink: /home/lucads/intelligent-machine-design-lab/irobot_ws/install/irobot_create_common_bringup/share/irobot_create_common_bringup/config/wheel_status_params.yaml
[0.355s] -- Up-to-date symlink: /home/lucads/intelligent-machine-design-lab/irobot_ws/install/irobot_create_common_bringup/share/irobot_create_common_bringup/launch/create3_nodes.launch.py
[0.355s] -- Up-to-date symlink: /home/lucads/intelligent-machine-design-lab/irobot_ws/install/irobot_create_common_bringup/share/irobot_create_common_bringup/launch/dock_description.launch.py
[0.355s] -- Up-to-date symlink: /home/lucads/intelligent-machine-design-lab/irobot_ws/install/irobot_create_common_bringup/share/irobot_create_common_bringup/launch/robot_description.launch.py
[0.355s] -- Up-to-date symlink: /home/lucads/intelligent-machine-design-lab/irobot_ws/install/irobot_create_common_bringup/share/irobot_create_common_bringup/launch/rviz2.launch.py
[0.356s] -- Up-to-date symlink: /home/lucads/intelligent-machine-design-lab/irobot_ws/install/irobot_create_common_bringup/share/irobot_create_common_bringup/rviz/irobot_create_view.rviz
[0.356s] -- Up-to-date symlink: /home/lucads/intelligent-machine-design-lab/irobot_ws/install/irobot_create_common_bringup/share/irobot_create_common_bringup/rviz/irobot_logo.jpg
[0.356s] -- Up-to-date symlink: /home/lucads/intelligent-machine-design-lab/irobot_ws/install/irobot_create_common_bringup/share/irobot_create_common_bringup/environment/pythonpath.sh
[0.356s] -- Up-to-date symlink: /home/lucads/intelligent-machine-design-lab/irobot_ws/install/irobot_create_common_bringup/share/irobot_create_common_bringup/environment/pythonpath.dsv
[0.356s] -- Up-to-date symlink: /home/lucads/intelligent-machine-design-lab/irobot_ws/install/irobot_create_common_bringup/local/lib/python3.10/dist-packages/irobot_create_common_bringup-2.0.0-py3.10.egg-info/PKG-INFO
[0.356s] -- Up-to-date symlink: /home/lucads/intelligent-machine-design-lab/irobot_ws/install/irobot_create_common_bringup/local/lib/python3.10/dist-packages/irobot_create_common_bringup-2.0.0-py3.10.egg-info/SOURCES.txt
[0.356s] -- Up-to-date symlink: /home/lucads/intelligent-machine-design-lab/irobot_ws/install/irobot_create_common_bringup/local/lib/python3.10/dist-packages/irobot_create_common_bringup-2.0.0-py3.10.egg-info/dependency_links.txt
[0.356s] -- Up-to-date symlink: /home/lucads/intelligent-machine-design-lab/irobot_ws/install/irobot_create_common_bringup/local/lib/python3.10/dist-packages/irobot_create_common_bringup-2.0.0-py3.10.egg-info/top_level.txt
[0.357s] -- Up-to-date symlink: /home/lucads/intelligent-machine-design-lab/irobot_ws/install/irobot_create_common_bringup/local/lib/python3.10/dist-packages/irobot_create_common_bringup/__init__.py
[0.357s] -- Up-to-date symlink: /home/lucads/intelligent-machine-design-lab/irobot_ws/install/irobot_create_common_bringup/local/lib/python3.10/dist-packages/irobot_create_common_bringup/namespace.py
[0.357s] -- Up-to-date symlink: /home/lucads/intelligent-machine-design-lab/irobot_ws/install/irobot_create_common_bringup/local/lib/python3.10/dist-packages/irobot_create_common_bringup/offset.py
[0.357s] -- Up-to-date symlink: /home/lucads/intelligent-machine-design-lab/irobot_ws/install/irobot_create_common_bringup/share/ament_index/resource_index/package_run_dependencies/irobot_create_common_bringup
[0.357s] -- Up-to-date symlink: /home/lucads/intelligent-machine-design-lab/irobot_ws/install/irobot_create_common_bringup/share/ament_index/resource_index/parent_prefix_path/irobot_create_common_bringup
[0.357s] -- Up-to-date symlink: /home/lucads/intelligent-machine-design-lab/irobot_ws/install/irobot_create_common_bringup/share/irobot_create_common_bringup/environment/ament_prefix_path.sh
[0.357s] -- Up-to-date symlink: /home/lucads/intelligent-machine-design-lab/irobot_ws/install/irobot_create_common_bringup/share/irobot_create_common_bringup/environment/ament_prefix_path.dsv
[0.357s] -- Up-to-date symlink: /home/lucads/intelligent-machine-design-lab/irobot_ws/install/irobot_create_common_bringup/share/irobot_create_common_bringup/environment/path.sh
[0.358s] -- Up-to-date symlink: /home/lucads/intelligent-machine-design-lab/irobot_ws/install/irobot_create_common_bringup/share/irobot_create_common_bringup/environment/path.dsv
[0.358s] -- Up-to-date symlink: /home/lucads/intelligent-machine-design-lab/irobot_ws/install/irobot_create_common_bringup/share/irobot_create_common_bringup/local_setup.bash
[0.358s] -- Up-to-date symlink: /home/lucads/intelligent-machine-design-lab/irobot_ws/install/irobot_create_common_bringup/share/irobot_create_common_bringup/local_setup.sh
[0.358s] -- Up-to-date symlink: /home/lucads/intelligent-machine-design-lab/irobot_ws/install/irobot_create_common_bringup/share/irobot_create_common_bringup/local_setup.zsh
[0.358s] -- Up-to-date symlink: /home/lucads/intelligent-machine-design-lab/irobot_ws/install/irobot_create_common_bringup/share/irobot_create_common_bringup/local_setup.dsv
[0.358s] -- Symlinking: /home/lucads/intelligent-machine-design-lab/irobot_ws/install/irobot_create_common_bringup/share/irobot_create_common_bringup/package.dsv
[0.364s] -- Up-to-date symlink: /home/lucads/intelligent-machine-design-lab/irobot_ws/install/irobot_create_common_bringup/share/ament_index/resource_index/packages/irobot_create_common_bringup
[0.364s] -- Up-to-date symlink: /home/lucads/intelligent-machine-design-lab/irobot_ws/install/irobot_create_common_bringup/share/irobot_create_common_bringup/cmake/irobot_create_common_bringupConfig.cmake
[0.364s] -- Up-to-date symlink: /home/lucads/intelligent-machine-design-lab/irobot_ws/install/irobot_create_common_bringup/share/irobot_create_common_bringup/cmake/irobot_create_common_bringupConfig-version.cmake
[0.365s] -- Up-to-date symlink: /home/lucads/intelligent-machine-design-lab/irobot_ws/install/irobot_create_common_bringup/share/irobot_create_common_bringup/package.xml
[0.389s] Listing '/home/lucads/intelligent-machine-design-lab/irobot_ws/install/irobot_create_common_bringup/local/lib/python3.10/dist-packages/irobot_create_common_bringup'...
[0.394s] Invoked command in '/home/lucads/intelligent-machine-design-lab/irobot_ws/build/irobot_create_common_bringup' returned '0': AMENT_PREFIX_PATH=/home/lucads/intelligent-machine-design-lab/irobot_ws/install/irobot_create_nodes:/home/lucads/intelligent-machine-design-lab/irobot_ws/install/irobot_create_toolbox:/home/lucads/intelligent-machine-design-lab/irobot_ws/install/irobot_create_description:/home/lucads/intelligent-machine-design-lab/irobot_ws/install/irobot_create_control:${AMENT_PREFIX_PATH} CMAKE_PREFIX_PATH=/home/lucads/intelligent-machine-design-lab/irobot_ws/install/irobot_create_nodes:/home/lucads/intelligent-machine-design-lab/irobot_ws/install/irobot_create_toolbox:/home/lucads/intelligent-machine-design-lab/irobot_ws/install/irobot_create_description:/home/lucads/intelligent-machine-design-lab/irobot_ws/install/irobot_create_control:/opt/ros/humble LD_LIBRARY_PATH=/home/lucads/intelligent-machine-design-lab/irobot_ws/install/irobot_create_nodes/lib:/home/lucads/intelligent-machine-design-lab/irobot_ws/install/irobot_create_toolbox/lib:${LD_LIBRARY_PATH} /usr/bin/cmake --install /home/lucads/intelligent-machine-design-lab/irobot_ws/build/irobot_create_common_bringup
