[0.006s] Invoking command in '/home/lucads/intelligent-machine-design-lab/irobot_ws/build/traj_interpolator_closedloop': AMENT_PREFIX_PATH=/home/lucads/intelligent-machine-design-lab/irobot_ws/install/custom_msg:${AMENT_PREFIX_PATH} CMAKE_PREFIX_PATH=/home/lucads/intelligent-machine-design-lab/irobot_ws/install/custom_msg:/opt/ros/humble LD_LIBRARY_PATH=/home/lucads/intelligent-machine-design-lab/irobot_ws/install/custom_msg/lib:${LD_LIBRARY_PATH} PYTHONPATH=/home/lucads/intelligent-machine-design-lab/irobot_ws/install/custom_msg/local/lib/python3.10/dist-packages:${PYTHONPATH} /usr/bin/cmake /home/lucads/intelligent-machine-design-lab/irobot_ws/src/traj_interpolator_closedloop -DAMENT_CMAKE_SYMLINK_INSTALL=1 -DCMAKE_INSTALL_PREFIX=/home/lucads/intelligent-machine-design-lab/irobot_ws/install/traj_interpolator_closedloop
[0.046s] -- The C compiler identification is GNU 11.3.0
[0.092s] -- The CXX compiler identification is GNU 11.3.0
[0.097s] -- Detecting C compiler ABI info
[0.144s] -- Detecting C compiler ABI info - done
[0.151s] -- Check for working C compiler: /usr/bin/cc - skipped
[0.152s] -- Detecting C compile features
[0.152s] -- Detecting C compile features - done
[0.154s] -- Detecting CXX compiler ABI info
[0.211s] -- Detecting CXX compiler ABI info - done
[0.218s] -- Check for working CXX compiler: /usr/bin/c++ - skipped
[0.219s] -- Detecting CXX compile features
[0.219s] -- Detecting CXX compile features - done
[0.221s] -- Found ament_cmake: 1.3.4 (/opt/ros/humble/share/ament_cmake/cmake)
[0.367s] -- Found Python3: /usr/bin/python3.10 (found version "3.10.6") found components: Interpreter 
[0.424s] -- Override CMake install command with custom implementation using symlinks instead of copying resources
[0.444s] -- Found rclcpp: 16.0.4 (/opt/ros/humble/share/rclcpp/cmake)
[0.481s] -- Found rosidl_generator_c: 3.1.4 (/opt/ros/humble/share/rosidl_generator_c/cmake)
[0.486s] -- Found rosidl_adapter: 3.1.4 (/opt/ros/humble/share/rosidl_adapter/cmake)
[0.493s] -- Found rosidl_generator_cpp: 3.1.4 (/opt/ros/humble/share/rosidl_generator_cpp/cmake)
[0.506s] -- Using all available rosidl_typesupport_c: rosidl_typesupport_fastrtps_c;rosidl_typesupport_introspection_c
[0.523s] -- Using all available rosidl_typesupport_cpp: rosidl_typesupport_fastrtps_cpp;rosidl_typesupport_introspection_cpp
[0.591s] -- Found rmw_implementation_cmake: 6.1.1 (/opt/ros/humble/share/rmw_implementation_cmake/cmake)
[0.593s] -- Found rmw_fastrtps_cpp: 6.2.2 (/opt/ros/humble/share/rmw_fastrtps_cpp/cmake)
[0.668s] -- Found OpenSSL: /usr/lib/x86_64-linux-gnu/libcrypto.so (found version "3.0.2")  
[0.693s] -- Found FastRTPS: /opt/ros/humble/include  
[0.737s] -- Using RMW implementation 'rmw_fastrtps_cpp' as default
[0.744s] -- Looking for pthread.h
[0.794s] -- Looking for pthread.h - found
[0.795s] -- Performing Test CMAKE_HAVE_LIBC_PTHREAD
[0.847s] -- Performing Test CMAKE_HAVE_LIBC_PTHREAD - Success
[0.848s] -- Found Threads: TRUE  
[1.003s] -- Found irobot_create_msgs: 2.1.0 (/opt/ros/humble/share/irobot_create_msgs/cmake)
[1.237s] -- Found custom_msg: 0.0.0 (/home/lucads/intelligent-machine-design-lab/irobot_ws/install/custom_msg/share/custom_msg/cmake)
[1.291s] -- Found nav_msgs: 4.2.3 (/opt/ros/humble/share/nav_msgs/cmake)
[1.368s] -- Found rclcpp_action: 16.0.4 (/opt/ros/humble/share/rclcpp_action/cmake)
[1.396s] -- Found tf2_geometry_msgs: 0.25.2 (/opt/ros/humble/share/tf2_geometry_msgs/cmake)
[1.409s] -- Found eigen3_cmake_module: 0.1.1 (/opt/ros/humble/share/eigen3_cmake_module/cmake)
[1.410s] -- Found Eigen3: TRUE (found version "3.4.0") 
[1.410s] -- Ensuring Eigen3 include directory is part of orocos-kdl CMake target
[1.683s] -- Found ament_lint_auto: 0.12.6 (/opt/ros/humble/share/ament_lint_auto/cmake)
[1.757s] -- Added test 'cppcheck' to perform static code analysis on C / C++ code
[1.757s] -- Configured cppcheck include dirs: 
[1.757s] -- Configured cppcheck exclude dirs and/or files: 
[1.758s] -- Added test 'lint_cmake' to check CMake code style
[1.759s] -- Added test 'uncrustify' to check C / C++ code style
[1.759s] -- Configured uncrustify additional arguments: 
[1.759s] -- Added test 'xmllint' to check XML markup files
[1.762s] -- Configuring done
[1.772s] -- Generating done
[1.773s] -- Build files have been written to: /home/lucads/intelligent-machine-design-lab/irobot_ws/build/traj_interpolator_closedloop
[1.782s] Invoked command in '/home/lucads/intelligent-machine-design-lab/irobot_ws/build/traj_interpolator_closedloop' returned '0': AMENT_PREFIX_PATH=/home/lucads/intelligent-machine-design-lab/irobot_ws/install/custom_msg:${AMENT_PREFIX_PATH} CMAKE_PREFIX_PATH=/home/lucads/intelligent-machine-design-lab/irobot_ws/install/custom_msg:/opt/ros/humble LD_LIBRARY_PATH=/home/lucads/intelligent-machine-design-lab/irobot_ws/install/custom_msg/lib:${LD_LIBRARY_PATH} PYTHONPATH=/home/lucads/intelligent-machine-design-lab/irobot_ws/install/custom_msg/local/lib/python3.10/dist-packages:${PYTHONPATH} /usr/bin/cmake /home/lucads/intelligent-machine-design-lab/irobot_ws/src/traj_interpolator_closedloop -DAMENT_CMAKE_SYMLINK_INSTALL=1 -DCMAKE_INSTALL_PREFIX=/home/lucads/intelligent-machine-design-lab/irobot_ws/install/traj_interpolator_closedloop
[1.783s] Invoking command in '/home/lucads/intelligent-machine-design-lab/irobot_ws/build/traj_interpolator_closedloop': AMENT_PREFIX_PATH=/home/lucads/intelligent-machine-design-lab/irobot_ws/install/custom_msg:${AMENT_PREFIX_PATH} CMAKE_PREFIX_PATH=/home/lucads/intelligent-machine-design-lab/irobot_ws/install/custom_msg:/opt/ros/humble LD_LIBRARY_PATH=/home/lucads/intelligent-machine-design-lab/irobot_ws/install/custom_msg/lib:${LD_LIBRARY_PATH} PYTHONPATH=/home/lucads/intelligent-machine-design-lab/irobot_ws/install/custom_msg/local/lib/python3.10/dist-packages:${PYTHONPATH} /usr/bin/cmake --build /home/lucads/intelligent-machine-design-lab/irobot_ws/build/traj_interpolator_closedloop -- -j12 -l12
[1.817s] [ 50%] [32mBuilding CXX object CMakeFiles/traj_interpolator.dir/src/draw_traj.cpp.o[0m
[12.588s] [100%] [32m[1mLinking CXX executable traj_interpolator[0m
[13.158s] [100%] Built target traj_interpolator
[13.172s] Invoked command in '/home/lucads/intelligent-machine-design-lab/irobot_ws/build/traj_interpolator_closedloop' returned '0': AMENT_PREFIX_PATH=/home/lucads/intelligent-machine-design-lab/irobot_ws/install/custom_msg:${AMENT_PREFIX_PATH} CMAKE_PREFIX_PATH=/home/lucads/intelligent-machine-design-lab/irobot_ws/install/custom_msg:/opt/ros/humble LD_LIBRARY_PATH=/home/lucads/intelligent-machine-design-lab/irobot_ws/install/custom_msg/lib:${LD_LIBRARY_PATH} PYTHONPATH=/home/lucads/intelligent-machine-design-lab/irobot_ws/install/custom_msg/local/lib/python3.10/dist-packages:${PYTHONPATH} /usr/bin/cmake --build /home/lucads/intelligent-machine-design-lab/irobot_ws/build/traj_interpolator_closedloop -- -j12 -l12
[13.189s] Invoking command in '/home/lucads/intelligent-machine-design-lab/irobot_ws/build/traj_interpolator_closedloop': AMENT_PREFIX_PATH=/home/lucads/intelligent-machine-design-lab/irobot_ws/install/custom_msg:${AMENT_PREFIX_PATH} CMAKE_PREFIX_PATH=/home/lucads/intelligent-machine-design-lab/irobot_ws/install/custom_msg:/opt/ros/humble LD_LIBRARY_PATH=/home/lucads/intelligent-machine-design-lab/irobot_ws/install/custom_msg/lib:${LD_LIBRARY_PATH} PYTHONPATH=/home/lucads/intelligent-machine-design-lab/irobot_ws/install/custom_msg/local/lib/python3.10/dist-packages:${PYTHONPATH} /usr/bin/cmake --install /home/lucads/intelligent-machine-design-lab/irobot_ws/build/traj_interpolator_closedloop
[13.195s] -- Install configuration: ""
[13.195s] -- Execute custom install script
[13.195s] -- Symlinking: /home/lucads/intelligent-machine-design-lab/irobot_ws/install/traj_interpolator_closedloop/lib/traj_interpolator_closedloop/traj_interpolator
[13.202s] -- Symlinking: /home/lucads/intelligent-machine-design-lab/irobot_ws/install/traj_interpolator_closedloop/share/ament_index/resource_index/package_run_dependencies/traj_interpolator_closedloop
[13.208s] -- Symlinking: /home/lucads/intelligent-machine-design-lab/irobot_ws/install/traj_interpolator_closedloop/share/ament_index/resource_index/parent_prefix_path/traj_interpolator_closedloop
[13.213s] -- Symlinking: /home/lucads/intelligent-machine-design-lab/irobot_ws/install/traj_interpolator_closedloop/share/traj_interpolator_closedloop/environment/ament_prefix_path.sh
[13.220s] -- Symlinking: /home/lucads/intelligent-machine-design-lab/irobot_ws/install/traj_interpolator_closedloop/share/traj_interpolator_closedloop/environment/ament_prefix_path.dsv
[13.226s] -- Symlinking: /home/lucads/intelligent-machine-design-lab/irobot_ws/install/traj_interpolator_closedloop/share/traj_interpolator_closedloop/environment/path.sh
[13.232s] -- Symlinking: /home/lucads/intelligent-machine-design-lab/irobot_ws/install/traj_interpolator_closedloop/share/traj_interpolator_closedloop/environment/path.dsv
[13.238s] -- Symlinking: /home/lucads/intelligent-machine-design-lab/irobot_ws/install/traj_interpolator_closedloop/share/traj_interpolator_closedloop/local_setup.bash
[13.244s] -- Symlinking: /home/lucads/intelligent-machine-design-lab/irobot_ws/install/traj_interpolator_closedloop/share/traj_interpolator_closedloop/local_setup.sh
[13.250s] -- Symlinking: /home/lucads/intelligent-machine-design-lab/irobot_ws/install/traj_interpolator_closedloop/share/traj_interpolator_closedloop/local_setup.zsh
[13.256s] -- Symlinking: /home/lucads/intelligent-machine-design-lab/irobot_ws/install/traj_interpolator_closedloop/share/traj_interpolator_closedloop/local_setup.dsv
[13.262s] -- Symlinking: /home/lucads/intelligent-machine-design-lab/irobot_ws/install/traj_interpolator_closedloop/share/traj_interpolator_closedloop/package.dsv
[13.268s] -- Symlinking: /home/lucads/intelligent-machine-design-lab/irobot_ws/install/traj_interpolator_closedloop/share/ament_index/resource_index/packages/traj_interpolator_closedloop
[13.274s] -- Symlinking: /home/lucads/intelligent-machine-design-lab/irobot_ws/install/traj_interpolator_closedloop/share/traj_interpolator_closedloop/cmake/ament_cmake_export_include_directories-extras.cmake
[13.280s] -- Symlinking: /home/lucads/intelligent-machine-design-lab/irobot_ws/install/traj_interpolator_closedloop/share/traj_interpolator_closedloop/cmake/ament_cmake_export_dependencies-extras.cmake
[13.286s] -- Symlinking: /home/lucads/intelligent-machine-design-lab/irobot_ws/install/traj_interpolator_closedloop/share/traj_interpolator_closedloop/cmake/traj_interpolator_closedloopConfig.cmake
[13.291s] -- Symlinking: /home/lucads/intelligent-machine-design-lab/irobot_ws/install/traj_interpolator_closedloop/share/traj_interpolator_closedloop/cmake/traj_interpolator_closedloopConfig-version.cmake
[13.298s] -- Symlinking: /home/lucads/intelligent-machine-design-lab/irobot_ws/install/traj_interpolator_closedloop/share/traj_interpolator_closedloop/package.xml
[13.307s] Invoked command in '/home/lucads/intelligent-machine-design-lab/irobot_ws/build/traj_interpolator_closedloop' returned '0': AMENT_PREFIX_PATH=/home/lucads/intelligent-machine-design-lab/irobot_ws/install/custom_msg:${AMENT_PREFIX_PATH} CMAKE_PREFIX_PATH=/home/lucads/intelligent-machine-design-lab/irobot_ws/install/custom_msg:/opt/ros/humble LD_LIBRARY_PATH=/home/lucads/intelligent-machine-design-lab/irobot_ws/install/custom_msg/lib:${LD_LIBRARY_PATH} PYTHONPATH=/home/lucads/intelligent-machine-design-lab/irobot_ws/install/custom_msg/local/lib/python3.10/dist-packages:${PYTHONPATH} /usr/bin/cmake --install /home/lucads/intelligent-machine-design-lab/irobot_ws/build/traj_interpolator_closedloop
