[0.099s] Invoking command in '/home/lucads/intelligent-machine-design-lab/irobot_ws/build/irobot_create_ignition_plugins': CMAKE_PREFIX_PATH=${CMAKE_PREFIX_PATH}:/opt/ros/humble /usr/bin/cmake --build /home/lucads/intelligent-machine-design-lab/irobot_ws/build/irobot_create_ignition_plugins -- -j12 -l12
[0.296s] [ 16%] [34m[1mAutomatic MOC for target Create3Hmi[0m
[0.365s] [ 16%] Built target Create3Hmi_autogen
[0.455s] [100%] Built target Create3Hmi
[0.583s] Invoked command in '/home/lucads/intelligent-machine-design-lab/irobot_ws/build/irobot_create_ignition_plugins' returned '0': CMAKE_PREFIX_PATH=${CMAKE_PREFIX_PATH}:/opt/ros/humble /usr/bin/cmake --build /home/lucads/intelligent-machine-design-lab/irobot_ws/build/irobot_create_ignition_plugins -- -j12 -l12
[0.690s] Invoking command in '/home/lucads/intelligent-machine-design-lab/irobot_ws/build/irobot_create_ignition_plugins': CMAKE_PREFIX_PATH=${CMAKE_PREFIX_PATH}:/opt/ros/humble /usr/bin/cmake --install /home/lucads/intelligent-machine-design-lab/irobot_ws/build/irobot_create_ignition_plugins
[0.719s] -- Install configuration: ""
[0.722s] -- Execute custom install script
[0.722s] -- Up-to-date symlink: /home/lucads/intelligent-machine-design-lab/irobot_ws/install/irobot_create_ignition_plugins/share/irobot_create_ignition_plugins/lib/libCreate3Hmi.so
[0.724s] -- Up-to-date symlink: /home/lucads/intelligent-machine-design-lab/irobot_ws/install/irobot_create_ignition_plugins/share/ament_index/resource_index/package_run_dependencies/irobot_create_ignition_plugins
[0.724s] -- Up-to-date symlink: /home/lucads/intelligent-machine-design-lab/irobot_ws/install/irobot_create_ignition_plugins/share/ament_index/resource_index/parent_prefix_path/irobot_create_ignition_plugins
[0.724s] -- Up-to-date symlink: /home/lucads/intelligent-machine-design-lab/irobot_ws/install/irobot_create_ignition_plugins/share/irobot_create_ignition_plugins/environment/ament_prefix_path.sh
[0.725s] -- Up-to-date symlink: /home/lucads/intelligent-machine-design-lab/irobot_ws/install/irobot_create_ignition_plugins/share/irobot_create_ignition_plugins/environment/ament_prefix_path.dsv
[0.725s] -- Up-to-date symlink: /home/lucads/intelligent-machine-design-lab/irobot_ws/install/irobot_create_ignition_plugins/share/irobot_create_ignition_plugins/environment/path.sh
[0.725s] -- Up-to-date symlink: /home/lucads/intelligent-machine-design-lab/irobot_ws/install/irobot_create_ignition_plugins/share/irobot_create_ignition_plugins/environment/path.dsv
[0.725s] -- Up-to-date symlink: /home/lucads/intelligent-machine-design-lab/irobot_ws/install/irobot_create_ignition_plugins/share/irobot_create_ignition_plugins/local_setup.bash
[0.726s] -- Up-to-date symlink: /home/lucads/intelligent-machine-design-lab/irobot_ws/install/irobot_create_ignition_plugins/share/irobot_create_ignition_plugins/local_setup.sh
[0.726s] -- Up-to-date symlink: /home/lucads/intelligent-machine-design-lab/irobot_ws/install/irobot_create_ignition_plugins/share/irobot_create_ignition_plugins/local_setup.zsh
[0.726s] -- Up-to-date symlink: /home/lucads/intelligent-machine-design-lab/irobot_ws/install/irobot_create_ignition_plugins/share/irobot_create_ignition_plugins/local_setup.dsv
[0.727s] -- Symlinking: /home/lucads/intelligent-machine-design-lab/irobot_ws/install/irobot_create_ignition_plugins/share/irobot_create_ignition_plugins/package.dsv
[0.746s] -- Up-to-date symlink: /home/lucads/intelligent-machine-design-lab/irobot_ws/install/irobot_create_ignition_plugins/share/ament_index/resource_index/packages/irobot_create_ignition_plugins
[0.746s] -- Up-to-date symlink: /home/lucads/intelligent-machine-design-lab/irobot_ws/install/irobot_create_ignition_plugins/share/irobot_create_ignition_plugins/cmake/irobot_create_ignition_pluginsConfig.cmake
[0.746s] -- Up-to-date symlink: /home/lucads/intelligent-machine-design-lab/irobot_ws/install/irobot_create_ignition_plugins/share/irobot_create_ignition_plugins/cmake/irobot_create_ignition_pluginsConfig-version.cmake
[0.747s] -- Up-to-date symlink: /home/lucads/intelligent-machine-design-lab/irobot_ws/install/irobot_create_ignition_plugins/share/irobot_create_ignition_plugins/package.xml
[0.843s] Invoked command in '/home/lucads/intelligent-machine-design-lab/irobot_ws/build/irobot_create_ignition_plugins' returned '0': CMAKE_PREFIX_PATH=${CMAKE_PREFIX_PATH}:/opt/ros/humble /usr/bin/cmake --install /home/lucads/intelligent-machine-design-lab/irobot_ws/build/irobot_create_ignition_plugins
