[0.030s] Invoking command in '/home/lucads/intelligent-machine-design-lab/irobot_ws/build/irobot_create_ignition_toolbox': AMENT_PREFIX_PATH=/home/lucads/intelligent-machine-design-lab/irobot_ws/install/irobot_create_toolbox:${AMENT_PREFIX_PATH} CMAKE_PREFIX_PATH=/home/lucads/intelligent-machine-design-lab/irobot_ws/install/irobot_create_toolbox:/opt/ros/humble LD_LIBRARY_PATH=/home/lucads/intelligent-machine-design-lab/irobot_ws/install/irobot_create_toolbox/lib:${LD_LIBRARY_PATH} /usr/bin/cmake --build /home/lucads/intelligent-machine-design-lab/irobot_ws/build/irobot_create_ignition_toolbox -- -j12 -l12
[0.076s] [  5%] [32mBuilding CXX object CMakeFiles/irobot_create_ignition_pose_republisher_lib.dir/src/pose_republisher/pose_republisher_node.cpp.o[0m
[0.079s] [ 11%] [32mBuilding CXX object CMakeFiles/irobot_create_ignition_sensors_lib.dir/src/sensors/sensors_node.cpp.o[0m
[0.082s] [ 16%] [32mBuilding CXX object CMakeFiles/irobot_create_ignition_interface_buttons_lib.dir/src/interface_buttons/interface_buttons_node.cpp.o[0m
[0.082s] [ 22%] [32mBuilding CXX object CMakeFiles/irobot_create_ignition_sensors_lib.dir/src/sensors/bumper.cpp.o[0m
[0.099s] [ 27%] [32mBuilding CXX object CMakeFiles/irobot_create_ignition_sensors_lib.dir/src/sensors/cliff.cpp.o[0m
[0.118s] [ 33%] [32mBuilding CXX object CMakeFiles/irobot_create_ignition_sensors_lib.dir/src/sensors/ir_intensity.cpp.o[0m
[0.178s] [ 38%] [32mBuilding CXX object CMakeFiles/irobot_create_ignition_sensors_lib.dir/src/sensors/ir_opcode.cpp.o[0m
[0.211s] [ 44%] [32mBuilding CXX object CMakeFiles/irobot_create_ignition_sensors_lib.dir/src/sensors/mouse.cpp.o[0m
[0.235s] [ 50%] [32mBuilding CXX object CMakeFiles/irobot_create_ignition_sensors_lib.dir/src/sensors/wheel_drop.cpp.o[0m
[32.336s] [ 55%] [32m[1mLinking CXX shared library libirobot_create_ignition_interface_buttons_lib.so[0m
[35.655s] [ 55%] Built target irobot_create_ignition_interface_buttons_lib
[45.208s] [ 61%] [32m[1mLinking CXX shared library libirobot_create_ignition_pose_republisher_lib.so[0m
[45.537s] [ 66%] [32m[1mLinking CXX shared library libirobot_create_ignition_sensors_lib.so[0m
[47.959s] [ 66%] Built target irobot_create_ignition_pose_republisher_lib
[51.728s] [ 66%] Built target irobot_create_ignition_sensors_lib
[51.770s] [ 72%] [32mBuilding CXX object CMakeFiles/pose_republisher_node.dir/src/pose_republisher/pose_republisher_main.cpp.o[0m
[57.843s] [ 77%] [32m[1mLinking CXX executable pose_republisher_node[0m
[59.268s] [ 77%] Built target pose_republisher_node
[59.319s] [ 83%] [32mBuilding CXX object CMakeFiles/sensors_node.dir/src/sensors/sensors_main.cpp.o[0m
[65.644s] [ 88%] [32m[1mLinking CXX executable sensors_node[0m
[66.701s] [ 88%] Built target sensors_node
[66.721s] [ 94%] [32mBuilding CXX object CMakeFiles/interface_buttons_node.dir/src/interface_buttons/interface_buttons_main.cpp.o[0m
[69.580s] [100%] [32m[1mLinking CXX executable interface_buttons_node[0m
[69.799s] [100%] Built target interface_buttons_node
