[0.053s] Invoking command in '/home/lucads/intelligent-machine-design-lab/irobot_ws/build/irobot_create_nodes': CMAKE_PREFIX_PATH=/home/lucads/intelligent-machine-design-lab/irobot_ws/install/irobot_create_toolbox:/home/lucads/intelligent-machine-design-lab/irobot_ws/install/traj_interpolator:/home/lucads/intelligent-machine-design-lab/irobot_ws/install/irobot_create_ignition_sim:/home/lucads/intelligent-machine-design-lab/irobot_ws/install/irobot_create_ignition_bringup:/home/lucads/intelligent-machine-design-lab/irobot_ws/install/irobot_create_gazebo_sim:/home/lucads/intelligent-machine-design-lab/irobot_ws/install/irobot_create_gazebo_bringup:/home/lucads/intelligent-machine-design-lab/irobot_ws/install/irobot_create_common_bringup:/home/lucads/intelligent-machine-design-lab/irobot_ws/install/irobot_create_nodes:/home/lucads/intelligent-machine-design-lab/irobot_ws/install/irobot_create_ignition_toolbox:/home/lucads/intelligent-machine-design-lab/irobot_ws/install/irobot_create_gazebo_plugins:/home/lucads/intelligent-machine-design-lab/irobot_ws/install/irobot_create_ignition_plugins:/home/lucads/intelligent-machine-design-lab/irobot_ws/install/irobot_create_description:/home/lucads/intelligent-machine-design-lab/irobot_ws/install/irobot_create_control:/home/lucads/intelligent-machine-design-lab/irobot_ws/install/custom_msg:/opt/ros/humble LD_LIBRARY_PATH=/home/lucads/intelligent-machine-design-lab/irobot_ws/install/irobot_create_toolbox/lib:/home/lucads/intelligent-machine-design-lab/irobot_ws/install/irobot_create_nodes/lib:/home/lucads/intelligent-machine-design-lab/irobot_ws/install/irobot_create_ignition_toolbox/lib:/home/lucads/intelligent-machine-design-lab/irobot_ws/install/irobot_create_gazebo_plugins/lib:/home/lucads/intelligent-machine-design-lab/irobot_ws/install/custom_msg/lib:/usr/lib/x86_64-linux-gnu/gazebo-11/plugins:/opt/ros/humble/opt/rviz_ogre_vendor/lib:/opt/ros/humble/lib/x86_64-linux-gnu:/opt/ros/humble/lib /usr/bin/cmake --build /home/lucads/intelligent-machine-design-lab/irobot_ws/build/irobot_create_nodes -- -j12 -l12
[0.204s] [  5%] Built target hazard_publisher_lib
[0.209s] [ 10%] Built target hazards_vector_publisher
[0.210s] [ 21%] Built target wheel_status_publisher_lib
[0.211s] [ 21%] Built target ir_intensity_publisher_lib
[0.212s] [ 27%] Built target motion_control
[0.213s] [ 45%] Built target motion_control_lib
[0.214s] [ 51%] Built target ir_intensity_vector_publisher
[0.219s] [ 56%] Built target robot_state_lib
[0.230s] [ 62%] Built target robot_state
[0.230s] [ 67%] Built target wheel_status_publisher
[0.231s] [ 72%] Built target ui_mgr_lib
[0.235s] [ 78%] Built target ui_mgr
[0.281s] [ 83%] Built target mock_publisher_lib
[0.281s] [ 89%] Built target mock_publisher
[0.283s] [ 94%] Built target kidnap_estimator_publisher
[0.294s] [100%] Built target kidnap_estimator_publisher_lib
[0.318s] Invoked command in '/home/lucads/intelligent-machine-design-lab/irobot_ws/build/irobot_create_nodes' returned '0': CMAKE_PREFIX_PATH=/home/lucads/intelligent-machine-design-lab/irobot_ws/install/irobot_create_toolbox:/home/lucads/intelligent-machine-design-lab/irobot_ws/install/traj_interpolator:/home/lucads/intelligent-machine-design-lab/irobot_ws/install/irobot_create_ignition_sim:/home/lucads/intelligent-machine-design-lab/irobot_ws/install/irobot_create_ignition_bringup:/home/lucads/intelligent-machine-design-lab/irobot_ws/install/irobot_create_gazebo_sim:/home/lucads/intelligent-machine-design-lab/irobot_ws/install/irobot_create_gazebo_bringup:/home/lucads/intelligent-machine-design-lab/irobot_ws/install/irobot_create_common_bringup:/home/lucads/intelligent-machine-design-lab/irobot_ws/install/irobot_create_nodes:/home/lucads/intelligent-machine-design-lab/irobot_ws/install/irobot_create_ignition_toolbox:/home/lucads/intelligent-machine-design-lab/irobot_ws/install/irobot_create_gazebo_plugins:/home/lucads/intelligent-machine-design-lab/irobot_ws/install/irobot_create_ignition_plugins:/home/lucads/intelligent-machine-design-lab/irobot_ws/install/irobot_create_description:/home/lucads/intelligent-machine-design-lab/irobot_ws/install/irobot_create_control:/home/lucads/intelligent-machine-design-lab/irobot_ws/install/custom_msg:/opt/ros/humble LD_LIBRARY_PATH=/home/lucads/intelligent-machine-design-lab/irobot_ws/install/irobot_create_toolbox/lib:/home/lucads/intelligent-machine-design-lab/irobot_ws/install/irobot_create_nodes/lib:/home/lucads/intelligent-machine-design-lab/irobot_ws/install/irobot_create_ignition_toolbox/lib:/home/lucads/intelligent-machine-design-lab/irobot_ws/install/irobot_create_gazebo_plugins/lib:/home/lucads/intelligent-machine-design-lab/irobot_ws/install/custom_msg/lib:/usr/lib/x86_64-linux-gnu/gazebo-11/plugins:/opt/ros/humble/opt/rviz_ogre_vendor/lib:/opt/ros/humble/lib/x86_64-linux-gnu:/opt/ros/humble/lib /usr/bin/cmake --build /home/lucads/intelligent-machine-design-lab/irobot_ws/build/irobot_create_nodes -- -j12 -l12
[0.466s] Invoking command in '/home/lucads/intelligent-machine-design-lab/irobot_ws/build/irobot_create_nodes': CMAKE_PREFIX_PATH=/home/lucads/intelligent-machine-design-lab/irobot_ws/install/irobot_create_toolbox:/home/lucads/intelligent-machine-design-lab/irobot_ws/install/traj_interpolator:/home/lucads/intelligent-machine-design-lab/irobot_ws/install/irobot_create_ignition_sim:/home/lucads/intelligent-machine-design-lab/irobot_ws/install/irobot_create_ignition_bringup:/home/lucads/intelligent-machine-design-lab/irobot_ws/install/irobot_create_gazebo_sim:/home/lucads/intelligent-machine-design-lab/irobot_ws/install/irobot_create_gazebo_bringup:/home/lucads/intelligent-machine-design-lab/irobot_ws/install/irobot_create_common_bringup:/home/lucads/intelligent-machine-design-lab/irobot_ws/install/irobot_create_nodes:/home/lucads/intelligent-machine-design-lab/irobot_ws/install/irobot_create_ignition_toolbox:/home/lucads/intelligent-machine-design-lab/irobot_ws/install/irobot_create_gazebo_plugins:/home/lucads/intelligent-machine-design-lab/irobot_ws/install/irobot_create_ignition_plugins:/home/lucads/intelligent-machine-design-lab/irobot_ws/install/irobot_create_description:/home/lucads/intelligent-machine-design-lab/irobot_ws/install/irobot_create_control:/home/lucads/intelligent-machine-design-lab/irobot_ws/install/custom_msg:/opt/ros/humble LD_LIBRARY_PATH=/home/lucads/intelligent-machine-design-lab/irobot_ws/install/irobot_create_toolbox/lib:/home/lucads/intelligent-machine-design-lab/irobot_ws/install/irobot_create_nodes/lib:/home/lucads/intelligent-machine-design-lab/irobot_ws/install/irobot_create_ignition_toolbox/lib:/home/lucads/intelligent-machine-design-lab/irobot_ws/install/irobot_create_gazebo_plugins/lib:/home/lucads/intelligent-machine-design-lab/irobot_ws/install/custom_msg/lib:/usr/lib/x86_64-linux-gnu/gazebo-11/plugins:/opt/ros/humble/opt/rviz_ogre_vendor/lib:/opt/ros/humble/lib/x86_64-linux-gnu:/opt/ros/humble/lib /usr/bin/cmake --install /home/lucads/intelligent-machine-design-lab/irobot_ws/build/irobot_create_nodes
[0.477s] -- Install configuration: ""
[0.477s] -- Execute custom install script
[0.477s] -- Up-to-date symlink: /home/lucads/intelligent-machine-design-lab/irobot_ws/install/irobot_create_nodes/lib/irobot_create_nodes/hazards_vector_publisher
[0.477s] -- Up-to-date symlink: /home/lucads/intelligent-machine-design-lab/irobot_ws/install/irobot_create_nodes/lib/irobot_create_nodes/ir_intensity_vector_publisher
[0.478s] -- Up-to-date symlink: /home/lucads/intelligent-machine-design-lab/irobot_ws/install/irobot_create_nodes/lib/irobot_create_nodes/motion_control
[0.478s] -- Up-to-date symlink: /home/lucads/intelligent-machine-design-lab/irobot_ws/install/irobot_create_nodes/lib/irobot_create_nodes/wheel_status_publisher
[0.479s] -- Up-to-date symlink: /home/lucads/intelligent-machine-design-lab/irobot_ws/install/irobot_create_nodes/lib/irobot_create_nodes/robot_state
[0.479s] -- Up-to-date symlink: /home/lucads/intelligent-machine-design-lab/irobot_ws/install/irobot_create_nodes/lib/irobot_create_nodes/ui_mgr
[0.479s] -- Up-to-date symlink: /home/lucads/intelligent-machine-design-lab/irobot_ws/install/irobot_create_nodes/lib/irobot_create_nodes/mock_publisher
[0.479s] -- Up-to-date symlink: /home/lucads/intelligent-machine-design-lab/irobot_ws/install/irobot_create_nodes/lib/irobot_create_nodes/kidnap_estimator_publisher
[0.480s] -- Up-to-date symlink: /home/lucads/intelligent-machine-design-lab/irobot_ws/install/irobot_create_nodes/lib/libhazard_publisher_lib.so
[0.480s] -- Up-to-date symlink: /home/lucads/intelligent-machine-design-lab/irobot_ws/install/irobot_create_nodes/lib/libir_intensity_publisher_lib.so
[0.480s] -- Up-to-date symlink: /home/lucads/intelligent-machine-design-lab/irobot_ws/install/irobot_create_nodes/lib/libmotion_control_lib.so
[0.480s] -- Up-to-date symlink: /home/lucads/intelligent-machine-design-lab/irobot_ws/install/irobot_create_nodes/lib/libwheel_status_publisher_lib.so
[0.481s] -- Up-to-date symlink: /home/lucads/intelligent-machine-design-lab/irobot_ws/install/irobot_create_nodes/lib/librobot_state_lib.so
[0.481s] -- Up-to-date symlink: /home/lucads/intelligent-machine-design-lab/irobot_ws/install/irobot_create_nodes/lib/libui_mgr_lib.so
[0.481s] -- Up-to-date symlink: /home/lucads/intelligent-machine-design-lab/irobot_ws/install/irobot_create_nodes/lib/libmock_publisher_lib.so
[0.481s] -- Up-to-date symlink: /home/lucads/intelligent-machine-design-lab/irobot_ws/install/irobot_create_nodes/lib/libkidnap_estimator_publisher_lib.so
[0.484s] -- Up-to-date symlink: /home/lucads/intelligent-machine-design-lab/irobot_ws/install/irobot_create_nodes/include/irobot_create_nodes/hazards_vector_publisher.hpp
[0.484s] -- Up-to-date symlink: /home/lucads/intelligent-machine-design-lab/irobot_ws/install/irobot_create_nodes/include/irobot_create_nodes/ir_intensity_vector_publisher.hpp
[0.485s] -- Up-to-date symlink: /home/lucads/intelligent-machine-design-lab/irobot_ws/install/irobot_create_nodes/include/irobot_create_nodes/kidnap_estimator_publisher.hpp
[0.485s] -- Up-to-date symlink: /home/lucads/intelligent-machine-design-lab/irobot_ws/install/irobot_create_nodes/include/irobot_create_nodes/mock_publisher.hpp
[0.485s] -- Up-to-date symlink: /home/lucads/intelligent-machine-design-lab/irobot_ws/install/irobot_create_nodes/include/irobot_create_nodes/motion_control/behaviors_scheduler.hpp
[0.485s] -- Up-to-date symlink: /home/lucads/intelligent-machine-design-lab/irobot_ws/install/irobot_create_nodes/include/irobot_create_nodes/motion_control/docking_behavior.hpp
[0.486s] -- Up-to-date symlink: /home/lucads/intelligent-machine-design-lab/irobot_ws/install/irobot_create_nodes/include/irobot_create_nodes/motion_control/drive_goal_behaviors.hpp
[0.486s] -- Up-to-date symlink: /home/lucads/intelligent-machine-design-lab/irobot_ws/install/irobot_create_nodes/include/irobot_create_nodes/motion_control/reflex_behavior.hpp
[0.486s] -- Up-to-date symlink: /home/lucads/intelligent-machine-design-lab/irobot_ws/install/irobot_create_nodes/include/irobot_create_nodes/motion_control/simple_goal_controller.hpp
[0.486s] -- Up-to-date symlink: /home/lucads/intelligent-machine-design-lab/irobot_ws/install/irobot_create_nodes/include/irobot_create_nodes/motion_control/wall_follow_behavior.hpp
[0.486s] -- Up-to-date symlink: /home/lucads/intelligent-machine-design-lab/irobot_ws/install/irobot_create_nodes/include/irobot_create_nodes/motion_control/wall_follow_states.hpp
[0.486s] -- Up-to-date symlink: /home/lucads/intelligent-machine-design-lab/irobot_ws/install/irobot_create_nodes/include/irobot_create_nodes/motion_control_node.hpp
[0.486s] -- Up-to-date symlink: /home/lucads/intelligent-machine-design-lab/irobot_ws/install/irobot_create_nodes/include/irobot_create_nodes/robot_state.hpp
[0.486s] -- Up-to-date symlink: /home/lucads/intelligent-machine-design-lab/irobot_ws/install/irobot_create_nodes/include/irobot_create_nodes/ui_mgr.hpp
[0.487s] -- Up-to-date symlink: /home/lucads/intelligent-machine-design-lab/irobot_ws/install/irobot_create_nodes/include/irobot_create_nodes/wheels_publisher.hpp
[0.487s] -- Up-to-date symlink: /home/lucads/intelligent-machine-design-lab/irobot_ws/install/irobot_create_nodes/share/irobot_create_nodes/environment/library_path.sh
[0.487s] -- Up-to-date symlink: /home/lucads/intelligent-machine-design-lab/irobot_ws/install/irobot_create_nodes/share/irobot_create_nodes/environment/library_path.dsv
[0.487s] -- Up-to-date symlink: /home/lucads/intelligent-machine-design-lab/irobot_ws/install/irobot_create_nodes/share/ament_index/resource_index/package_run_dependencies/irobot_create_nodes
[0.487s] -- Up-to-date symlink: /home/lucads/intelligent-machine-design-lab/irobot_ws/install/irobot_create_nodes/share/ament_index/resource_index/parent_prefix_path/irobot_create_nodes
[0.487s] -- Up-to-date symlink: /home/lucads/intelligent-machine-design-lab/irobot_ws/install/irobot_create_nodes/share/irobot_create_nodes/environment/ament_prefix_path.sh
[0.488s] -- Up-to-date symlink: /home/lucads/intelligent-machine-design-lab/irobot_ws/install/irobot_create_nodes/share/irobot_create_nodes/environment/ament_prefix_path.dsv
[0.488s] -- Up-to-date symlink: /home/lucads/intelligent-machine-design-lab/irobot_ws/install/irobot_create_nodes/share/irobot_create_nodes/environment/path.sh
[0.488s] -- Up-to-date symlink: /home/lucads/intelligent-machine-design-lab/irobot_ws/install/irobot_create_nodes/share/irobot_create_nodes/environment/path.dsv
[0.488s] -- Up-to-date symlink: /home/lucads/intelligent-machine-design-lab/irobot_ws/install/irobot_create_nodes/share/irobot_create_nodes/local_setup.bash
[0.488s] -- Up-to-date symlink: /home/lucads/intelligent-machine-design-lab/irobot_ws/install/irobot_create_nodes/share/irobot_create_nodes/local_setup.sh
[0.489s] -- Up-to-date symlink: /home/lucads/intelligent-machine-design-lab/irobot_ws/install/irobot_create_nodes/share/irobot_create_nodes/local_setup.zsh
[0.489s] -- Up-to-date symlink: /home/lucads/intelligent-machine-design-lab/irobot_ws/install/irobot_create_nodes/share/irobot_create_nodes/local_setup.dsv
[0.489s] -- Symlinking: /home/lucads/intelligent-machine-design-lab/irobot_ws/install/irobot_create_nodes/share/irobot_create_nodes/package.dsv
[0.501s] -- Up-to-date symlink: /home/lucads/intelligent-machine-design-lab/irobot_ws/install/irobot_create_nodes/share/ament_index/resource_index/packages/irobot_create_nodes
[0.502s] -- Up-to-date symlink: /home/lucads/intelligent-machine-design-lab/irobot_ws/install/irobot_create_nodes/share/ament_index/resource_index/rclcpp_components/irobot_create_nodes
[0.502s] -- Up-to-date symlink: /home/lucads/intelligent-machine-design-lab/irobot_ws/install/irobot_create_nodes/share/irobot_create_nodes/cmake/ament_cmake_export_include_directories-extras.cmake
[0.502s] -- Up-to-date symlink: /home/lucads/intelligent-machine-design-lab/irobot_ws/install/irobot_create_nodes/share/irobot_create_nodes/cmake/ament_cmake_export_libraries-extras.cmake
[0.503s] -- Up-to-date symlink: /home/lucads/intelligent-machine-design-lab/irobot_ws/install/irobot_create_nodes/share/irobot_create_nodes/cmake/ament_cmake_export_dependencies-extras.cmake
[0.503s] -- Up-to-date symlink: /home/lucads/intelligent-machine-design-lab/irobot_ws/install/irobot_create_nodes/share/irobot_create_nodes/cmake/irobot_create_nodesConfig.cmake
[0.503s] -- Up-to-date symlink: /home/lucads/intelligent-machine-design-lab/irobot_ws/install/irobot_create_nodes/share/irobot_create_nodes/cmake/irobot_create_nodesConfig-version.cmake
[0.503s] -- Up-to-date symlink: /home/lucads/intelligent-machine-design-lab/irobot_ws/install/irobot_create_nodes/share/irobot_create_nodes/package.xml
[0.511s] Invoked command in '/home/lucads/intelligent-machine-design-lab/irobot_ws/build/irobot_create_nodes' returned '0': CMAKE_PREFIX_PATH=/home/lucads/intelligent-machine-design-lab/irobot_ws/install/irobot_create_toolbox:/home/lucads/intelligent-machine-design-lab/irobot_ws/install/traj_interpolator:/home/lucads/intelligent-machine-design-lab/irobot_ws/install/irobot_create_ignition_sim:/home/lucads/intelligent-machine-design-lab/irobot_ws/install/irobot_create_ignition_bringup:/home/lucads/intelligent-machine-design-lab/irobot_ws/install/irobot_create_gazebo_sim:/home/lucads/intelligent-machine-design-lab/irobot_ws/install/irobot_create_gazebo_bringup:/home/lucads/intelligent-machine-design-lab/irobot_ws/install/irobot_create_common_bringup:/home/lucads/intelligent-machine-design-lab/irobot_ws/install/irobot_create_nodes:/home/lucads/intelligent-machine-design-lab/irobot_ws/install/irobot_create_ignition_toolbox:/home/lucads/intelligent-machine-design-lab/irobot_ws/install/irobot_create_gazebo_plugins:/home/lucads/intelligent-machine-design-lab/irobot_ws/install/irobot_create_ignition_plugins:/home/lucads/intelligent-machine-design-lab/irobot_ws/install/irobot_create_description:/home/lucads/intelligent-machine-design-lab/irobot_ws/install/irobot_create_control:/home/lucads/intelligent-machine-design-lab/irobot_ws/install/custom_msg:/opt/ros/humble LD_LIBRARY_PATH=/home/lucads/intelligent-machine-design-lab/irobot_ws/install/irobot_create_toolbox/lib:/home/lucads/intelligent-machine-design-lab/irobot_ws/install/irobot_create_nodes/lib:/home/lucads/intelligent-machine-design-lab/irobot_ws/install/irobot_create_ignition_toolbox/lib:/home/lucads/intelligent-machine-design-lab/irobot_ws/install/irobot_create_gazebo_plugins/lib:/home/lucads/intelligent-machine-design-lab/irobot_ws/install/custom_msg/lib:/usr/lib/x86_64-linux-gnu/gazebo-11/plugins:/opt/ros/humble/opt/rviz_ogre_vendor/lib:/opt/ros/humble/lib/x86_64-linux-gnu:/opt/ros/humble/lib /usr/bin/cmake --install /home/lucads/intelligent-machine-design-lab/irobot_ws/build/irobot_create_nodes
