[0.010s] Invoking command in '/home/lucads/intelligent-machine-design-lab/irobot_ws/build/irobot_create_ignition_toolbox': AMENT_PREFIX_PATH=/home/lucads/intelligent-machine-design-lab/irobot_ws/install/irobot_create_toolbox:${AMENT_PREFIX_PATH} CMAKE_PREFIX_PATH=/home/lucads/intelligent-machine-design-lab/irobot_ws/install/irobot_create_toolbox:/opt/ros/humble LD_LIBRARY_PATH=/home/lucads/intelligent-machine-design-lab/irobot_ws/install/irobot_create_toolbox/lib:${LD_LIBRARY_PATH} /usr/bin/cmake /home/lucads/intelligent-machine-design-lab/irobot_ws/src/create3_sim/irobot_create_ignition/irobot_create_ignition_toolbox -DAMENT_CMAKE_SYMLINK_INSTALL=1 -DCMAKE_INSTALL_PREFIX=/home/lucads/intelligent-machine-design-lab/irobot_ws/install/irobot_create_ignition_toolbox
[0.048s] -- The C compiler identification is GNU 11.3.0
[0.097s] -- The CXX compiler identification is GNU 11.3.0
[0.103s] -- Detecting C compiler ABI info
[0.155s] -- Detecting C compiler ABI info - done
[0.163s] -- Check for working C compiler: /usr/bin/cc - skipped
[0.163s] -- Detecting C compile features
[0.163s] -- Detecting C compile features - done
[0.166s] -- Detecting CXX compiler ABI info
[0.227s] -- Detecting CXX compiler ABI info - done
[0.234s] -- Check for working CXX compiler: /usr/bin/c++ - skipped
[0.234s] -- Detecting CXX compile features
[0.235s] -- Detecting CXX compile features - done
[0.237s] -- Found ament_cmake: 1.3.4 (/opt/ros/humble/share/ament_cmake/cmake)
[0.387s] -- Found Python3: /usr/bin/python3.10 (found version "3.10.6") found components: Interpreter 
[0.440s] -- Override CMake install command with custom implementation using symlinks instead of copying resources
[0.460s] -- Found control_msgs: 4.1.1 (/opt/ros/humble/share/control_msgs/cmake)
[0.493s] -- Found rosidl_generator_c: 3.1.4 (/opt/ros/humble/share/rosidl_generator_c/cmake)
[0.497s] -- Found rosidl_adapter: 3.1.4 (/opt/ros/humble/share/rosidl_adapter/cmake)
[0.504s] -- Found rosidl_generator_cpp: 3.1.4 (/opt/ros/humble/share/rosidl_generator_cpp/cmake)
[0.517s] -- Using all available rosidl_typesupport_c: rosidl_typesupport_fastrtps_c;rosidl_typesupport_introspection_c
[0.535s] -- Using all available rosidl_typesupport_cpp: rosidl_typesupport_fastrtps_cpp;rosidl_typesupport_introspection_cpp
[1.109s] -- Found nav_msgs: 4.2.3 (/opt/ros/humble/share/nav_msgs/cmake)
[1.198s] -- Found irobot_create_msgs: 2.1.0 (/opt/ros/humble/share/irobot_create_msgs/cmake)
[1.342s] -- Found rclcpp: 16.0.4 (/opt/ros/humble/share/rclcpp/cmake)
[1.397s] -- Found rmw_implementation_cmake: 6.1.1 (/opt/ros/humble/share/rmw_implementation_cmake/cmake)
[1.399s] -- Found rmw_fastrtps_cpp: 6.2.2 (/opt/ros/humble/share/rmw_fastrtps_cpp/cmake)
[1.489s] -- Found OpenSSL: /usr/lib/x86_64-linux-gnu/libcrypto.so (found version "3.0.2")  
[1.524s] -- Found FastRTPS: /opt/ros/humble/include  
[1.571s] -- Using RMW implementation 'rmw_fastrtps_cpp' as default
[1.580s] -- Looking for pthread.h
[1.635s] -- Looking for pthread.h - found
[1.635s] -- Performing Test CMAKE_HAVE_LIBC_PTHREAD
[1.692s] -- Performing Test CMAKE_HAVE_LIBC_PTHREAD - Success
[1.693s] -- Found Threads: TRUE  
[1.839s] -- Found rclcpp_action: 16.0.4 (/opt/ros/humble/share/rclcpp_action/cmake)
[1.871s] -- Found tf2: 0.25.2 (/opt/ros/humble/share/tf2/cmake)
[1.886s] -- Found tf2_geometry_msgs: 0.25.2 (/opt/ros/humble/share/tf2_geometry_msgs/cmake)
[1.901s] -- Found eigen3_cmake_module: 0.1.1 (/opt/ros/humble/share/eigen3_cmake_module/cmake)
[1.902s] -- Found Eigen3: TRUE (found version "3.4.0") 
[1.902s] -- Ensuring Eigen3 include directory is part of orocos-kdl CMake target
[2.170s] -- Found irobot_create_toolbox: 2.0.0 (/home/lucads/intelligent-machine-design-lab/irobot_ws/install/irobot_create_toolbox/share/irobot_create_toolbox/cmake)
[2.486s] -- Found ament_lint_auto: 0.12.6 (/opt/ros/humble/share/ament_lint_auto/cmake)
[2.565s] -- Added test 'cppcheck' to perform static code analysis on C / C++ code
[2.565s] -- Configured cppcheck include dirs: /home/lucads/intelligent-machine-design-lab/irobot_ws/src/create3_sim/irobot_create_ignition/irobot_create_ignition_toolbox/include
[2.565s] -- Configured cppcheck exclude dirs and/or files: 
[2.566s] -- Added test 'cpplint' to check C / C++ code against the Google style
[2.566s] -- Configured cpplint exclude dirs and/or files: 
[2.567s] -- Added test 'lint_cmake' to check CMake code style
[2.569s] -- Added test 'uncrustify' to check C / C++ code style
[2.569s] -- Configured uncrustify additional arguments: 
[2.569s] -- Added test 'xmllint' to check XML markup files
[2.572s] -- Configuring done
[2.612s] -- Generating done
[2.614s] -- Build files have been written to: /home/lucads/intelligent-machine-design-lab/irobot_ws/build/irobot_create_ignition_toolbox
