-- The C compiler identification is GNU 9.4.0
-- The CXX compiler identification is GNU 9.4.0
-- Check for working C compiler: /usr/bin/cc
-- Check for working C compiler: /usr/bin/cc -- works
-- Detecting C compiler ABI info
-- Detecting C compiler ABI info - done
-- Detecting C compile features
-- Detecting C compile features - done
-- Check for working CXX compiler: /usr/bin/c++
-- Check for working CXX compiler: /usr/bin/c++ -- works
-- Detecting CXX compiler ABI info
-- Detecting CXX compiler ABI info - done
-- Detecting CXX compile features
-- Detecting CXX compile features - done
-- Found ament_cmake: 1.3.4 (/home/lucads/ros2_humble/install/ament_cmake/share/ament_cmake/cmake)
-- Found Python3: /usr/bin/python3.8 (found version "3.8.10") found components: Interpreter 
-- Override CMake install command with custom implementation using symlinks instead of copying resources
CMake Error at CMakeLists.txt:21 (find_package):
  By not providing "Findcontrol_msgs.cmake" in CMAKE_MODULE_PATH this project
  has asked CMake to find a package configuration file provided by
  "control_msgs", but CMake did not find one.

  Could not find a package configuration file provided by "control_msgs" with
  any of the following names:

    control_msgsConfig.cmake
    control_msgs-config.cmake

  Add the installation prefix of "control_msgs" to CMAKE_PREFIX_PATH or set
  "control_msgs_DIR" to a directory containing one of the above files.  If
  "control_msgs" provides a separate development package or SDK, be sure it
  has been installed.


-- Configuring incomplete, errors occurred!
See also "/home/lucads/irobot_ws/build/irobot_create_ignition_toolbox/CMakeFiles/CMakeOutput.log".
