[0.013s] Invoking command in '/home/lucads/intelligent-machine-design-lab/irobot_ws/build/irobot_create_gazebo_plugins': AMENT_PREFIX_PATH=/home/lucads/intelligent-machine-design-lab/irobot_ws/install/irobot_create_toolbox:${AMENT_PREFIX_PATH} CMAKE_PREFIX_PATH=/home/lucads/intelligent-machine-design-lab/irobot_ws/install/irobot_create_toolbox:/opt/ros/humble LD_LIBRARY_PATH=/home/lucads/intelligent-machine-design-lab/irobot_ws/install/irobot_create_toolbox/lib:${LD_LIBRARY_PATH} /usr/bin/cmake /home/lucads/intelligent-machine-design-lab/irobot_ws/src/create3_sim/irobot_create_gazebo/irobot_create_gazebo_plugins -DAMENT_CMAKE_SYMLINK_INSTALL=1 -DCMAKE_INSTALL_PREFIX=/home/lucads/intelligent-machine-design-lab/irobot_ws/install/irobot_create_gazebo_plugins
[0.051s] -- The C compiler identification is GNU 11.3.0
[0.099s] -- The CXX compiler identification is GNU 11.3.0
[0.105s] -- Detecting C compiler ABI info
[0.154s] -- Detecting C compiler ABI info - done
[0.162s] -- Check for working C compiler: /usr/bin/cc - skipped
[0.163s] -- Detecting C compile features
[0.163s] -- Detecting C compile features - done
[0.165s] -- Detecting CXX compiler ABI info
[0.223s] -- Detecting CXX compiler ABI info - done
[0.230s] -- Check for working CXX compiler: /usr/bin/c++ - skipped
[0.231s] -- Detecting CXX compile features
[0.231s] -- Detecting CXX compile features - done
[0.233s] -- Found ament_cmake: 1.3.4 (/opt/ros/humble/share/ament_cmake/cmake)
[0.382s] -- Found Python3: /usr/bin/python3.10 (found version "3.10.6") found components: Interpreter 
[0.436s] -- Override CMake install command with custom implementation using symlinks instead of copying resources
[0.455s] -- Found geometry_msgs: 4.2.3 (/opt/ros/humble/share/geometry_msgs/cmake)
[0.488s] -- Found rosidl_generator_c: 3.1.4 (/opt/ros/humble/share/rosidl_generator_c/cmake)
[0.492s] -- Found rosidl_adapter: 3.1.4 (/opt/ros/humble/share/rosidl_adapter/cmake)
[0.499s] -- Found rosidl_generator_cpp: 3.1.4 (/opt/ros/humble/share/rosidl_generator_cpp/cmake)
[0.511s] -- Using all available rosidl_typesupport_c: rosidl_typesupport_fastrtps_c;rosidl_typesupport_introspection_c
[0.529s] -- Using all available rosidl_typesupport_cpp: rosidl_typesupport_fastrtps_cpp;rosidl_typesupport_introspection_cpp
[0.648s] -- Found irobot_create_msgs: 2.1.0 (/opt/ros/humble/share/irobot_create_msgs/cmake)
[0.883s] -- Found irobot_create_toolbox: 2.0.0 (/home/lucads/intelligent-machine-design-lab/irobot_ws/install/irobot_create_toolbox/share/irobot_create_toolbox/cmake)
[0.948s] -- Found rmw_implementation_cmake: 6.1.1 (/opt/ros/humble/share/rmw_implementation_cmake/cmake)
[0.950s] -- Found rmw_fastrtps_cpp: 6.2.2 (/opt/ros/humble/share/rmw_fastrtps_cpp/cmake)
[1.027s] -- Found OpenSSL: /usr/lib/x86_64-linux-gnu/libcrypto.so (found version "3.0.2")  
[1.053s] -- Found FastRTPS: /opt/ros/humble/include  
[1.097s] -- Using RMW implementation 'rmw_fastrtps_cpp' as default
[1.105s] -- Looking for pthread.h
[1.156s] -- Looking for pthread.h - found
[1.156s] -- Performing Test CMAKE_HAVE_LIBC_PTHREAD
[1.207s] -- Performing Test CMAKE_HAVE_LIBC_PTHREAD - Success
[1.207s] -- Found Threads: TRUE  
[1.344s] -- Found sensor_msgs: 4.2.3 (/opt/ros/humble/share/sensor_msgs/cmake)
[1.444s] -- Found PkgConfig: /usr/bin/pkg-config (found version "0.29.2") 
[1.445s] -- Checking for module 'bullet>=2.82'
[1.455s] --   Found bullet, version 3.05
[1.544s] -- Found fcl: /usr/include (found suitable version "0.7.0", minimum required is "0.5.0") 
[1.578s] -- Found assimp: /usr/include (found version "5.2.0") 
[1.597s] -- Found DART: /usr/include (Required is at least version "6.6") found components: dart 
[1.625s] -- Found Boost: /usr/lib/x86_64-linux-gnu/cmake/Boost-1.74.0/BoostConfig.cmake (found suitable version "1.74.0", minimum required is "1.40.0") found components: thread system filesystem program_options regex iostreams date_time 
[1.639s] -- Found Protobuf: /usr/lib/x86_64-linux-gnu/libprotobuf.so (found version "3.12.4") 
[1.644s] -- Looking for ignition-math6 -- found version 6.14.0
[1.645s] -- Looking for OGRE...
[1.646s] -- OGRE_PREFIX_WATCH changed.
[1.650s] -- Checking for module 'OGRE'
[1.660s] --   Found OGRE, version 1.9.0
[1.681s] -- Found Ogre Ghadamon (1.9.0)
[1.688s] -- Found OGRE: optimized;/usr/lib/x86_64-linux-gnu/libOgreMain.so;debug;/usr/lib/x86_64-linux-gnu/libOgreMain.so
[1.698s] -- Looking for OGRE_Paging...
[1.703s] -- Found OGRE_Paging: optimized;/usr/lib/x86_64-linux-gnu/libOgrePaging.so;debug;/usr/lib/x86_64-linux-gnu/libOgrePaging.so
[1.703s] -- Looking for OGRE_Terrain...
[1.709s] -- Found OGRE_Terrain: optimized;/usr/lib/x86_64-linux-gnu/libOgreTerrain.so;debug;/usr/lib/x86_64-linux-gnu/libOgreTerrain.so
[1.709s] -- Looking for OGRE_Property...
[1.714s] -- Found OGRE_Property: optimized;/usr/lib/x86_64-linux-gnu/libOgreProperty.so;debug;/usr/lib/x86_64-linux-gnu/libOgreProperty.so
[1.714s] -- Looking for OGRE_RTShaderSystem...
[1.719s] -- Found OGRE_RTShaderSystem: optimized;/usr/lib/x86_64-linux-gnu/libOgreRTShaderSystem.so;debug;/usr/lib/x86_64-linux-gnu/libOgreRTShaderSystem.so
[1.720s] -- Looking for OGRE_Volume...
[1.725s] -- Found OGRE_Volume: optimized;/usr/lib/x86_64-linux-gnu/libOgreVolume.so;debug;/usr/lib/x86_64-linux-gnu/libOgreVolume.so
[1.725s] -- Looking for OGRE_Overlay...
[1.730s] -- Found OGRE_Overlay: optimized;/usr/lib/x86_64-linux-gnu/libOgreOverlay.so;debug;/usr/lib/x86_64-linux-gnu/libOgreOverlay.so
[1.835s] -- Looking for ignition-math6 -- found version 6.14.0
[1.843s] -- Looking for ignition-transport8 -- found version 8.2.1
[1.843s] -- Searching for dependencies of ignition-transport8
[1.859s] -- Found Protobuf: /usr/lib/x86_64-linux-gnu/libprotobuf.so (found suitable version "3.12.4", minimum required is "3") 
[1.870s] -- Config-file not installed for ZeroMQ -- checking for pkg-config
[1.874s] -- Checking for module 'libzmq >= 4'
[1.882s] --   Found libzmq , version 4.3.4
[1.907s] -- Found ZeroMQ: TRUE (Required is at least version "4") 
[1.912s] -- Checking for module 'uuid'
[1.922s] --   Found uuid, version 2.37.2
[1.942s] -- Found UUID: TRUE  
[1.944s] -- Looking for ignition-msgs5 -- found version 5.8.1
[1.944s] -- Searching for dependencies of ignition-msgs5
[1.961s] -- Looking for ignition-math6 -- found version 6.14.0
[1.965s] -- Checking for module 'tinyxml2'
[1.973s] --   Found tinyxml2, version 9.0.0
[1.993s] -- Looking for ignition-msgs5 -- found version 5.8.1
[1.996s] -- Looking for ignition-common3 -- found version 3.14.0
[1.996s] -- Searching for dependencies of ignition-common3
[1.996s] -- Looking for dlfcn.h - found
[1.997s] -- Looking for libdl - found
[1.998s] -- Found DL: TRUE  
[2.008s] -- Found tinyobjloader: /usr/lib/x86_64-linux-gnu/cmake/tinyobjloader/tinyobjloader-config.cmake (found version "2.0.0") 
[2.008s] -- Searching for <ignition-common3> component [graphics]
[2.010s] -- Looking for ignition-common3-graphics -- found version 3.14.0
[2.011s] -- Searching for dependencies of ignition-common3-graphics
[2.011s] -- Looking for ignition-math6 -- found version 6.14.0
[2.014s] -- Looking for ignition-fuel_tools4 -- found version 4.4.0
[2.014s] -- Searching for dependencies of ignition-fuel_tools4
[2.068s] -- Found CURL: /usr/lib/x86_64-linux-gnu/libcurl.so (found version "7.81.0")  
[2.074s] -- Checking for module 'jsoncpp'
[2.083s] --   Found jsoncpp, version 1.9.5
[2.106s] -- Found JSONCPP: TRUE  
[2.112s] -- Checking for module 'libzip'
[2.121s] --   Found libzip, version 1.7.3
[2.144s] -- Found ZIP: TRUE  
[2.145s] -- Looking for ignition-common3 -- found version 3.14.0
[2.146s] -- Looking for ignition-math6 -- found version 6.14.0
[2.146s] -- Looking for ignition-msgs5 -- found version 5.8.1
[2.151s] -- Gazebo version: 11.10
[2.151s] -- Checking for module 'tbb'
[2.161s] --   Found tbb, version 2021.5.0
[2.442s] -- Found ament_lint_auto: 0.12.6 (/opt/ros/humble/share/ament_lint_auto/cmake)
[2.519s] -- Added test 'cppcheck' to perform static code analysis on C / C++ code
[2.520s] -- Configured cppcheck include dirs: /home/lucads/intelligent-machine-design-lab/irobot_ws/src/create3_sim/irobot_create_gazebo/irobot_create_gazebo_plugins/include
[2.521s] -- Configured cppcheck exclude dirs and/or files: 
[2.522s] -- Added test 'cpplint' to check C / C++ code against the Google style
[2.522s] -- Configured cpplint exclude dirs and/or files: 
[2.523s] -- Added test 'lint_cmake' to check CMake code style
[2.525s] -- Added test 'uncrustify' to check C / C++ code style
[2.525s] -- Configured uncrustify additional arguments: 
[2.525s] -- Added test 'xmllint' to check XML markup files
[2.527s] -- Configuring done
[2.674s] -- Generating done
[2.677s] -- Build files have been written to: /home/lucads/intelligent-machine-design-lab/irobot_ws/build/irobot_create_gazebo_plugins
