[0.022s] Invoking command in '/home/lucads/intelligent-machine-design-lab/irobot_ws/build/custom_msg': CMAKE_PREFIX_PATH=${CMAKE_PREFIX_PATH}:/opt/ros/humble /usr/bin/cmake --build /home/lucads/intelligent-machine-design-lab/irobot_ws/build/custom_msg -- -j12 -l12
[0.059s] [  9%] Built target custom_msg__rosidl_generator_c
[0.059s] [ 12%] Built target custom_msg__cpp
[0.068s] [ 12%] Built target ament_cmake_python_symlink_custom_msg
[0.079s] [ 22%] Built target custom_msg__rosidl_typesupport_cpp
[0.080s] [ 32%] Built target custom_msg__rosidl_typesupport_fastrtps_c
[0.080s] [ 45%] Built target custom_msg__rosidl_typesupport_c
[0.080s] [ 51%] Built target custom_msg__rosidl_typesupport_introspection_c
[0.082s] [ 61%] Built target custom_msg__rosidl_typesupport_fastrtps_cpp
[0.083s] [ 70%] Built target custom_msg__rosidl_typesupport_introspection_cpp
[0.099s] [ 70%] Built target custom_msg
[0.117s] [ 74%] Built target custom_msg__py
[0.132s] [ 80%] Built target custom_msg__rosidl_generator_py
[0.147s] [ 90%] Built target custom_msg__rosidl_typesupport_fastrtps_c__pyext
[0.148s] [ 93%] Built target custom_msg__rosidl_typesupport_introspection_c__pyext
[0.148s] [100%] Built target custom_msg__rosidl_typesupport_c__pyext
[0.385s] running egg_info
[0.385s] writing custom_msg.egg-info/PKG-INFO
[0.385s] writing dependency_links to custom_msg.egg-info/dependency_links.txt
[0.386s] writing top-level names to custom_msg.egg-info/top_level.txt
[0.388s] reading manifest file 'custom_msg.egg-info/SOURCES.txt'
[0.388s] writing manifest file 'custom_msg.egg-info/SOURCES.txt'
[0.417s] [100%] Built target ament_cmake_python_build_custom_msg_egg
[0.427s] Invoked command in '/home/lucads/intelligent-machine-design-lab/irobot_ws/build/custom_msg' returned '0': CMAKE_PREFIX_PATH=${CMAKE_PREFIX_PATH}:/opt/ros/humble /usr/bin/cmake --build /home/lucads/intelligent-machine-design-lab/irobot_ws/build/custom_msg -- -j12 -l12
[0.474s] Invoking command in '/home/lucads/intelligent-machine-design-lab/irobot_ws/build/custom_msg': CMAKE_PREFIX_PATH=${CMAKE_PREFIX_PATH}:/opt/ros/humble /usr/bin/cmake --install /home/lucads/intelligent-machine-design-lab/irobot_ws/build/custom_msg
[0.479s] -- Install configuration: ""
[0.480s] -- Execute custom install script
[0.480s] -- Up-to-date symlink: /home/lucads/intelligent-machine-design-lab/irobot_ws/install/custom_msg/share/ament_index/resource_index/rosidl_interfaces/custom_msg
[0.480s] -- Up-to-date symlink: /home/lucads/intelligent-machine-design-lab/irobot_ws/install/custom_msg/include/custom_msg/custom_msg/msg/detail/target__functions.h
[0.480s] -- Up-to-date symlink: /home/lucads/intelligent-machine-design-lab/irobot_ws/install/custom_msg/include/custom_msg/custom_msg/msg/detail/target__struct.h
[0.480s] -- Up-to-date symlink: /home/lucads/intelligent-machine-design-lab/irobot_ws/install/custom_msg/include/custom_msg/custom_msg/msg/detail/target__type_support.h
[0.480s] -- Up-to-date symlink: /home/lucads/intelligent-machine-design-lab/irobot_ws/install/custom_msg/include/custom_msg/custom_msg/msg/rosidl_generator_c__visibility_control.h
[0.481s] -- Up-to-date symlink: /home/lucads/intelligent-machine-design-lab/irobot_ws/install/custom_msg/include/custom_msg/custom_msg/msg/target.h
[0.481s] -- Up-to-date symlink: /home/lucads/intelligent-machine-design-lab/irobot_ws/install/custom_msg/share/custom_msg/environment/library_path.sh
[0.481s] -- Up-to-date symlink: /home/lucads/intelligent-machine-design-lab/irobot_ws/install/custom_msg/share/custom_msg/environment/library_path.dsv
[0.481s] -- Up-to-date symlink: /home/lucads/intelligent-machine-design-lab/irobot_ws/install/custom_msg/include/custom_msg/custom_msg/msg/detail/target__rosidl_typesupport_fastrtps_c.h
[0.481s] -- Up-to-date symlink: /home/lucads/intelligent-machine-design-lab/irobot_ws/install/custom_msg/include/custom_msg/custom_msg/msg/rosidl_typesupport_fastrtps_c__visibility_control.h
[0.481s] -- Up-to-date symlink: /home/lucads/intelligent-machine-design-lab/irobot_ws/install/custom_msg/include/custom_msg/custom_msg/msg/detail/target__builder.hpp
[0.481s] -- Up-to-date symlink: /home/lucads/intelligent-machine-design-lab/irobot_ws/install/custom_msg/include/custom_msg/custom_msg/msg/detail/target__struct.hpp
[0.482s] -- Up-to-date symlink: /home/lucads/intelligent-machine-design-lab/irobot_ws/install/custom_msg/include/custom_msg/custom_msg/msg/detail/target__traits.hpp
[0.482s] -- Up-to-date symlink: /home/lucads/intelligent-machine-design-lab/irobot_ws/install/custom_msg/include/custom_msg/custom_msg/msg/target.hpp
[0.482s] -- Up-to-date symlink: /home/lucads/intelligent-machine-design-lab/irobot_ws/install/custom_msg/include/custom_msg/custom_msg/msg/detail/target__rosidl_typesupport_fastrtps_cpp.hpp
[0.482s] -- Up-to-date symlink: /home/lucads/intelligent-machine-design-lab/irobot_ws/install/custom_msg/include/custom_msg/custom_msg/msg/rosidl_typesupport_fastrtps_cpp__visibility_control.h
[0.482s] -- Up-to-date symlink: /home/lucads/intelligent-machine-design-lab/irobot_ws/install/custom_msg/include/custom_msg/custom_msg/msg/detail/target__rosidl_typesupport_introspection_c.h
[0.482s] -- Up-to-date symlink: /home/lucads/intelligent-machine-design-lab/irobot_ws/install/custom_msg/include/custom_msg/custom_msg/msg/rosidl_typesupport_introspection_c__visibility_control.h
[0.483s] -- Up-to-date symlink: /home/lucads/intelligent-machine-design-lab/irobot_ws/install/custom_msg/include/custom_msg/custom_msg/msg/detail/target__rosidl_typesupport_introspection_cpp.hpp
[0.483s] -- Up-to-date symlink: /home/lucads/intelligent-machine-design-lab/irobot_ws/install/custom_msg/share/custom_msg/environment/pythonpath.sh
[0.483s] -- Up-to-date symlink: /home/lucads/intelligent-machine-design-lab/irobot_ws/install/custom_msg/share/custom_msg/environment/pythonpath.dsv
[0.483s] -- Up-to-date symlink: /home/lucads/intelligent-machine-design-lab/irobot_ws/install/custom_msg/local/lib/python3.10/dist-packages/custom_msg-0.0.0-py3.10.egg-info/PKG-INFO
[0.483s] -- Up-to-date symlink: /home/lucads/intelligent-machine-design-lab/irobot_ws/install/custom_msg/local/lib/python3.10/dist-packages/custom_msg-0.0.0-py3.10.egg-info/SOURCES.txt
[0.483s] -- Up-to-date symlink: /home/lucads/intelligent-machine-design-lab/irobot_ws/install/custom_msg/local/lib/python3.10/dist-packages/custom_msg-0.0.0-py3.10.egg-info/dependency_links.txt
[0.484s] -- Up-to-date symlink: /home/lucads/intelligent-machine-design-lab/irobot_ws/install/custom_msg/local/lib/python3.10/dist-packages/custom_msg-0.0.0-py3.10.egg-info/top_level.txt
[0.484s] -- Up-to-date symlink: /home/lucads/intelligent-machine-design-lab/irobot_ws/install/custom_msg/local/lib/python3.10/dist-packages/custom_msg/__init__.py
[0.484s] -- Up-to-date symlink: /home/lucads/intelligent-machine-design-lab/irobot_ws/install/custom_msg/local/lib/python3.10/dist-packages/custom_msg/_custom_msg_s.ep.rosidl_typesupport_c.c
[0.484s] -- Up-to-date symlink: /home/lucads/intelligent-machine-design-lab/irobot_ws/install/custom_msg/local/lib/python3.10/dist-packages/custom_msg/_custom_msg_s.ep.rosidl_typesupport_fastrtps_c.c
[0.484s] -- Up-to-date symlink: /home/lucads/intelligent-machine-design-lab/irobot_ws/install/custom_msg/local/lib/python3.10/dist-packages/custom_msg/_custom_msg_s.ep.rosidl_typesupport_introspection_c.c
[0.484s] -- Up-to-date symlink: /home/lucads/intelligent-machine-design-lab/irobot_ws/install/custom_msg/local/lib/python3.10/dist-packages/custom_msg/custom_msg_s__rosidl_typesupport_c.cpython-310-x86_64-linux-gnu.so
[0.485s] -- Up-to-date symlink: /home/lucads/intelligent-machine-design-lab/irobot_ws/install/custom_msg/local/lib/python3.10/dist-packages/custom_msg/custom_msg_s__rosidl_typesupport_fastrtps_c.cpython-310-x86_64-linux-gnu.so
[0.485s] -- Up-to-date symlink: /home/lucads/intelligent-machine-design-lab/irobot_ws/install/custom_msg/local/lib/python3.10/dist-packages/custom_msg/custom_msg_s__rosidl_typesupport_introspection_c.cpython-310-x86_64-linux-gnu.so
[0.485s] -- Up-to-date symlink: /home/lucads/intelligent-machine-design-lab/irobot_ws/install/custom_msg/local/lib/python3.10/dist-packages/custom_msg/libcustom_msg__rosidl_generator_py.so
[0.485s] -- Up-to-date symlink: /home/lucads/intelligent-machine-design-lab/irobot_ws/install/custom_msg/local/lib/python3.10/dist-packages/custom_msg/msg/__init__.py
[0.485s] -- Up-to-date symlink: /home/lucads/intelligent-machine-design-lab/irobot_ws/install/custom_msg/local/lib/python3.10/dist-packages/custom_msg/msg/_target.py
[0.485s] -- Up-to-date symlink: /home/lucads/intelligent-machine-design-lab/irobot_ws/install/custom_msg/local/lib/python3.10/dist-packages/custom_msg/msg/_target_s.c
[0.486s] -- Up-to-date symlink: /home/lucads/intelligent-machine-design-lab/irobot_ws/install/custom_msg/local/lib/python3.10/dist-packages/custom_msg/custom_msg_s__rosidl_typesupport_fastrtps_c.cpython-310-x86_64-linux-gnu.so
[0.486s] -- Up-to-date symlink: /home/lucads/intelligent-machine-design-lab/irobot_ws/install/custom_msg/local/lib/python3.10/dist-packages/custom_msg/custom_msg_s__rosidl_typesupport_introspection_c.cpython-310-x86_64-linux-gnu.so
[0.486s] -- Up-to-date symlink: /home/lucads/intelligent-machine-design-lab/irobot_ws/install/custom_msg/local/lib/python3.10/dist-packages/custom_msg/custom_msg_s__rosidl_typesupport_c.cpython-310-x86_64-linux-gnu.so
[0.486s] -- Up-to-date symlink: /home/lucads/intelligent-machine-design-lab/irobot_ws/install/custom_msg/share/custom_msg/msg/Target.idl
[0.487s] -- Up-to-date symlink: /home/lucads/intelligent-machine-design-lab/irobot_ws/install/custom_msg/share/custom_msg/msg/Target.msg
[0.487s] -- Up-to-date symlink: /home/lucads/intelligent-machine-design-lab/irobot_ws/install/custom_msg/share/ament_index/resource_index/package_run_dependencies/custom_msg
[0.487s] -- Up-to-date symlink: /home/lucads/intelligent-machine-design-lab/irobot_ws/install/custom_msg/share/ament_index/resource_index/parent_prefix_path/custom_msg
[0.487s] -- Up-to-date symlink: /home/lucads/intelligent-machine-design-lab/irobot_ws/install/custom_msg/share/custom_msg/environment/ament_prefix_path.sh
[0.487s] -- Up-to-date symlink: /home/lucads/intelligent-machine-design-lab/irobot_ws/install/custom_msg/share/custom_msg/environment/ament_prefix_path.dsv
[0.487s] -- Up-to-date symlink: /home/lucads/intelligent-machine-design-lab/irobot_ws/install/custom_msg/share/custom_msg/environment/path.sh
[0.487s] -- Up-to-date symlink: /home/lucads/intelligent-machine-design-lab/irobot_ws/install/custom_msg/share/custom_msg/environment/path.dsv
[0.488s] -- Up-to-date symlink: /home/lucads/intelligent-machine-design-lab/irobot_ws/install/custom_msg/share/custom_msg/local_setup.bash
[0.488s] -- Up-to-date symlink: /home/lucads/intelligent-machine-design-lab/irobot_ws/install/custom_msg/share/custom_msg/local_setup.sh
[0.488s] -- Up-to-date symlink: /home/lucads/intelligent-machine-design-lab/irobot_ws/install/custom_msg/share/custom_msg/local_setup.zsh
[0.488s] -- Up-to-date symlink: /home/lucads/intelligent-machine-design-lab/irobot_ws/install/custom_msg/share/custom_msg/local_setup.dsv
[0.488s] -- Symlinking: /home/lucads/intelligent-machine-design-lab/irobot_ws/install/custom_msg/share/custom_msg/package.dsv
[0.495s] -- Up-to-date symlink: /home/lucads/intelligent-machine-design-lab/irobot_ws/install/custom_msg/share/ament_index/resource_index/packages/custom_msg
[0.495s] -- Up-to-date symlink: /home/lucads/intelligent-machine-design-lab/irobot_ws/install/custom_msg/share/custom_msg/cmake/rosidl_cmake-extras.cmake
[0.496s] -- Up-to-date symlink: /home/lucads/intelligent-machine-design-lab/irobot_ws/install/custom_msg/share/custom_msg/cmake/ament_cmake_export_dependencies-extras.cmake
[0.496s] -- Up-to-date symlink: /home/lucads/intelligent-machine-design-lab/irobot_ws/install/custom_msg/share/custom_msg/cmake/ament_cmake_export_include_directories-extras.cmake
[0.496s] -- Up-to-date symlink: /home/lucads/intelligent-machine-design-lab/irobot_ws/install/custom_msg/share/custom_msg/cmake/ament_cmake_export_libraries-extras.cmake
[0.496s] -- Up-to-date symlink: /home/lucads/intelligent-machine-design-lab/irobot_ws/install/custom_msg/share/custom_msg/cmake/ament_cmake_export_targets-extras.cmake
[0.496s] -- Up-to-date symlink: /home/lucads/intelligent-machine-design-lab/irobot_ws/install/custom_msg/share/custom_msg/cmake/rosidl_cmake_export_typesupport_targets-extras.cmake
[0.496s] -- Up-to-date symlink: /home/lucads/intelligent-machine-design-lab/irobot_ws/install/custom_msg/share/custom_msg/cmake/rosidl_cmake_export_typesupport_libraries-extras.cmake
[0.496s] -- Up-to-date symlink: /home/lucads/intelligent-machine-design-lab/irobot_ws/install/custom_msg/share/custom_msg/cmake/custom_msgConfig.cmake
[0.496s] -- Up-to-date symlink: /home/lucads/intelligent-machine-design-lab/irobot_ws/install/custom_msg/share/custom_msg/cmake/custom_msgConfig-version.cmake
[0.496s] -- Up-to-date symlink: /home/lucads/intelligent-machine-design-lab/irobot_ws/install/custom_msg/share/custom_msg/package.xml
[0.496s] -- Up-to-date: /home/lucads/intelligent-machine-design-lab/irobot_ws/install/custom_msg/lib/libcustom_msg__rosidl_generator_c.so
[0.497s] -- Up-to-date: /home/lucads/intelligent-machine-design-lab/irobot_ws/install/custom_msg/lib/libcustom_msg__rosidl_typesupport_fastrtps_c.so
[0.499s] -- Up-to-date: /home/lucads/intelligent-machine-design-lab/irobot_ws/install/custom_msg/lib/libcustom_msg__rosidl_typesupport_fastrtps_cpp.so
[0.500s] -- Up-to-date: /home/lucads/intelligent-machine-design-lab/irobot_ws/install/custom_msg/lib/libcustom_msg__rosidl_typesupport_introspection_c.so
[0.500s] -- Up-to-date: /home/lucads/intelligent-machine-design-lab/irobot_ws/install/custom_msg/lib/libcustom_msg__rosidl_typesupport_c.so
[0.500s] -- Up-to-date: /home/lucads/intelligent-machine-design-lab/irobot_ws/install/custom_msg/lib/libcustom_msg__rosidl_typesupport_introspection_cpp.so
[0.500s] -- Up-to-date: /home/lucads/intelligent-machine-design-lab/irobot_ws/install/custom_msg/lib/libcustom_msg__rosidl_typesupport_cpp.so
[0.526s] Listing '/home/lucads/intelligent-machine-design-lab/irobot_ws/install/custom_msg/local/lib/python3.10/dist-packages/custom_msg'...
[0.526s] Listing '/home/lucads/intelligent-machine-design-lab/irobot_ws/install/custom_msg/local/lib/python3.10/dist-packages/custom_msg/msg'...
[0.529s] -- Up-to-date: /home/lucads/intelligent-machine-design-lab/irobot_ws/install/custom_msg/lib/libcustom_msg__rosidl_generator_py.so
[0.530s] -- Up-to-date: /home/lucads/intelligent-machine-design-lab/irobot_ws/install/custom_msg/share/custom_msg/cmake/export_custom_msg__rosidl_generator_cExport.cmake
[0.530s] -- Up-to-date: /home/lucads/intelligent-machine-design-lab/irobot_ws/install/custom_msg/share/custom_msg/cmake/export_custom_msg__rosidl_generator_cExport-noconfig.cmake
[0.530s] -- Up-to-date: /home/lucads/intelligent-machine-design-lab/irobot_ws/install/custom_msg/share/custom_msg/cmake/export_custom_msg__rosidl_typesupport_fastrtps_cExport.cmake
[0.530s] -- Up-to-date: /home/lucads/intelligent-machine-design-lab/irobot_ws/install/custom_msg/share/custom_msg/cmake/export_custom_msg__rosidl_typesupport_fastrtps_cExport-noconfig.cmake
[0.530s] -- Up-to-date: /home/lucads/intelligent-machine-design-lab/irobot_ws/install/custom_msg/share/custom_msg/cmake/export_custom_msg__rosidl_generator_cppExport.cmake
[0.530s] -- Up-to-date: /home/lucads/intelligent-machine-design-lab/irobot_ws/install/custom_msg/share/custom_msg/cmake/export_custom_msg__rosidl_typesupport_fastrtps_cppExport.cmake
[0.530s] -- Up-to-date: /home/lucads/intelligent-machine-design-lab/irobot_ws/install/custom_msg/share/custom_msg/cmake/export_custom_msg__rosidl_typesupport_fastrtps_cppExport-noconfig.cmake
[0.530s] -- Up-to-date: /home/lucads/intelligent-machine-design-lab/irobot_ws/install/custom_msg/share/custom_msg/cmake/custom_msg__rosidl_typesupport_introspection_cExport.cmake
[0.530s] -- Up-to-date: /home/lucads/intelligent-machine-design-lab/irobot_ws/install/custom_msg/share/custom_msg/cmake/custom_msg__rosidl_typesupport_introspection_cExport-noconfig.cmake
[0.530s] -- Up-to-date: /home/lucads/intelligent-machine-design-lab/irobot_ws/install/custom_msg/share/custom_msg/cmake/custom_msg__rosidl_typesupport_cExport.cmake
[0.531s] -- Up-to-date: /home/lucads/intelligent-machine-design-lab/irobot_ws/install/custom_msg/share/custom_msg/cmake/custom_msg__rosidl_typesupport_cExport-noconfig.cmake
[0.531s] -- Up-to-date: /home/lucads/intelligent-machine-design-lab/irobot_ws/install/custom_msg/share/custom_msg/cmake/custom_msg__rosidl_typesupport_introspection_cppExport.cmake
[0.531s] -- Up-to-date: /home/lucads/intelligent-machine-design-lab/irobot_ws/install/custom_msg/share/custom_msg/cmake/custom_msg__rosidl_typesupport_introspection_cppExport-noconfig.cmake
[0.531s] -- Up-to-date: /home/lucads/intelligent-machine-design-lab/irobot_ws/install/custom_msg/share/custom_msg/cmake/custom_msg__rosidl_typesupport_cppExport.cmake
[0.531s] -- Up-to-date: /home/lucads/intelligent-machine-design-lab/irobot_ws/install/custom_msg/share/custom_msg/cmake/custom_msg__rosidl_typesupport_cppExport-noconfig.cmake
[0.531s] -- Up-to-date: /home/lucads/intelligent-machine-design-lab/irobot_ws/install/custom_msg/share/custom_msg/cmake/export_custom_msg__rosidl_generator_pyExport.cmake
[0.531s] -- Up-to-date: /home/lucads/intelligent-machine-design-lab/irobot_ws/install/custom_msg/share/custom_msg/cmake/export_custom_msg__rosidl_generator_pyExport-noconfig.cmake
[0.537s] Invoked command in '/home/lucads/intelligent-machine-design-lab/irobot_ws/build/custom_msg' returned '0': CMAKE_PREFIX_PATH=${CMAKE_PREFIX_PATH}:/opt/ros/humble /usr/bin/cmake --install /home/lucads/intelligent-machine-design-lab/irobot_ws/build/custom_msg
