-- Found ament_cmake: 1.3.4 (/home/lucads/ros2_humble/install/ament_cmake/share/ament_cmake/cmake)
-- Override CMake install command with custom implementation using symlinks instead of copying resources
-- Found geometry_msgs: 4.2.3 (/home/lucads/ros2_humble/install/geometry_msgs/share/geometry_msgs/cmake)
-- Found rosidl_generator_c: 3.1.4 (/home/lucads/ros2_humble/install/rosidl_generator_c/share/rosidl_generator_c/cmake)
-- Found rosidl_adapter: 3.1.4 (/home/lucads/ros2_humble/install/rosidl_adapter/share/rosidl_adapter/cmake)
-- Found rosidl_generator_cpp: 3.1.4 (/home/lucads/ros2_humble/install/rosidl_generator_cpp/share/rosidl_generator_cpp/cmake)
-- Using all available rosidl_typesupport_c: rosidl_typesupport_introspection_c;rosidl_typesupport_fastrtps_c
-- Using all available rosidl_typesupport_cpp: rosidl_typesupport_introspection_cpp;rosidl_typesupport_fastrtps_cpp
CMake Error at CMakeLists.txt:15 (find_package):
  By not providing "Findirobot_create_msgs.cmake" in CMAKE_MODULE_PATH this
  project has asked CMake to find a package configuration file provided by
  "irobot_create_msgs", but CMake did not find one.

  Could not find a package configuration file provided by
  "irobot_create_msgs" with any of the following names:

    irobot_create_msgsConfig.cmake
    irobot_create_msgs-config.cmake

  Add the installation prefix of "irobot_create_msgs" to CMAKE_PREFIX_PATH or
  set "irobot_create_msgs_DIR" to a directory containing one of the above
  files.  If "irobot_create_msgs" provides a separate development package or
  SDK, be sure it has been installed.


-- Configuring incomplete, errors occurred!
See also "/home/lucads/irobot_ws/build/irobot_create_gazebo_plugins/CMakeFiles/CMakeOutput.log".
