[0.017s] Invoking command in '/home/lucads/intelligent-machine-design-lab/irobot_ws/build/irobot_create_ignition_plugins': CMAKE_PREFIX_PATH=/opt/ros/humble /usr/bin/cmake /home/lucads/intelligent-machine-design-lab/irobot_ws/src/create3_sim/irobot_create_ignition/irobot_create_ignition_plugins -DAMENT_CMAKE_SYMLINK_INSTALL=1 -DCMAKE_INSTALL_PREFIX=/home/lucads/intelligent-machine-design-lab/irobot_ws/install/irobot_create_ignition_plugins
[0.058s] -- The C compiler identification is GNU 11.3.0
[0.103s] -- The CXX compiler identification is GNU 11.3.0
[0.109s] -- Detecting C compiler ABI info
[0.158s] -- Detecting C compiler ABI info - done
[0.166s] -- Check for working C compiler: /usr/bin/cc - skipped
[0.166s] -- Detecting C compile features
[0.166s] -- Detecting C compile features - done
[0.169s] -- Detecting CXX compiler ABI info
[0.228s] -- Detecting CXX compiler ABI info - done
[0.235s] -- Check for working CXX compiler: /usr/bin/c++ - skipped
[0.236s] -- Detecting CXX compile features
[0.236s] -- Detecting CXX compile features - done
[0.238s] -- Found ament_cmake: 1.3.4 (/opt/ros/humble/share/ament_cmake/cmake)
[0.387s] -- Found Python3: /usr/bin/python3.10 (found version "3.10.6") found components: Interpreter 
[0.443s] -- Override CMake install command with custom implementation using symlinks instead of copying resources
[0.763s] -- Found Protobuf: /usr/lib/x86_64-linux-gnu/libprotobuf.so (found suitable version "3.12.4", minimum required is "3") 
[1.336s] -- Found ament_lint_auto: 0.12.6 (/opt/ros/humble/share/ament_lint_auto/cmake)
[1.407s] -- Added test 'cppcheck' to perform static code analysis on C / C++ code
[1.407s] -- Configured cppcheck include dirs: 
[1.407s] -- Configured cppcheck exclude dirs and/or files: 
[1.407s] -- Added test 'cpplint' to check C / C++ code against the Google style
[1.408s] -- Configured cpplint exclude dirs and/or files: 
[1.408s] -- Added test 'lint_cmake' to check CMake code style
[1.409s] -- Added test 'xmllint' to check XML markup files
[1.410s] -- Configuring done
[1.444s] -- Generating done
[1.446s] -- Build files have been written to: /home/lucads/intelligent-machine-design-lab/irobot_ws/build/irobot_create_ignition_plugins
[1.457s] Invoked command in '/home/lucads/intelligent-machine-design-lab/irobot_ws/build/irobot_create_ignition_plugins' returned '0': CMAKE_PREFIX_PATH=/opt/ros/humble /usr/bin/cmake /home/lucads/intelligent-machine-design-lab/irobot_ws/src/create3_sim/irobot_create_ignition/irobot_create_ignition_plugins -DAMENT_CMAKE_SYMLINK_INSTALL=1 -DCMAKE_INSTALL_PREFIX=/home/lucads/intelligent-machine-design-lab/irobot_ws/install/irobot_create_ignition_plugins
[1.459s] Invoking command in '/home/lucads/intelligent-machine-design-lab/irobot_ws/build/irobot_create_ignition_plugins': CMAKE_PREFIX_PATH=/opt/ros/humble /usr/bin/cmake --build /home/lucads/intelligent-machine-design-lab/irobot_ws/build/irobot_create_ignition_plugins -- -j12 -l12
[1.491s] [ 16%] [34m[1mAutomatic MOC for target Create3Hmi[0m
[3.181s] [ 16%] Built target Create3Hmi_autogen
[3.188s] [ 33%] [34m[1mGenerating qrc_Create3Hmi.cpp[0m
[3.205s] [ 83%] [32mBuilding CXX object Create3Hmi/CMakeFiles/Create3Hmi.dir/qrc_Create3Hmi.cpp.o[0m
[3.205s] [ 83%] [32mBuilding CXX object Create3Hmi/CMakeFiles/Create3Hmi.dir/Create3Hmi_autogen/mocs_compilation.cpp.o[0m
[3.205s] [ 83%] [32mBuilding CXX object Create3Hmi/CMakeFiles/Create3Hmi.dir/Create3Hmi.cc.o[0m
[19.285s] [100%] [32m[1mLinking CXX shared library libCreate3Hmi.so[0m
[20.670s] [100%] Built target Create3Hmi
[20.717s] Invoked command in '/home/lucads/intelligent-machine-design-lab/irobot_ws/build/irobot_create_ignition_plugins' returned '0': CMAKE_PREFIX_PATH=/opt/ros/humble /usr/bin/cmake --build /home/lucads/intelligent-machine-design-lab/irobot_ws/build/irobot_create_ignition_plugins -- -j12 -l12
[21.017s] Invoking command in '/home/lucads/intelligent-machine-design-lab/irobot_ws/build/irobot_create_ignition_plugins': CMAKE_PREFIX_PATH=/opt/ros/humble /usr/bin/cmake --install /home/lucads/intelligent-machine-design-lab/irobot_ws/build/irobot_create_ignition_plugins
[21.043s] -- Install configuration: ""
[21.044s] -- Execute custom install script
[21.045s] -- Symlinking: /home/lucads/intelligent-machine-design-lab/irobot_ws/install/irobot_create_ignition_plugins/share/irobot_create_ignition_plugins/lib/libCreate3Hmi.so
[21.069s] -- Symlinking: /home/lucads/intelligent-machine-design-lab/irobot_ws/install/irobot_create_ignition_plugins/share/ament_index/resource_index/package_run_dependencies/irobot_create_ignition_plugins
[21.098s] -- Symlinking: /home/lucads/intelligent-machine-design-lab/irobot_ws/install/irobot_create_ignition_plugins/share/ament_index/resource_index/parent_prefix_path/irobot_create_ignition_plugins
[21.137s] -- Symlinking: /home/lucads/intelligent-machine-design-lab/irobot_ws/install/irobot_create_ignition_plugins/share/irobot_create_ignition_plugins/environment/ament_prefix_path.sh
[21.161s] -- Symlinking: /home/lucads/intelligent-machine-design-lab/irobot_ws/install/irobot_create_ignition_plugins/share/irobot_create_ignition_plugins/environment/ament_prefix_path.dsv
[21.184s] -- Symlinking: /home/lucads/intelligent-machine-design-lab/irobot_ws/install/irobot_create_ignition_plugins/share/irobot_create_ignition_plugins/environment/path.sh
[21.222s] -- Symlinking: /home/lucads/intelligent-machine-design-lab/irobot_ws/install/irobot_create_ignition_plugins/share/irobot_create_ignition_plugins/environment/path.dsv
[21.262s] -- Symlinking: /home/lucads/intelligent-machine-design-lab/irobot_ws/install/irobot_create_ignition_plugins/share/irobot_create_ignition_plugins/local_setup.bash
[21.298s] -- Symlinking: /home/lucads/intelligent-machine-design-lab/irobot_ws/install/irobot_create_ignition_plugins/share/irobot_create_ignition_plugins/local_setup.sh
[21.333s] -- Symlinking: /home/lucads/intelligent-machine-design-lab/irobot_ws/install/irobot_create_ignition_plugins/share/irobot_create_ignition_plugins/local_setup.zsh
[21.394s] -- Symlinking: /home/lucads/intelligent-machine-design-lab/irobot_ws/install/irobot_create_ignition_plugins/share/irobot_create_ignition_plugins/local_setup.dsv
[21.450s] -- Symlinking: /home/lucads/intelligent-machine-design-lab/irobot_ws/install/irobot_create_ignition_plugins/share/irobot_create_ignition_plugins/package.dsv
[21.468s] -- Symlinking: /home/lucads/intelligent-machine-design-lab/irobot_ws/install/irobot_create_ignition_plugins/share/ament_index/resource_index/packages/irobot_create_ignition_plugins
[21.493s] -- Symlinking: /home/lucads/intelligent-machine-design-lab/irobot_ws/install/irobot_create_ignition_plugins/share/irobot_create_ignition_plugins/cmake/irobot_create_ignition_pluginsConfig.cmake
[21.516s] -- Symlinking: /home/lucads/intelligent-machine-design-lab/irobot_ws/install/irobot_create_ignition_plugins/share/irobot_create_ignition_plugins/cmake/irobot_create_ignition_pluginsConfig-version.cmake
[21.537s] -- Symlinking: /home/lucads/intelligent-machine-design-lab/irobot_ws/install/irobot_create_ignition_plugins/share/irobot_create_ignition_plugins/package.xml
[21.569s] Invoked command in '/home/lucads/intelligent-machine-design-lab/irobot_ws/build/irobot_create_ignition_plugins' returned '0': CMAKE_PREFIX_PATH=/opt/ros/humble /usr/bin/cmake --install /home/lucads/intelligent-machine-design-lab/irobot_ws/build/irobot_create_ignition_plugins
