[0.016s] Invoking command in '/home/lucads/intelligent-machine-design-lab/irobot_ws/build/irobot_create_common_bringup': AMENT_PREFIX_PATH=/home/lucads/intelligent-machine-design-lab/irobot_ws/install/irobot_create_nodes:/home/lucads/intelligent-machine-design-lab/irobot_ws/install/irobot_create_toolbox:/home/lucads/intelligent-machine-design-lab/irobot_ws/install/irobot_create_description:/home/lucads/intelligent-machine-design-lab/irobot_ws/install/irobot_create_control:${AMENT_PREFIX_PATH} CMAKE_PREFIX_PATH=/home/lucads/intelligent-machine-design-lab/irobot_ws/install/irobot_create_nodes:/home/lucads/intelligent-machine-design-lab/irobot_ws/install/irobot_create_toolbox:/home/lucads/intelligent-machine-design-lab/irobot_ws/install/irobot_create_description:/home/lucads/intelligent-machine-design-lab/irobot_ws/install/irobot_create_control:/opt/ros/humble LD_LIBRARY_PATH=/home/lucads/intelligent-machine-design-lab/irobot_ws/install/irobot_create_nodes/lib:/home/lucads/intelligent-machine-design-lab/irobot_ws/install/irobot_create_toolbox/lib:${LD_LIBRARY_PATH} /usr/bin/cmake /home/lucads/intelligent-machine-design-lab/irobot_ws/src/create3_sim/irobot_create_common/irobot_create_common_bringup -DAMENT_CMAKE_SYMLINK_INSTALL=1 -DCMAKE_INSTALL_PREFIX=/home/lucads/intelligent-machine-design-lab/irobot_ws/install/irobot_create_common_bringup
[0.082s] -- The C compiler identification is GNU 11.3.0
[0.129s] -- The CXX compiler identification is GNU 11.3.0
[0.136s] -- Detecting C compiler ABI info
[0.187s] -- Detecting C compiler ABI info - done
[0.194s] -- Check for working C compiler: /usr/bin/cc - skipped
[0.194s] -- Detecting C compile features
[0.195s] -- Detecting C compile features - done
[0.197s] -- Detecting CXX compiler ABI info
[0.259s] -- Detecting CXX compiler ABI info - done
[0.267s] -- Check for working CXX compiler: /usr/bin/c++ - skipped
[0.268s] -- Detecting CXX compile features
[0.268s] -- Detecting CXX compile features - done
[0.274s] -- Found ament_cmake: 1.3.4 (/opt/ros/humble/share/ament_cmake/cmake)
[0.415s] -- Found Python3: /usr/bin/python3.10 (found version "3.10.6") found components: Interpreter 
[0.466s] -- Override CMake install command with custom implementation using symlinks instead of copying resources
[0.563s] -- Found ament_lint_auto: 0.12.6 (/opt/ros/humble/share/ament_lint_auto/cmake)
[0.638s] -- Added test 'flake8' to check Python code syntax and style conventions
[0.639s] -- Added test 'lint_cmake' to check CMake code style
[0.639s] -- Added test 'pep257' to check Python code against some of the docstring style conventions in PEP 257
[0.641s] -- Added test 'xmllint' to check XML markup files
[0.642s] -- Configuring done
[0.645s] -- Generating done
[0.646s] -- Build files have been written to: /home/lucads/intelligent-machine-design-lab/irobot_ws/build/irobot_create_common_bringup
