[0.017s] Invoking command in '/home/lucads/intelligent-machine-design-lab/irobot_ws/build/custom_msgs': /usr/bin/cmake /home/lucads/intelligent-machine-design-lab/irobot_ws/src/custom_msgs -DCMAKE_INSTALL_PREFIX=/home/lucads/intelligent-machine-design-lab/irobot_ws/install/custom_msgs
[0.026s] -- Found ament_cmake: 1.3.4 (/opt/ros/humble/share/ament_cmake/cmake)
[0.150s] -- Override CMake install command with custom implementation using symlinks instead of copying resources
[0.160s] -- Found geometry_msgs: 4.2.3 (/opt/ros/humble/share/geometry_msgs/cmake)
[0.197s] -- Found rosidl_generator_c: 3.1.4 (/opt/ros/humble/share/rosidl_generator_c/cmake)
[0.202s] -- Found rosidl_adapter: 3.1.4 (/opt/ros/humble/share/rosidl_adapter/cmake)
[0.210s] -- Found rosidl_generator_cpp: 3.1.4 (/opt/ros/humble/share/rosidl_generator_cpp/cmake)
[0.222s] -- Using all available rosidl_typesupport_c: rosidl_typesupport_fastrtps_c;rosidl_typesupport_introspection_c
[0.241s] -- Using all available rosidl_typesupport_cpp: rosidl_typesupport_fastrtps_cpp;rosidl_typesupport_introspection_cpp
[0.410s] -- Found rosidl_default_generators: 1.2.0 (/opt/ros/humble/share/rosidl_default_generators/cmake)
[0.572s] [31mCMake Error at /opt/ros/humble/share/rosidl_adapter/cmake/rosidl_adapt_interfaces.cmake:59 (message):
[0.573s]   execute_process(/usr/bin/python3.10 -m rosidl_adapter --package-name
[0.573s]   custom_msgs --arguments-file
[0.573s]   /home/lucads/intelligent-machine-design-lab/irobot_ws/build/custom_msgs/rosidl_adapter__arguments__custom_msgs.json
[0.573s]   --output-dir
[0.573s]   /home/lucads/intelligent-machine-design-lab/irobot_ws/build/custom_msgs/rosidl_adapter/custom_msgs
[0.573s]   --output-file
[0.573s]   /home/lucads/intelligent-machine-design-lab/irobot_ws/build/custom_msgs/rosidl_adapter/custom_msgs.idls)
[0.573s]   returned error code 1:
[0.573s] 
[0.573s]   Traceback (most recent call last):
[0.573s] 
[0.573s]     File "/usr/lib/python3.10/runpy.py", line 196, in _run_module_as_main
[0.573s]       return _run_code(code, main_globals, None,
[0.573s]     File "/usr/lib/python3.10/runpy.py", line 86, in _run_code
[0.573s]       exec(code, run_globals)
[0.573s]     File "/opt/ros/humble/local/lib/python3.10/dist-packages/rosidl_adapter/__main__.py", line 19, in <module>
[0.573s]       sys.exit(main())
[0.573s]     File "/opt/ros/humble/local/lib/python3.10/dist-packages/rosidl_adapter/main.py", line 53, in main
[0.574s]       abs_idl_file = convert_to_idl(
[0.574s]     File "/opt/ros/humble/local/lib/python3.10/dist-packages/rosidl_adapter/__init__.py", line 19, in convert_to_idl
[0.574s]       return convert_msg_to_idl(
[0.574s]     File "/opt/ros/humble/local/lib/python3.10/dist-packages/rosidl_adapter/msg/__init__.py", line 28, in convert_msg_to_idl
[0.574s]       msg = parse_message_string(package_name, input_file.stem, content)
[0.574s]     File "/opt/ros/humble/local/lib/python3.10/dist-packages/rosidl_adapter/parser.py", line 544, in parse_message_string
[0.574s]       msg = MessageSpecification(pkg_name, msg_name, fields, constants)
[0.574s]     File "/opt/ros/humble/local/lib/python3.10/dist-packages/rosidl_adapter/parser.py", line 388, in __init__
[0.574s]       self.base_type = BaseType(
[0.574s]     File "/opt/ros/humble/local/lib/python3.10/dist-packages/rosidl_adapter/parser.py", line 205, in __init__
[0.574s]       raise InvalidResourceName(
[0.574s] 
[0.574s]   rosidl_adapter.parser.InvalidResourceName: 'target' is an invalid message
[0.574s]   name.  It should have the pattern '^[A-Z][A-Za-z0-9]*$'
[0.574s] 
[0.574s] Call Stack (most recent call first):
[0.574s]   /opt/ros/humble/share/rosidl_cmake/cmake/rosidl_generate_interfaces.cmake:130 (rosidl_adapt_interfaces)
[0.575s]   CMakeLists.txt:21 (rosidl_generate_interfaces)
[0.575s] 
[0.575s] [0m
[0.575s] -- Configuring incomplete, errors occurred!
[0.575s] See also "/home/lucads/intelligent-machine-design-lab/irobot_ws/build/custom_msgs/CMakeFiles/CMakeOutput.log".
[0.578s] Invoked command in '/home/lucads/intelligent-machine-design-lab/irobot_ws/build/custom_msgs' returned '1': /usr/bin/cmake /home/lucads/intelligent-machine-design-lab/irobot_ws/src/custom_msgs -DCMAKE_INSTALL_PREFIX=/home/lucads/intelligent-machine-design-lab/irobot_ws/install/custom_msgs
