[0.026s] Invoking command in '/home/lucads/intelligent-machine-design-lab/irobot_ws/build/irobot_create_toolbox': CMAKE_PREFIX_PATH=/opt/ros/humble /usr/bin/cmake /home/lucads/intelligent-machine-design-lab/irobot_ws/src/create3_sim/irobot_create_common/irobot_create_toolbox -DAMENT_CMAKE_SYMLINK_INSTALL=1 -DCMAKE_INSTALL_PREFIX=/home/lucads/intelligent-machine-design-lab/irobot_ws/install/irobot_create_toolbox
[0.069s] -- The C compiler identification is GNU 11.3.0
[0.120s] -- The CXX compiler identification is GNU 11.3.0
[0.129s] -- Detecting C compiler ABI info
[0.183s] -- Detecting C compiler ABI info - done
[0.190s] -- Check for working C compiler: /usr/bin/cc - skipped
[0.191s] -- Detecting C compile features
[0.191s] -- Detecting C compile features - done
[0.195s] -- Detecting CXX compiler ABI info
[0.260s] -- Detecting CXX compiler ABI info - done
[0.269s] -- Check for working CXX compiler: /usr/bin/c++ - skipped
[0.269s] -- Detecting CXX compile features
[0.269s] -- Detecting CXX compile features - done
[0.271s] -- Found ament_cmake: 1.3.4 (/opt/ros/humble/share/ament_cmake/cmake)
[0.422s] -- Found Python3: /usr/bin/python3.10 (found version "3.10.6") found components: Interpreter 
[0.481s] -- Override CMake install command with custom implementation using symlinks instead of copying resources
[0.506s] -- Looking for ignition-math6 -- found version 6.14.0
[0.514s] -- Searching for dependencies of ignition-math6
[0.516s] -- Found rclcpp: 16.0.4 (/opt/ros/humble/share/rclcpp/cmake)
[0.571s] -- Found rosidl_generator_c: 3.1.4 (/opt/ros/humble/share/rosidl_generator_c/cmake)
[0.575s] -- Found rosidl_adapter: 3.1.4 (/opt/ros/humble/share/rosidl_adapter/cmake)
[0.583s] -- Found rosidl_generator_cpp: 3.1.4 (/opt/ros/humble/share/rosidl_generator_cpp/cmake)
[0.602s] -- Using all available rosidl_typesupport_c: rosidl_typesupport_fastrtps_c;rosidl_typesupport_introspection_c
[0.619s] -- Using all available rosidl_typesupport_cpp: rosidl_typesupport_fastrtps_cpp;rosidl_typesupport_introspection_cpp
[0.688s] -- Found rmw_implementation_cmake: 6.1.1 (/opt/ros/humble/share/rmw_implementation_cmake/cmake)
[0.690s] -- Found rmw_fastrtps_cpp: 6.2.2 (/opt/ros/humble/share/rmw_fastrtps_cpp/cmake)
[0.779s] -- Found OpenSSL: /usr/lib/x86_64-linux-gnu/libcrypto.so (found version "3.0.2")  
[0.807s] -- Found FastRTPS: /opt/ros/humble/include  
[0.855s] -- Using RMW implementation 'rmw_fastrtps_cpp' as default
[0.863s] -- Looking for pthread.h
[0.915s] -- Looking for pthread.h - found
[0.915s] -- Performing Test CMAKE_HAVE_LIBC_PTHREAD
[0.967s] -- Performing Test CMAKE_HAVE_LIBC_PTHREAD - Success
[0.968s] -- Found Threads: TRUE  
[1.132s] -- Found ament_lint_auto: 0.12.6 (/opt/ros/humble/share/ament_lint_auto/cmake)
[1.205s] -- Added test 'cppcheck' to perform static code analysis on C / C++ code
[1.206s] -- Configured cppcheck include dirs: /home/lucads/intelligent-machine-design-lab/irobot_ws/src/create3_sim/irobot_create_common/irobot_create_toolbox/include
[1.206s] -- Configured cppcheck exclude dirs and/or files: 
[1.206s] -- Added test 'cpplint' to check C / C++ code against the Google style
[1.206s] -- Configured cpplint exclude dirs and/or files: 
[1.207s] -- Added test 'lint_cmake' to check CMake code style
[1.208s] -- Added test 'uncrustify' to check C / C++ code style
[1.208s] -- Configured uncrustify additional arguments: 
[1.208s] -- Added test 'xmllint' to check XML markup files
[1.210s] -- Configuring done
[1.217s] -- Generating done
[1.218s] -- Build files have been written to: /home/lucads/intelligent-machine-design-lab/irobot_ws/build/irobot_create_toolbox
