[35m[1mConsolidate compiler generated dependencies of target gazebo_ros_create_helpers[0m
[ 10%] Built target gazebo_ros_create_helpers
[35m[1mConsolidate compiler generated dependencies of target gazebo_ros_create_cliff_sensor[0m
[35m[1mConsolidate compiler generated dependencies of target gazebo_ros_create_bumper[0m
[35m[1mConsolidate compiler generated dependencies of target gazebo_ros_create_docking_status[0m
[35m[1mConsolidate compiler generated dependencies of target gazebo_ros_create_imu[0m
[35m[1mConsolidate compiler generated dependencies of target gazebo_ros_create_ir_intensity_sensor[0m
[35m[1mConsolidate compiler generated dependencies of target docking_manager[0m
[35m[1mConsolidate compiler generated dependencies of target gazebo_ros_create_wheel_drop[0m
[35m[1mConsolidate compiler generated dependencies of target gazebo_ros_create_optical_mouse[0m
[ 20%] Built target gazebo_ros_create_docking_status
[ 30%] Built target gazebo_ros_create_imu
[ 40%] Built target gazebo_ros_create_ir_intensity_sensor
[ 50%] Built target gazebo_ros_create_cliff_sensor
[ 60%] Built target gazebo_ros_create_bumper
[ 70%] Built target docking_manager
[35m[1mConsolidate compiler generated dependencies of target gazebo_ros_create_ir_opcode[0m
[ 80%] Built target gazebo_ros_create_optical_mouse
[ 90%] Built target gazebo_ros_create_wheel_drop
[100%] Built target gazebo_ros_create_ir_opcode
-- Install configuration: ""
-- Execute custom install script
-- Symlinking: /home/lucads/intelligent-machine-design-lab/irobot_ws/install/irobot_create_gazebo_plugins/share/irobot_create_gazebo_plugins/environment/library_path.sh
-- Symlinking: /home/lucads/intelligent-machine-design-lab/irobot_ws/install/irobot_create_gazebo_plugins/share/irobot_create_gazebo_plugins/environment/library_path.dsv
-- Symlinking: /home/lucads/intelligent-machine-design-lab/irobot_ws/install/irobot_create_gazebo_plugins/include/irobot_create_gazebo_plugins/docking_manager.hpp
-- Symlinking: /home/lucads/intelligent-machine-design-lab/irobot_ws/install/irobot_create_gazebo_plugins/include/irobot_create_gazebo_plugins/gazebo_ros_bumper.hpp
-- Symlinking: /home/lucads/intelligent-machine-design-lab/irobot_ws/install/irobot_create_gazebo_plugins/include/irobot_create_gazebo_plugins/gazebo_ros_cliff_sensor.hpp
-- Symlinking: /home/lucads/intelligent-machine-design-lab/irobot_ws/install/irobot_create_gazebo_plugins/include/irobot_create_gazebo_plugins/gazebo_ros_docking_status.hpp
-- Symlinking: /home/lucads/intelligent-machine-design-lab/irobot_ws/install/irobot_create_gazebo_plugins/include/irobot_create_gazebo_plugins/gazebo_ros_helpers.hpp
-- Symlinking: /home/lucads/intelligent-machine-design-lab/irobot_ws/install/irobot_create_gazebo_plugins/include/irobot_create_gazebo_plugins/gazebo_ros_imu.hpp
-- Symlinking: /home/lucads/intelligent-machine-design-lab/irobot_ws/install/irobot_create_gazebo_plugins/include/irobot_create_gazebo_plugins/gazebo_ros_ir_intensity_sensor.hpp
-- Symlinking: /home/lucads/intelligent-machine-design-lab/irobot_ws/install/irobot_create_gazebo_plugins/include/irobot_create_gazebo_plugins/gazebo_ros_ir_opcode.hpp
-- Symlinking: /home/lucads/intelligent-machine-design-lab/irobot_ws/install/irobot_create_gazebo_plugins/include/irobot_create_gazebo_plugins/gazebo_ros_optical_mouse.hpp
-- Symlinking: /home/lucads/intelligent-machine-design-lab/irobot_ws/install/irobot_create_gazebo_plugins/include/irobot_create_gazebo_plugins/gazebo_ros_wheel_drop.hpp
-- Symlinking: /home/lucads/intelligent-machine-design-lab/irobot_ws/install/irobot_create_gazebo_plugins/lib/libgazebo_ros_create_bumper.so
-- Symlinking: /home/lucads/intelligent-machine-design-lab/irobot_ws/install/irobot_create_gazebo_plugins/lib/libgazebo_ros_create_cliff_sensor.so
-- Symlinking: /home/lucads/intelligent-machine-design-lab/irobot_ws/install/irobot_create_gazebo_plugins/lib/libgazebo_ros_create_docking_status.so
-- Symlinking: /home/lucads/intelligent-machine-design-lab/irobot_ws/install/irobot_create_gazebo_plugins/lib/libgazebo_ros_create_helpers.so
-- Symlinking: /home/lucads/intelligent-machine-design-lab/irobot_ws/install/irobot_create_gazebo_plugins/lib/libgazebo_ros_create_imu.so
-- Symlinking: /home/lucads/intelligent-machine-design-lab/irobot_ws/install/irobot_create_gazebo_plugins/lib/libgazebo_ros_create_ir_intensity_sensor.so
-- Symlinking: /home/lucads/intelligent-machine-design-lab/irobot_ws/install/irobot_create_gazebo_plugins/lib/libgazebo_ros_create_optical_mouse.so
-- Symlinking: /home/lucads/intelligent-machine-design-lab/irobot_ws/install/irobot_create_gazebo_plugins/lib/libgazebo_ros_create_ir_opcode.so
-- Symlinking: /home/lucads/intelligent-machine-design-lab/irobot_ws/install/irobot_create_gazebo_plugins/lib/libdocking_manager.so
-- Symlinking: /home/lucads/intelligent-machine-design-lab/irobot_ws/install/irobot_create_gazebo_plugins/lib/libgazebo_ros_create_wheel_drop.so
-- Symlinking: /home/lucads/intelligent-machine-design-lab/irobot_ws/install/irobot_create_gazebo_plugins/share/ament_index/resource_index/package_run_dependencies/irobot_create_gazebo_plugins
-- Symlinking: /home/lucads/intelligent-machine-design-lab/irobot_ws/install/irobot_create_gazebo_plugins/share/ament_index/resource_index/parent_prefix_path/irobot_create_gazebo_plugins
-- Symlinking: /home/lucads/intelligent-machine-design-lab/irobot_ws/install/irobot_create_gazebo_plugins/share/irobot_create_gazebo_plugins/environment/ament_prefix_path.sh
-- Symlinking: /home/lucads/intelligent-machine-design-lab/irobot_ws/install/irobot_create_gazebo_plugins/share/irobot_create_gazebo_plugins/environment/ament_prefix_path.dsv
-- Symlinking: /home/lucads/intelligent-machine-design-lab/irobot_ws/install/irobot_create_gazebo_plugins/share/irobot_create_gazebo_plugins/environment/path.sh
-- Symlinking: /home/lucads/intelligent-machine-design-lab/irobot_ws/install/irobot_create_gazebo_plugins/share/irobot_create_gazebo_plugins/environment/path.dsv
-- Symlinking: /home/lucads/intelligent-machine-design-lab/irobot_ws/install/irobot_create_gazebo_plugins/share/irobot_create_gazebo_plugins/local_setup.bash
-- Symlinking: /home/lucads/intelligent-machine-design-lab/irobot_ws/install/irobot_create_gazebo_plugins/share/irobot_create_gazebo_plugins/local_setup.sh
-- Symlinking: /home/lucads/intelligent-machine-design-lab/irobot_ws/install/irobot_create_gazebo_plugins/share/irobot_create_gazebo_plugins/local_setup.zsh
-- Symlinking: /home/lucads/intelligent-machine-design-lab/irobot_ws/install/irobot_create_gazebo_plugins/share/irobot_create_gazebo_plugins/local_setup.dsv
-- Symlinking: /home/lucads/intelligent-machine-design-lab/irobot_ws/install/irobot_create_gazebo_plugins/share/irobot_create_gazebo_plugins/package.dsv
-- Symlinking: /home/lucads/intelligent-machine-design-lab/irobot_ws/install/irobot_create_gazebo_plugins/share/ament_index/resource_index/packages/irobot_create_gazebo_plugins
-- Symlinking: /home/lucads/intelligent-machine-design-lab/irobot_ws/install/irobot_create_gazebo_plugins/share/irobot_create_gazebo_plugins/cmake/ament_cmake_export_libraries-extras.cmake
-- Symlinking: /home/lucads/intelligent-machine-design-lab/irobot_ws/install/irobot_create_gazebo_plugins/share/irobot_create_gazebo_plugins/cmake/ament_cmake_export_include_directories-extras.cmake
-- Symlinking: /home/lucads/intelligent-machine-design-lab/irobot_ws/install/irobot_create_gazebo_plugins/share/irobot_create_gazebo_plugins/cmake/ament_cmake_export_dependencies-extras.cmake
-- Symlinking: /home/lucads/intelligent-machine-design-lab/irobot_ws/install/irobot_create_gazebo_plugins/share/irobot_create_gazebo_plugins/cmake/irobot_create_gazebo_pluginsConfig.cmake
-- Symlinking: /home/lucads/intelligent-machine-design-lab/irobot_ws/install/irobot_create_gazebo_plugins/share/irobot_create_gazebo_plugins/cmake/irobot_create_gazebo_pluginsConfig-version.cmake
-- Symlinking: /home/lucads/intelligent-machine-design-lab/irobot_ws/install/irobot_create_gazebo_plugins/share/irobot_create_gazebo_plugins/package.xml
