[0.029s] Invoking command in '/home/lucads/intelligent-machine-design-lab/irobot_ws/build/irobot_create_gazebo_plugins': CMAKE_PREFIX_PATH=/home/lucads/intelligent-machine-design-lab/irobot_ws/install/irobot_create_toolbox:/home/lucads/intelligent-machine-design-lab/irobot_ws/install/traj_interpolator:/home/lucads/intelligent-machine-design-lab/irobot_ws/install/irobot_create_ignition_sim:/home/lucads/intelligent-machine-design-lab/irobot_ws/install/irobot_create_ignition_bringup:/home/lucads/intelligent-machine-design-lab/irobot_ws/install/irobot_create_gazebo_sim:/home/lucads/intelligent-machine-design-lab/irobot_ws/install/irobot_create_gazebo_bringup:/home/lucads/intelligent-machine-design-lab/irobot_ws/install/irobot_create_common_bringup:/home/lucads/intelligent-machine-design-lab/irobot_ws/install/irobot_create_nodes:/home/lucads/intelligent-machine-design-lab/irobot_ws/install/irobot_create_ignition_toolbox:/home/lucads/intelligent-machine-design-lab/irobot_ws/install/irobot_create_gazebo_plugins:/home/lucads/intelligent-machine-design-lab/irobot_ws/install/irobot_create_ignition_plugins:/home/lucads/intelligent-machine-design-lab/irobot_ws/install/irobot_create_description:/home/lucads/intelligent-machine-design-lab/irobot_ws/install/irobot_create_control:/home/lucads/intelligent-machine-design-lab/irobot_ws/install/custom_msg:/opt/ros/humble LD_LIBRARY_PATH=/home/lucads/intelligent-machine-design-lab/irobot_ws/install/irobot_create_toolbox/lib:/home/lucads/intelligent-machine-design-lab/irobot_ws/install/irobot_create_nodes/lib:/home/lucads/intelligent-machine-design-lab/irobot_ws/install/irobot_create_ignition_toolbox/lib:/home/lucads/intelligent-machine-design-lab/irobot_ws/install/irobot_create_gazebo_plugins/lib:/home/lucads/intelligent-machine-design-lab/irobot_ws/install/custom_msg/lib:/usr/lib/x86_64-linux-gnu/gazebo-11/plugins:/opt/ros/humble/opt/rviz_ogre_vendor/lib:/opt/ros/humble/lib/x86_64-linux-gnu:/opt/ros/humble/lib /usr/bin/cmake --build /home/lucads/intelligent-machine-design-lab/irobot_ws/build/irobot_create_gazebo_plugins -- -j12 -l12
[0.076s] [35m[1mConsolidate compiler generated dependencies of target gazebo_ros_create_helpers[0m
[0.124s] [ 10%] Built target gazebo_ros_create_helpers
[0.142s] [35m[1mConsolidate compiler generated dependencies of target gazebo_ros_create_cliff_sensor[0m
[0.142s] [35m[1mConsolidate compiler generated dependencies of target gazebo_ros_create_bumper[0m
[0.144s] [35m[1mConsolidate compiler generated dependencies of target gazebo_ros_create_docking_status[0m
[0.149s] [35m[1mConsolidate compiler generated dependencies of target gazebo_ros_create_imu[0m
[0.159s] [35m[1mConsolidate compiler generated dependencies of target gazebo_ros_create_ir_intensity_sensor[0m
[0.187s] [35m[1mConsolidate compiler generated dependencies of target docking_manager[0m
[0.203s] [35m[1mConsolidate compiler generated dependencies of target gazebo_ros_create_wheel_drop[0m
[0.205s] [35m[1mConsolidate compiler generated dependencies of target gazebo_ros_create_optical_mouse[0m
[0.210s] [ 20%] Built target gazebo_ros_create_docking_status
[0.219s] [ 30%] Built target gazebo_ros_create_imu
[0.222s] [ 40%] Built target gazebo_ros_create_ir_intensity_sensor
[0.227s] [ 50%] Built target gazebo_ros_create_cliff_sensor
[0.228s] [ 60%] Built target gazebo_ros_create_bumper
[0.235s] [ 70%] Built target docking_manager
[0.248s] [35m[1mConsolidate compiler generated dependencies of target gazebo_ros_create_ir_opcode[0m
[0.250s] [ 80%] Built target gazebo_ros_create_optical_mouse
[0.253s] [ 90%] Built target gazebo_ros_create_wheel_drop
[0.279s] [100%] Built target gazebo_ros_create_ir_opcode
[0.288s] Invoked command in '/home/lucads/intelligent-machine-design-lab/irobot_ws/build/irobot_create_gazebo_plugins' returned '0': CMAKE_PREFIX_PATH=/home/lucads/intelligent-machine-design-lab/irobot_ws/install/irobot_create_toolbox:/home/lucads/intelligent-machine-design-lab/irobot_ws/install/traj_interpolator:/home/lucads/intelligent-machine-design-lab/irobot_ws/install/irobot_create_ignition_sim:/home/lucads/intelligent-machine-design-lab/irobot_ws/install/irobot_create_ignition_bringup:/home/lucads/intelligent-machine-design-lab/irobot_ws/install/irobot_create_gazebo_sim:/home/lucads/intelligent-machine-design-lab/irobot_ws/install/irobot_create_gazebo_bringup:/home/lucads/intelligent-machine-design-lab/irobot_ws/install/irobot_create_common_bringup:/home/lucads/intelligent-machine-design-lab/irobot_ws/install/irobot_create_nodes:/home/lucads/intelligent-machine-design-lab/irobot_ws/install/irobot_create_ignition_toolbox:/home/lucads/intelligent-machine-design-lab/irobot_ws/install/irobot_create_gazebo_plugins:/home/lucads/intelligent-machine-design-lab/irobot_ws/install/irobot_create_ignition_plugins:/home/lucads/intelligent-machine-design-lab/irobot_ws/install/irobot_create_description:/home/lucads/intelligent-machine-design-lab/irobot_ws/install/irobot_create_control:/home/lucads/intelligent-machine-design-lab/irobot_ws/install/custom_msg:/opt/ros/humble LD_LIBRARY_PATH=/home/lucads/intelligent-machine-design-lab/irobot_ws/install/irobot_create_toolbox/lib:/home/lucads/intelligent-machine-design-lab/irobot_ws/install/irobot_create_nodes/lib:/home/lucads/intelligent-machine-design-lab/irobot_ws/install/irobot_create_ignition_toolbox/lib:/home/lucads/intelligent-machine-design-lab/irobot_ws/install/irobot_create_gazebo_plugins/lib:/home/lucads/intelligent-machine-design-lab/irobot_ws/install/custom_msg/lib:/usr/lib/x86_64-linux-gnu/gazebo-11/plugins:/opt/ros/humble/opt/rviz_ogre_vendor/lib:/opt/ros/humble/lib/x86_64-linux-gnu:/opt/ros/humble/lib /usr/bin/cmake --build /home/lucads/intelligent-machine-design-lab/irobot_ws/build/irobot_create_gazebo_plugins -- -j12 -l12
[0.330s] Invoking command in '/home/lucads/intelligent-machine-design-lab/irobot_ws/build/irobot_create_gazebo_plugins': CMAKE_PREFIX_PATH=/home/lucads/intelligent-machine-design-lab/irobot_ws/install/irobot_create_toolbox:/home/lucads/intelligent-machine-design-lab/irobot_ws/install/traj_interpolator:/home/lucads/intelligent-machine-design-lab/irobot_ws/install/irobot_create_ignition_sim:/home/lucads/intelligent-machine-design-lab/irobot_ws/install/irobot_create_ignition_bringup:/home/lucads/intelligent-machine-design-lab/irobot_ws/install/irobot_create_gazebo_sim:/home/lucads/intelligent-machine-design-lab/irobot_ws/install/irobot_create_gazebo_bringup:/home/lucads/intelligent-machine-design-lab/irobot_ws/install/irobot_create_common_bringup:/home/lucads/intelligent-machine-design-lab/irobot_ws/install/irobot_create_nodes:/home/lucads/intelligent-machine-design-lab/irobot_ws/install/irobot_create_ignition_toolbox:/home/lucads/intelligent-machine-design-lab/irobot_ws/install/irobot_create_gazebo_plugins:/home/lucads/intelligent-machine-design-lab/irobot_ws/install/irobot_create_ignition_plugins:/home/lucads/intelligent-machine-design-lab/irobot_ws/install/irobot_create_description:/home/lucads/intelligent-machine-design-lab/irobot_ws/install/irobot_create_control:/home/lucads/intelligent-machine-design-lab/irobot_ws/install/custom_msg:/opt/ros/humble LD_LIBRARY_PATH=/home/lucads/intelligent-machine-design-lab/irobot_ws/install/irobot_create_toolbox/lib:/home/lucads/intelligent-machine-design-lab/irobot_ws/install/irobot_create_nodes/lib:/home/lucads/intelligent-machine-design-lab/irobot_ws/install/irobot_create_ignition_toolbox/lib:/home/lucads/intelligent-machine-design-lab/irobot_ws/install/irobot_create_gazebo_plugins/lib:/home/lucads/intelligent-machine-design-lab/irobot_ws/install/custom_msg/lib:/usr/lib/x86_64-linux-gnu/gazebo-11/plugins:/opt/ros/humble/opt/rviz_ogre_vendor/lib:/opt/ros/humble/lib/x86_64-linux-gnu:/opt/ros/humble/lib /usr/bin/cmake --install /home/lucads/intelligent-machine-design-lab/irobot_ws/build/irobot_create_gazebo_plugins
[0.337s] -- Install configuration: ""
[0.337s] -- Execute custom install script
[0.338s] -- Symlinking: /home/lucads/intelligent-machine-design-lab/irobot_ws/install/irobot_create_gazebo_plugins/share/irobot_create_gazebo_plugins/environment/library_path.sh
[0.344s] -- Symlinking: /home/lucads/intelligent-machine-design-lab/irobot_ws/install/irobot_create_gazebo_plugins/share/irobot_create_gazebo_plugins/environment/library_path.dsv
[0.351s] -- Symlinking: /home/lucads/intelligent-machine-design-lab/irobot_ws/install/irobot_create_gazebo_plugins/include/irobot_create_gazebo_plugins/docking_manager.hpp
[0.358s] -- Symlinking: /home/lucads/intelligent-machine-design-lab/irobot_ws/install/irobot_create_gazebo_plugins/include/irobot_create_gazebo_plugins/gazebo_ros_bumper.hpp
[0.365s] -- Symlinking: /home/lucads/intelligent-machine-design-lab/irobot_ws/install/irobot_create_gazebo_plugins/include/irobot_create_gazebo_plugins/gazebo_ros_cliff_sensor.hpp
[0.374s] -- Symlinking: /home/lucads/intelligent-machine-design-lab/irobot_ws/install/irobot_create_gazebo_plugins/include/irobot_create_gazebo_plugins/gazebo_ros_docking_status.hpp
[0.385s] -- Symlinking: /home/lucads/intelligent-machine-design-lab/irobot_ws/install/irobot_create_gazebo_plugins/include/irobot_create_gazebo_plugins/gazebo_ros_helpers.hpp
[0.393s] -- Symlinking: /home/lucads/intelligent-machine-design-lab/irobot_ws/install/irobot_create_gazebo_plugins/include/irobot_create_gazebo_plugins/gazebo_ros_imu.hpp
[0.400s] -- Symlinking: /home/lucads/intelligent-machine-design-lab/irobot_ws/install/irobot_create_gazebo_plugins/include/irobot_create_gazebo_plugins/gazebo_ros_ir_intensity_sensor.hpp
[0.408s] -- Symlinking: /home/lucads/intelligent-machine-design-lab/irobot_ws/install/irobot_create_gazebo_plugins/include/irobot_create_gazebo_plugins/gazebo_ros_ir_opcode.hpp
[0.414s] -- Symlinking: /home/lucads/intelligent-machine-design-lab/irobot_ws/install/irobot_create_gazebo_plugins/include/irobot_create_gazebo_plugins/gazebo_ros_optical_mouse.hpp
[0.421s] -- Symlinking: /home/lucads/intelligent-machine-design-lab/irobot_ws/install/irobot_create_gazebo_plugins/include/irobot_create_gazebo_plugins/gazebo_ros_wheel_drop.hpp
[0.428s] -- Symlinking: /home/lucads/intelligent-machine-design-lab/irobot_ws/install/irobot_create_gazebo_plugins/lib/libgazebo_ros_create_bumper.so
[0.434s] -- Symlinking: /home/lucads/intelligent-machine-design-lab/irobot_ws/install/irobot_create_gazebo_plugins/lib/libgazebo_ros_create_cliff_sensor.so
[0.441s] -- Symlinking: /home/lucads/intelligent-machine-design-lab/irobot_ws/install/irobot_create_gazebo_plugins/lib/libgazebo_ros_create_docking_status.so
[0.448s] -- Symlinking: /home/lucads/intelligent-machine-design-lab/irobot_ws/install/irobot_create_gazebo_plugins/lib/libgazebo_ros_create_helpers.so
[0.455s] -- Symlinking: /home/lucads/intelligent-machine-design-lab/irobot_ws/install/irobot_create_gazebo_plugins/lib/libgazebo_ros_create_imu.so
[0.464s] -- Symlinking: /home/lucads/intelligent-machine-design-lab/irobot_ws/install/irobot_create_gazebo_plugins/lib/libgazebo_ros_create_ir_intensity_sensor.so
[0.471s] -- Symlinking: /home/lucads/intelligent-machine-design-lab/irobot_ws/install/irobot_create_gazebo_plugins/lib/libgazebo_ros_create_optical_mouse.so
[0.481s] -- Symlinking: /home/lucads/intelligent-machine-design-lab/irobot_ws/install/irobot_create_gazebo_plugins/lib/libgazebo_ros_create_ir_opcode.so
[0.487s] -- Symlinking: /home/lucads/intelligent-machine-design-lab/irobot_ws/install/irobot_create_gazebo_plugins/lib/libdocking_manager.so
[0.495s] -- Symlinking: /home/lucads/intelligent-machine-design-lab/irobot_ws/install/irobot_create_gazebo_plugins/lib/libgazebo_ros_create_wheel_drop.so
[0.503s] -- Symlinking: /home/lucads/intelligent-machine-design-lab/irobot_ws/install/irobot_create_gazebo_plugins/share/ament_index/resource_index/package_run_dependencies/irobot_create_gazebo_plugins
[0.511s] -- Symlinking: /home/lucads/intelligent-machine-design-lab/irobot_ws/install/irobot_create_gazebo_plugins/share/ament_index/resource_index/parent_prefix_path/irobot_create_gazebo_plugins
[0.520s] -- Symlinking: /home/lucads/intelligent-machine-design-lab/irobot_ws/install/irobot_create_gazebo_plugins/share/irobot_create_gazebo_plugins/environment/ament_prefix_path.sh
[0.527s] -- Symlinking: /home/lucads/intelligent-machine-design-lab/irobot_ws/install/irobot_create_gazebo_plugins/share/irobot_create_gazebo_plugins/environment/ament_prefix_path.dsv
[0.533s] -- Symlinking: /home/lucads/intelligent-machine-design-lab/irobot_ws/install/irobot_create_gazebo_plugins/share/irobot_create_gazebo_plugins/environment/path.sh
[0.539s] -- Symlinking: /home/lucads/intelligent-machine-design-lab/irobot_ws/install/irobot_create_gazebo_plugins/share/irobot_create_gazebo_plugins/environment/path.dsv
[0.546s] -- Symlinking: /home/lucads/intelligent-machine-design-lab/irobot_ws/install/irobot_create_gazebo_plugins/share/irobot_create_gazebo_plugins/local_setup.bash
[0.553s] -- Symlinking: /home/lucads/intelligent-machine-design-lab/irobot_ws/install/irobot_create_gazebo_plugins/share/irobot_create_gazebo_plugins/local_setup.sh
[0.561s] -- Symlinking: /home/lucads/intelligent-machine-design-lab/irobot_ws/install/irobot_create_gazebo_plugins/share/irobot_create_gazebo_plugins/local_setup.zsh
[0.570s] -- Symlinking: /home/lucads/intelligent-machine-design-lab/irobot_ws/install/irobot_create_gazebo_plugins/share/irobot_create_gazebo_plugins/local_setup.dsv
[0.583s] -- Symlinking: /home/lucads/intelligent-machine-design-lab/irobot_ws/install/irobot_create_gazebo_plugins/share/irobot_create_gazebo_plugins/package.dsv
[0.592s] -- Symlinking: /home/lucads/intelligent-machine-design-lab/irobot_ws/install/irobot_create_gazebo_plugins/share/ament_index/resource_index/packages/irobot_create_gazebo_plugins
[0.600s] -- Symlinking: /home/lucads/intelligent-machine-design-lab/irobot_ws/install/irobot_create_gazebo_plugins/share/irobot_create_gazebo_plugins/cmake/ament_cmake_export_libraries-extras.cmake
[0.609s] -- Symlinking: /home/lucads/intelligent-machine-design-lab/irobot_ws/install/irobot_create_gazebo_plugins/share/irobot_create_gazebo_plugins/cmake/ament_cmake_export_include_directories-extras.cmake
[0.615s] -- Symlinking: /home/lucads/intelligent-machine-design-lab/irobot_ws/install/irobot_create_gazebo_plugins/share/irobot_create_gazebo_plugins/cmake/ament_cmake_export_dependencies-extras.cmake
[0.624s] -- Symlinking: /home/lucads/intelligent-machine-design-lab/irobot_ws/install/irobot_create_gazebo_plugins/share/irobot_create_gazebo_plugins/cmake/irobot_create_gazebo_pluginsConfig.cmake
[0.631s] -- Symlinking: /home/lucads/intelligent-machine-design-lab/irobot_ws/install/irobot_create_gazebo_plugins/share/irobot_create_gazebo_plugins/cmake/irobot_create_gazebo_pluginsConfig-version.cmake
[0.637s] -- Symlinking: /home/lucads/intelligent-machine-design-lab/irobot_ws/install/irobot_create_gazebo_plugins/share/irobot_create_gazebo_plugins/package.xml
[0.648s] Invoked command in '/home/lucads/intelligent-machine-design-lab/irobot_ws/build/irobot_create_gazebo_plugins' returned '0': CMAKE_PREFIX_PATH=/home/lucads/intelligent-machine-design-lab/irobot_ws/install/irobot_create_toolbox:/home/lucads/intelligent-machine-design-lab/irobot_ws/install/traj_interpolator:/home/lucads/intelligent-machine-design-lab/irobot_ws/install/irobot_create_ignition_sim:/home/lucads/intelligent-machine-design-lab/irobot_ws/install/irobot_create_ignition_bringup:/home/lucads/intelligent-machine-design-lab/irobot_ws/install/irobot_create_gazebo_sim:/home/lucads/intelligent-machine-design-lab/irobot_ws/install/irobot_create_gazebo_bringup:/home/lucads/intelligent-machine-design-lab/irobot_ws/install/irobot_create_common_bringup:/home/lucads/intelligent-machine-design-lab/irobot_ws/install/irobot_create_nodes:/home/lucads/intelligent-machine-design-lab/irobot_ws/install/irobot_create_ignition_toolbox:/home/lucads/intelligent-machine-design-lab/irobot_ws/install/irobot_create_gazebo_plugins:/home/lucads/intelligent-machine-design-lab/irobot_ws/install/irobot_create_ignition_plugins:/home/lucads/intelligent-machine-design-lab/irobot_ws/install/irobot_create_description:/home/lucads/intelligent-machine-design-lab/irobot_ws/install/irobot_create_control:/home/lucads/intelligent-machine-design-lab/irobot_ws/install/custom_msg:/opt/ros/humble LD_LIBRARY_PATH=/home/lucads/intelligent-machine-design-lab/irobot_ws/install/irobot_create_toolbox/lib:/home/lucads/intelligent-machine-design-lab/irobot_ws/install/irobot_create_nodes/lib:/home/lucads/intelligent-machine-design-lab/irobot_ws/install/irobot_create_ignition_toolbox/lib:/home/lucads/intelligent-machine-design-lab/irobot_ws/install/irobot_create_gazebo_plugins/lib:/home/lucads/intelligent-machine-design-lab/irobot_ws/install/custom_msg/lib:/usr/lib/x86_64-linux-gnu/gazebo-11/plugins:/opt/ros/humble/opt/rviz_ogre_vendor/lib:/opt/ros/humble/lib/x86_64-linux-gnu:/opt/ros/humble/lib /usr/bin/cmake --install /home/lucads/intelligent-machine-design-lab/irobot_ws/build/irobot_create_gazebo_plugins
