[0.026s] Invoking command in '/home/lucads/intelligent-machine-design-lab/irobot_ws/build/custom_msg': CMAKE_PREFIX_PATH=${CMAKE_PREFIX_PATH}:/opt/ros/humble /usr/bin/cmake --build /home/lucads/intelligent-machine-design-lab/irobot_ws/build/custom_msg -- -j12 -l12
[0.068s] [35m[1mConsolidate compiler generated dependencies of target custom_msg__rosidl_generator_c[0m
[0.072s] [  3%] Built target custom_msg__cpp
[0.078s] [ 12%] Built target custom_msg__rosidl_generator_c
[0.079s] [ 12%] Built target ament_cmake_python_symlink_custom_msg
[0.084s] [35m[1mConsolidate compiler generated dependencies of target custom_msg__rosidl_typesupport_introspection_cpp[0m
[0.084s] [35m[1mConsolidate compiler generated dependencies of target custom_msg__rosidl_typesupport_cpp[0m
[0.085s] [35m[1mConsolidate compiler generated dependencies of target custom_msg__rosidl_typesupport_fastrtps_cpp[0m
[0.090s] [35m[1mConsolidate compiler generated dependencies of target custom_msg__rosidl_typesupport_c[0m
[0.091s] [35m[1mConsolidate compiler generated dependencies of target custom_msg__rosidl_typesupport_introspection_c[0m
[0.096s] [35m[1mConsolidate compiler generated dependencies of target custom_msg__rosidl_typesupport_fastrtps_c[0m
[0.098s] [ 22%] Built target custom_msg__rosidl_typesupport_cpp
[0.103s] [ 41%] Built target custom_msg__rosidl_typesupport_introspection_cpp
[0.103s] [ 41%] Built target custom_msg__rosidl_typesupport_fastrtps_cpp
[0.104s] [ 51%] Built target custom_msg__rosidl_typesupport_c
[0.110s] [ 61%] Built target custom_msg__rosidl_typesupport_introspection_c
[0.110s] [ 70%] Built target custom_msg__rosidl_typesupport_fastrtps_c
[0.130s] [ 70%] Built target custom_msg
[0.145s] [ 74%] Built target custom_msg__py
[0.158s] [35m[1mConsolidate compiler generated dependencies of target custom_msg__rosidl_generator_py[0m
[0.165s] [ 80%] Built target custom_msg__rosidl_generator_py
[0.175s] [35m[1mConsolidate compiler generated dependencies of target custom_msg__rosidl_typesupport_fastrtps_c__pyext[0m
[0.175s] [35m[1mConsolidate compiler generated dependencies of target custom_msg__rosidl_typesupport_introspection_c__pyext[0m
[0.175s] [35m[1mConsolidate compiler generated dependencies of target custom_msg__rosidl_typesupport_c__pyext[0m
[0.192s] [ 87%] Built target custom_msg__rosidl_typesupport_c__pyext
[0.192s] [ 93%] Built target custom_msg__rosidl_typesupport_introspection_c__pyext
[0.192s] [100%] Built target custom_msg__rosidl_typesupport_fastrtps_c__pyext
[0.469s] running egg_info
[0.470s] writing custom_msg.egg-info/PKG-INFO
[0.470s] writing dependency_links to custom_msg.egg-info/dependency_links.txt
[0.470s] writing top-level names to custom_msg.egg-info/top_level.txt
[0.473s] reading manifest file 'custom_msg.egg-info/SOURCES.txt'
[0.475s] writing manifest file 'custom_msg.egg-info/SOURCES.txt'
[0.506s] [100%] Built target ament_cmake_python_build_custom_msg_egg
[0.519s] Invoked command in '/home/lucads/intelligent-machine-design-lab/irobot_ws/build/custom_msg' returned '0': CMAKE_PREFIX_PATH=${CMAKE_PREFIX_PATH}:/opt/ros/humble /usr/bin/cmake --build /home/lucads/intelligent-machine-design-lab/irobot_ws/build/custom_msg -- -j12 -l12
[0.564s] Invoking command in '/home/lucads/intelligent-machine-design-lab/irobot_ws/build/custom_msg': CMAKE_PREFIX_PATH=${CMAKE_PREFIX_PATH}:/opt/ros/humble /usr/bin/cmake --install /home/lucads/intelligent-machine-design-lab/irobot_ws/build/custom_msg
[0.571s] -- Install configuration: ""
[0.572s] -- Execute custom install script
[0.573s] -- Up-to-date symlink: /home/lucads/intelligent-machine-design-lab/irobot_ws/install/custom_msg/share/ament_index/resource_index/rosidl_interfaces/custom_msg
[0.573s] -- Up-to-date symlink: /home/lucads/intelligent-machine-design-lab/irobot_ws/install/custom_msg/include/custom_msg/custom_msg/msg/detail/target__functions.h
[0.574s] -- Up-to-date symlink: /home/lucads/intelligent-machine-design-lab/irobot_ws/install/custom_msg/include/custom_msg/custom_msg/msg/detail/target__struct.h
[0.574s] -- Up-to-date symlink: /home/lucads/intelligent-machine-design-lab/irobot_ws/install/custom_msg/include/custom_msg/custom_msg/msg/detail/target__type_support.h
[0.574s] -- Up-to-date symlink: /home/lucads/intelligent-machine-design-lab/irobot_ws/install/custom_msg/include/custom_msg/custom_msg/msg/rosidl_generator_c__visibility_control.h
[0.574s] -- Up-to-date symlink: /home/lucads/intelligent-machine-design-lab/irobot_ws/install/custom_msg/include/custom_msg/custom_msg/msg/target.h
[0.575s] -- Up-to-date symlink: /home/lucads/intelligent-machine-design-lab/irobot_ws/install/custom_msg/share/custom_msg/environment/library_path.sh
[0.575s] -- Up-to-date symlink: /home/lucads/intelligent-machine-design-lab/irobot_ws/install/custom_msg/share/custom_msg/environment/library_path.dsv
[0.576s] -- Up-to-date symlink: /home/lucads/intelligent-machine-design-lab/irobot_ws/install/custom_msg/include/custom_msg/custom_msg/msg/detail/target__rosidl_typesupport_fastrtps_c.h
[0.576s] -- Up-to-date symlink: /home/lucads/intelligent-machine-design-lab/irobot_ws/install/custom_msg/include/custom_msg/custom_msg/msg/rosidl_typesupport_fastrtps_c__visibility_control.h
[0.576s] -- Up-to-date symlink: /home/lucads/intelligent-machine-design-lab/irobot_ws/install/custom_msg/include/custom_msg/custom_msg/msg/detail/target__builder.hpp
[0.577s] -- Up-to-date symlink: /home/lucads/intelligent-machine-design-lab/irobot_ws/install/custom_msg/include/custom_msg/custom_msg/msg/detail/target__struct.hpp
[0.577s] -- Up-to-date symlink: /home/lucads/intelligent-machine-design-lab/irobot_ws/install/custom_msg/include/custom_msg/custom_msg/msg/detail/target__traits.hpp
[0.577s] -- Up-to-date symlink: /home/lucads/intelligent-machine-design-lab/irobot_ws/install/custom_msg/include/custom_msg/custom_msg/msg/target.hpp
[0.577s] -- Up-to-date symlink: /home/lucads/intelligent-machine-design-lab/irobot_ws/install/custom_msg/include/custom_msg/custom_msg/msg/detail/target__rosidl_typesupport_fastrtps_cpp.hpp
[0.577s] -- Up-to-date symlink: /home/lucads/intelligent-machine-design-lab/irobot_ws/install/custom_msg/include/custom_msg/custom_msg/msg/rosidl_typesupport_fastrtps_cpp__visibility_control.h
[0.578s] -- Up-to-date symlink: /home/lucads/intelligent-machine-design-lab/irobot_ws/install/custom_msg/include/custom_msg/custom_msg/msg/detail/target__rosidl_typesupport_introspection_c.h
[0.578s] -- Up-to-date symlink: /home/lucads/intelligent-machine-design-lab/irobot_ws/install/custom_msg/include/custom_msg/custom_msg/msg/rosidl_typesupport_introspection_c__visibility_control.h
[0.578s] -- Up-to-date symlink: /home/lucads/intelligent-machine-design-lab/irobot_ws/install/custom_msg/include/custom_msg/custom_msg/msg/detail/target__rosidl_typesupport_introspection_cpp.hpp
[0.579s] -- Up-to-date symlink: /home/lucads/intelligent-machine-design-lab/irobot_ws/install/custom_msg/share/custom_msg/environment/pythonpath.sh
[0.579s] -- Up-to-date symlink: /home/lucads/intelligent-machine-design-lab/irobot_ws/install/custom_msg/share/custom_msg/environment/pythonpath.dsv
[0.579s] -- Up-to-date symlink: /home/lucads/intelligent-machine-design-lab/irobot_ws/install/custom_msg/local/lib/python3.10/dist-packages/custom_msg-0.0.0-py3.10.egg-info/PKG-INFO
[0.579s] -- Up-to-date symlink: /home/lucads/intelligent-machine-design-lab/irobot_ws/install/custom_msg/local/lib/python3.10/dist-packages/custom_msg-0.0.0-py3.10.egg-info/SOURCES.txt
[0.579s] -- Up-to-date symlink: /home/lucads/intelligent-machine-design-lab/irobot_ws/install/custom_msg/local/lib/python3.10/dist-packages/custom_msg-0.0.0-py3.10.egg-info/dependency_links.txt
[0.579s] -- Up-to-date symlink: /home/lucads/intelligent-machine-design-lab/irobot_ws/install/custom_msg/local/lib/python3.10/dist-packages/custom_msg-0.0.0-py3.10.egg-info/top_level.txt
[0.580s] -- Up-to-date symlink: /home/lucads/intelligent-machine-design-lab/irobot_ws/install/custom_msg/local/lib/python3.10/dist-packages/custom_msg/__init__.py
[0.580s] -- Up-to-date symlink: /home/lucads/intelligent-machine-design-lab/irobot_ws/install/custom_msg/local/lib/python3.10/dist-packages/custom_msg/_custom_msg_s.ep.rosidl_typesupport_c.c
[0.580s] -- Up-to-date symlink: /home/lucads/intelligent-machine-design-lab/irobot_ws/install/custom_msg/local/lib/python3.10/dist-packages/custom_msg/_custom_msg_s.ep.rosidl_typesupport_fastrtps_c.c
[0.580s] -- Up-to-date symlink: /home/lucads/intelligent-machine-design-lab/irobot_ws/install/custom_msg/local/lib/python3.10/dist-packages/custom_msg/_custom_msg_s.ep.rosidl_typesupport_introspection_c.c
[0.581s] -- Up-to-date symlink: /home/lucads/intelligent-machine-design-lab/irobot_ws/install/custom_msg/local/lib/python3.10/dist-packages/custom_msg/custom_msg_s__rosidl_typesupport_c.cpython-310-x86_64-linux-gnu.so
[0.581s] -- Up-to-date symlink: /home/lucads/intelligent-machine-design-lab/irobot_ws/install/custom_msg/local/lib/python3.10/dist-packages/custom_msg/custom_msg_s__rosidl_typesupport_fastrtps_c.cpython-310-x86_64-linux-gnu.so
[0.581s] -- Up-to-date symlink: /home/lucads/intelligent-machine-design-lab/irobot_ws/install/custom_msg/local/lib/python3.10/dist-packages/custom_msg/custom_msg_s__rosidl_typesupport_introspection_c.cpython-310-x86_64-linux-gnu.so
[0.581s] -- Up-to-date symlink: /home/lucads/intelligent-machine-design-lab/irobot_ws/install/custom_msg/local/lib/python3.10/dist-packages/custom_msg/libcustom_msg__rosidl_generator_py.so
[0.581s] -- Up-to-date symlink: /home/lucads/intelligent-machine-design-lab/irobot_ws/install/custom_msg/local/lib/python3.10/dist-packages/custom_msg/msg/__init__.py
[0.581s] -- Up-to-date symlink: /home/lucads/intelligent-machine-design-lab/irobot_ws/install/custom_msg/local/lib/python3.10/dist-packages/custom_msg/msg/_target.py
[0.582s] -- Up-to-date symlink: /home/lucads/intelligent-machine-design-lab/irobot_ws/install/custom_msg/local/lib/python3.10/dist-packages/custom_msg/msg/_target_s.c
[0.582s] -- Up-to-date symlink: /home/lucads/intelligent-machine-design-lab/irobot_ws/install/custom_msg/local/lib/python3.10/dist-packages/custom_msg/custom_msg_s__rosidl_typesupport_fastrtps_c.cpython-310-x86_64-linux-gnu.so
[0.582s] -- Up-to-date symlink: /home/lucads/intelligent-machine-design-lab/irobot_ws/install/custom_msg/local/lib/python3.10/dist-packages/custom_msg/custom_msg_s__rosidl_typesupport_introspection_c.cpython-310-x86_64-linux-gnu.so
[0.583s] -- Up-to-date symlink: /home/lucads/intelligent-machine-design-lab/irobot_ws/install/custom_msg/local/lib/python3.10/dist-packages/custom_msg/custom_msg_s__rosidl_typesupport_c.cpython-310-x86_64-linux-gnu.so
[0.583s] -- Up-to-date symlink: /home/lucads/intelligent-machine-design-lab/irobot_ws/install/custom_msg/share/custom_msg/msg/Target.idl
[0.583s] -- Up-to-date symlink: /home/lucads/intelligent-machine-design-lab/irobot_ws/install/custom_msg/share/custom_msg/msg/Target.msg
[0.583s] -- Up-to-date symlink: /home/lucads/intelligent-machine-design-lab/irobot_ws/install/custom_msg/share/ament_index/resource_index/package_run_dependencies/custom_msg
[0.583s] -- Up-to-date symlink: /home/lucads/intelligent-machine-design-lab/irobot_ws/install/custom_msg/share/ament_index/resource_index/parent_prefix_path/custom_msg
[0.584s] -- Up-to-date symlink: /home/lucads/intelligent-machine-design-lab/irobot_ws/install/custom_msg/share/custom_msg/environment/ament_prefix_path.sh
[0.584s] -- Up-to-date symlink: /home/lucads/intelligent-machine-design-lab/irobot_ws/install/custom_msg/share/custom_msg/environment/ament_prefix_path.dsv
[0.584s] -- Up-to-date symlink: /home/lucads/intelligent-machine-design-lab/irobot_ws/install/custom_msg/share/custom_msg/environment/path.sh
[0.584s] -- Up-to-date symlink: /home/lucads/intelligent-machine-design-lab/irobot_ws/install/custom_msg/share/custom_msg/environment/path.dsv
[0.584s] -- Up-to-date symlink: /home/lucads/intelligent-machine-design-lab/irobot_ws/install/custom_msg/share/custom_msg/local_setup.bash
[0.584s] -- Up-to-date symlink: /home/lucads/intelligent-machine-design-lab/irobot_ws/install/custom_msg/share/custom_msg/local_setup.sh
[0.584s] -- Up-to-date symlink: /home/lucads/intelligent-machine-design-lab/irobot_ws/install/custom_msg/share/custom_msg/local_setup.zsh
[0.585s] -- Up-to-date symlink: /home/lucads/intelligent-machine-design-lab/irobot_ws/install/custom_msg/share/custom_msg/local_setup.dsv
[0.585s] -- Symlinking: /home/lucads/intelligent-machine-design-lab/irobot_ws/install/custom_msg/share/custom_msg/package.dsv
[0.592s] -- Up-to-date symlink: /home/lucads/intelligent-machine-design-lab/irobot_ws/install/custom_msg/share/ament_index/resource_index/packages/custom_msg
[0.592s] -- Up-to-date symlink: /home/lucads/intelligent-machine-design-lab/irobot_ws/install/custom_msg/share/custom_msg/cmake/rosidl_cmake-extras.cmake
[0.592s] -- Up-to-date symlink: /home/lucads/intelligent-machine-design-lab/irobot_ws/install/custom_msg/share/custom_msg/cmake/ament_cmake_export_dependencies-extras.cmake
[0.592s] -- Up-to-date symlink: /home/lucads/intelligent-machine-design-lab/irobot_ws/install/custom_msg/share/custom_msg/cmake/ament_cmake_export_include_directories-extras.cmake
[0.592s] -- Up-to-date symlink: /home/lucads/intelligent-machine-design-lab/irobot_ws/install/custom_msg/share/custom_msg/cmake/ament_cmake_export_libraries-extras.cmake
[0.592s] -- Up-to-date symlink: /home/lucads/intelligent-machine-design-lab/irobot_ws/install/custom_msg/share/custom_msg/cmake/ament_cmake_export_targets-extras.cmake
[0.593s] -- Up-to-date symlink: /home/lucads/intelligent-machine-design-lab/irobot_ws/install/custom_msg/share/custom_msg/cmake/rosidl_cmake_export_typesupport_targets-extras.cmake
[0.593s] -- Up-to-date symlink: /home/lucads/intelligent-machine-design-lab/irobot_ws/install/custom_msg/share/custom_msg/cmake/rosidl_cmake_export_typesupport_libraries-extras.cmake
[0.593s] -- Up-to-date symlink: /home/lucads/intelligent-machine-design-lab/irobot_ws/install/custom_msg/share/custom_msg/cmake/custom_msgConfig.cmake
[0.593s] -- Up-to-date symlink: /home/lucads/intelligent-machine-design-lab/irobot_ws/install/custom_msg/share/custom_msg/cmake/custom_msgConfig-version.cmake
[0.593s] -- Up-to-date symlink: /home/lucads/intelligent-machine-design-lab/irobot_ws/install/custom_msg/share/custom_msg/package.xml
[0.594s] -- Up-to-date: /home/lucads/intelligent-machine-design-lab/irobot_ws/install/custom_msg/lib/libcustom_msg__rosidl_generator_c.so
[0.594s] -- Up-to-date: /home/lucads/intelligent-machine-design-lab/irobot_ws/install/custom_msg/lib/libcustom_msg__rosidl_typesupport_fastrtps_c.so
[0.595s] -- Up-to-date: /home/lucads/intelligent-machine-design-lab/irobot_ws/install/custom_msg/lib/libcustom_msg__rosidl_typesupport_fastrtps_cpp.so
[0.595s] -- Up-to-date: /home/lucads/intelligent-machine-design-lab/irobot_ws/install/custom_msg/lib/libcustom_msg__rosidl_typesupport_introspection_c.so
[0.596s] -- Up-to-date: /home/lucads/intelligent-machine-design-lab/irobot_ws/install/custom_msg/lib/libcustom_msg__rosidl_typesupport_c.so
[0.596s] -- Up-to-date: /home/lucads/intelligent-machine-design-lab/irobot_ws/install/custom_msg/lib/libcustom_msg__rosidl_typesupport_introspection_cpp.so
[0.596s] -- Up-to-date: /home/lucads/intelligent-machine-design-lab/irobot_ws/install/custom_msg/lib/libcustom_msg__rosidl_typesupport_cpp.so
[0.632s] Listing '/home/lucads/intelligent-machine-design-lab/irobot_ws/install/custom_msg/local/lib/python3.10/dist-packages/custom_msg'...
[0.632s] Listing '/home/lucads/intelligent-machine-design-lab/irobot_ws/install/custom_msg/local/lib/python3.10/dist-packages/custom_msg/msg'...
[0.636s] -- Up-to-date: /home/lucads/intelligent-machine-design-lab/irobot_ws/install/custom_msg/lib/libcustom_msg__rosidl_generator_py.so
[0.637s] -- Up-to-date: /home/lucads/intelligent-machine-design-lab/irobot_ws/install/custom_msg/share/custom_msg/cmake/export_custom_msg__rosidl_generator_cExport.cmake
[0.637s] -- Up-to-date: /home/lucads/intelligent-machine-design-lab/irobot_ws/install/custom_msg/share/custom_msg/cmake/export_custom_msg__rosidl_generator_cExport-noconfig.cmake
[0.638s] -- Up-to-date: /home/lucads/intelligent-machine-design-lab/irobot_ws/install/custom_msg/share/custom_msg/cmake/export_custom_msg__rosidl_typesupport_fastrtps_cExport.cmake
[0.638s] -- Up-to-date: /home/lucads/intelligent-machine-design-lab/irobot_ws/install/custom_msg/share/custom_msg/cmake/export_custom_msg__rosidl_typesupport_fastrtps_cExport-noconfig.cmake
[0.638s] -- Up-to-date: /home/lucads/intelligent-machine-design-lab/irobot_ws/install/custom_msg/share/custom_msg/cmake/export_custom_msg__rosidl_generator_cppExport.cmake
[0.638s] -- Up-to-date: /home/lucads/intelligent-machine-design-lab/irobot_ws/install/custom_msg/share/custom_msg/cmake/export_custom_msg__rosidl_typesupport_fastrtps_cppExport.cmake
[0.638s] -- Up-to-date: /home/lucads/intelligent-machine-design-lab/irobot_ws/install/custom_msg/share/custom_msg/cmake/export_custom_msg__rosidl_typesupport_fastrtps_cppExport-noconfig.cmake
[0.638s] -- Up-to-date: /home/lucads/intelligent-machine-design-lab/irobot_ws/install/custom_msg/share/custom_msg/cmake/custom_msg__rosidl_typesupport_introspection_cExport.cmake
[0.639s] -- Up-to-date: /home/lucads/intelligent-machine-design-lab/irobot_ws/install/custom_msg/share/custom_msg/cmake/custom_msg__rosidl_typesupport_introspection_cExport-noconfig.cmake
[0.639s] -- Up-to-date: /home/lucads/intelligent-machine-design-lab/irobot_ws/install/custom_msg/share/custom_msg/cmake/custom_msg__rosidl_typesupport_cExport.cmake
[0.639s] -- Up-to-date: /home/lucads/intelligent-machine-design-lab/irobot_ws/install/custom_msg/share/custom_msg/cmake/custom_msg__rosidl_typesupport_cExport-noconfig.cmake
[0.639s] -- Up-to-date: /home/lucads/intelligent-machine-design-lab/irobot_ws/install/custom_msg/share/custom_msg/cmake/custom_msg__rosidl_typesupport_introspection_cppExport.cmake
[0.639s] -- Up-to-date: /home/lucads/intelligent-machine-design-lab/irobot_ws/install/custom_msg/share/custom_msg/cmake/custom_msg__rosidl_typesupport_introspection_cppExport-noconfig.cmake
[0.639s] -- Up-to-date: /home/lucads/intelligent-machine-design-lab/irobot_ws/install/custom_msg/share/custom_msg/cmake/custom_msg__rosidl_typesupport_cppExport.cmake
[0.639s] -- Up-to-date: /home/lucads/intelligent-machine-design-lab/irobot_ws/install/custom_msg/share/custom_msg/cmake/custom_msg__rosidl_typesupport_cppExport-noconfig.cmake
[0.639s] -- Up-to-date: /home/lucads/intelligent-machine-design-lab/irobot_ws/install/custom_msg/share/custom_msg/cmake/export_custom_msg__rosidl_generator_pyExport.cmake
[0.639s] -- Up-to-date: /home/lucads/intelligent-machine-design-lab/irobot_ws/install/custom_msg/share/custom_msg/cmake/export_custom_msg__rosidl_generator_pyExport-noconfig.cmake
[0.643s] Invoked command in '/home/lucads/intelligent-machine-design-lab/irobot_ws/build/custom_msg' returned '0': CMAKE_PREFIX_PATH=${CMAKE_PREFIX_PATH}:/opt/ros/humble /usr/bin/cmake --install /home/lucads/intelligent-machine-design-lab/irobot_ws/build/custom_msg
