[0.022s] Invoking command in '/home/lucads/intelligent-machine-design-lab/irobot_ws/build/custom_msg': CMAKE_PREFIX_PATH=${CMAKE_PREFIX_PATH}:/opt/ros/humble /usr/bin/cmake --build /home/lucads/intelligent-machine-design-lab/irobot_ws/build/custom_msg -- -j12 -l12
[0.062s] [  3%] Built target custom_msg__cpp
[0.062s] [ 12%] Built target custom_msg__rosidl_generator_c
[0.074s] [ 12%] Built target ament_cmake_python_symlink_custom_msg
[0.085s] [ 22%] Built target custom_msg__rosidl_typesupport_fastrtps_cpp
[0.090s] [ 32%] Built target custom_msg__rosidl_typesupport_cpp
[0.092s] [ 41%] Built target custom_msg__rosidl_typesupport_introspection_cpp
[0.101s] [ 51%] Built target custom_msg__rosidl_typesupport_fastrtps_c
[0.101s] [ 61%] Built target custom_msg__rosidl_typesupport_introspection_c
[0.111s] [ 70%] Built target custom_msg__rosidl_typesupport_c
[0.128s] [ 70%] Built target custom_msg
[0.146s] [ 74%] Built target custom_msg__py
[0.166s] [ 80%] Built target custom_msg__rosidl_generator_py
[0.187s] [ 93%] Built target custom_msg__rosidl_typesupport_introspection_c__pyext
[0.187s] [ 93%] Built target custom_msg__rosidl_typesupport_c__pyext
[0.187s] [100%] Built target custom_msg__rosidl_typesupport_fastrtps_c__pyext
[0.498s] running egg_info
[0.498s] writing custom_msg.egg-info/PKG-INFO
[0.498s] writing dependency_links to custom_msg.egg-info/dependency_links.txt
[0.498s] writing top-level names to custom_msg.egg-info/top_level.txt
[0.502s] reading manifest file 'custom_msg.egg-info/SOURCES.txt'
[0.502s] writing manifest file 'custom_msg.egg-info/SOURCES.txt'
[0.530s] [100%] Built target ament_cmake_python_build_custom_msg_egg
[0.539s] Invoked command in '/home/lucads/intelligent-machine-design-lab/irobot_ws/build/custom_msg' returned '0': CMAKE_PREFIX_PATH=${CMAKE_PREFIX_PATH}:/opt/ros/humble /usr/bin/cmake --build /home/lucads/intelligent-machine-design-lab/irobot_ws/build/custom_msg -- -j12 -l12
[0.589s] Invoking command in '/home/lucads/intelligent-machine-design-lab/irobot_ws/build/custom_msg': CMAKE_PREFIX_PATH=${CMAKE_PREFIX_PATH}:/opt/ros/humble /usr/bin/cmake --install /home/lucads/intelligent-machine-design-lab/irobot_ws/build/custom_msg
[0.595s] -- Install configuration: ""
[0.596s] -- Execute custom install script
[0.596s] -- Up-to-date symlink: /home/lucads/intelligent-machine-design-lab/irobot_ws/install/custom_msg/share/ament_index/resource_index/rosidl_interfaces/custom_msg
[0.596s] -- Up-to-date symlink: /home/lucads/intelligent-machine-design-lab/irobot_ws/install/custom_msg/include/custom_msg/custom_msg/msg/detail/target__functions.h
[0.596s] -- Up-to-date symlink: /home/lucads/intelligent-machine-design-lab/irobot_ws/install/custom_msg/include/custom_msg/custom_msg/msg/detail/target__struct.h
[0.597s] -- Up-to-date symlink: /home/lucads/intelligent-machine-design-lab/irobot_ws/install/custom_msg/include/custom_msg/custom_msg/msg/detail/target__type_support.h
[0.597s] -- Up-to-date symlink: /home/lucads/intelligent-machine-design-lab/irobot_ws/install/custom_msg/include/custom_msg/custom_msg/msg/rosidl_generator_c__visibility_control.h
[0.597s] -- Up-to-date symlink: /home/lucads/intelligent-machine-design-lab/irobot_ws/install/custom_msg/include/custom_msg/custom_msg/msg/target.h
[0.597s] -- Up-to-date symlink: /home/lucads/intelligent-machine-design-lab/irobot_ws/install/custom_msg/share/custom_msg/environment/library_path.sh
[0.597s] -- Up-to-date symlink: /home/lucads/intelligent-machine-design-lab/irobot_ws/install/custom_msg/share/custom_msg/environment/library_path.dsv
[0.597s] -- Up-to-date symlink: /home/lucads/intelligent-machine-design-lab/irobot_ws/install/custom_msg/include/custom_msg/custom_msg/msg/detail/target__rosidl_typesupport_fastrtps_c.h
[0.598s] -- Up-to-date symlink: /home/lucads/intelligent-machine-design-lab/irobot_ws/install/custom_msg/include/custom_msg/custom_msg/msg/rosidl_typesupport_fastrtps_c__visibility_control.h
[0.598s] -- Up-to-date symlink: /home/lucads/intelligent-machine-design-lab/irobot_ws/install/custom_msg/include/custom_msg/custom_msg/msg/detail/target__builder.hpp
[0.598s] -- Up-to-date symlink: /home/lucads/intelligent-machine-design-lab/irobot_ws/install/custom_msg/include/custom_msg/custom_msg/msg/detail/target__struct.hpp
[0.598s] -- Up-to-date symlink: /home/lucads/intelligent-machine-design-lab/irobot_ws/install/custom_msg/include/custom_msg/custom_msg/msg/detail/target__traits.hpp
[0.598s] -- Up-to-date symlink: /home/lucads/intelligent-machine-design-lab/irobot_ws/install/custom_msg/include/custom_msg/custom_msg/msg/target.hpp
[0.599s] -- Up-to-date symlink: /home/lucads/intelligent-machine-design-lab/irobot_ws/install/custom_msg/include/custom_msg/custom_msg/msg/detail/target__rosidl_typesupport_fastrtps_cpp.hpp
[0.599s] -- Up-to-date symlink: /home/lucads/intelligent-machine-design-lab/irobot_ws/install/custom_msg/include/custom_msg/custom_msg/msg/rosidl_typesupport_fastrtps_cpp__visibility_control.h
[0.599s] -- Up-to-date symlink: /home/lucads/intelligent-machine-design-lab/irobot_ws/install/custom_msg/include/custom_msg/custom_msg/msg/detail/target__rosidl_typesupport_introspection_c.h
[0.599s] -- Up-to-date symlink: /home/lucads/intelligent-machine-design-lab/irobot_ws/install/custom_msg/include/custom_msg/custom_msg/msg/rosidl_typesupport_introspection_c__visibility_control.h
[0.599s] -- Up-to-date symlink: /home/lucads/intelligent-machine-design-lab/irobot_ws/install/custom_msg/include/custom_msg/custom_msg/msg/detail/target__rosidl_typesupport_introspection_cpp.hpp
[0.599s] -- Up-to-date symlink: /home/lucads/intelligent-machine-design-lab/irobot_ws/install/custom_msg/share/custom_msg/environment/pythonpath.sh
[0.600s] -- Up-to-date symlink: /home/lucads/intelligent-machine-design-lab/irobot_ws/install/custom_msg/share/custom_msg/environment/pythonpath.dsv
[0.600s] -- Up-to-date symlink: /home/lucads/intelligent-machine-design-lab/irobot_ws/install/custom_msg/local/lib/python3.10/dist-packages/custom_msg-0.0.0-py3.10.egg-info/PKG-INFO
[0.600s] -- Up-to-date symlink: /home/lucads/intelligent-machine-design-lab/irobot_ws/install/custom_msg/local/lib/python3.10/dist-packages/custom_msg-0.0.0-py3.10.egg-info/SOURCES.txt
[0.600s] -- Up-to-date symlink: /home/lucads/intelligent-machine-design-lab/irobot_ws/install/custom_msg/local/lib/python3.10/dist-packages/custom_msg-0.0.0-py3.10.egg-info/dependency_links.txt
[0.600s] -- Up-to-date symlink: /home/lucads/intelligent-machine-design-lab/irobot_ws/install/custom_msg/local/lib/python3.10/dist-packages/custom_msg-0.0.0-py3.10.egg-info/top_level.txt
[0.601s] -- Up-to-date symlink: /home/lucads/intelligent-machine-design-lab/irobot_ws/install/custom_msg/local/lib/python3.10/dist-packages/custom_msg/__init__.py
[0.601s] -- Up-to-date symlink: /home/lucads/intelligent-machine-design-lab/irobot_ws/install/custom_msg/local/lib/python3.10/dist-packages/custom_msg/_custom_msg_s.ep.rosidl_typesupport_c.c
[0.601s] -- Up-to-date symlink: /home/lucads/intelligent-machine-design-lab/irobot_ws/install/custom_msg/local/lib/python3.10/dist-packages/custom_msg/_custom_msg_s.ep.rosidl_typesupport_fastrtps_c.c
[0.601s] -- Up-to-date symlink: /home/lucads/intelligent-machine-design-lab/irobot_ws/install/custom_msg/local/lib/python3.10/dist-packages/custom_msg/_custom_msg_s.ep.rosidl_typesupport_introspection_c.c
[0.601s] -- Up-to-date symlink: /home/lucads/intelligent-machine-design-lab/irobot_ws/install/custom_msg/local/lib/python3.10/dist-packages/custom_msg/custom_msg_s__rosidl_typesupport_c.cpython-310-x86_64-linux-gnu.so
[0.601s] -- Up-to-date symlink: /home/lucads/intelligent-machine-design-lab/irobot_ws/install/custom_msg/local/lib/python3.10/dist-packages/custom_msg/custom_msg_s__rosidl_typesupport_fastrtps_c.cpython-310-x86_64-linux-gnu.so
[0.601s] -- Up-to-date symlink: /home/lucads/intelligent-machine-design-lab/irobot_ws/install/custom_msg/local/lib/python3.10/dist-packages/custom_msg/custom_msg_s__rosidl_typesupport_introspection_c.cpython-310-x86_64-linux-gnu.so
[0.602s] -- Up-to-date symlink: /home/lucads/intelligent-machine-design-lab/irobot_ws/install/custom_msg/local/lib/python3.10/dist-packages/custom_msg/libcustom_msg__rosidl_generator_py.so
[0.602s] -- Up-to-date symlink: /home/lucads/intelligent-machine-design-lab/irobot_ws/install/custom_msg/local/lib/python3.10/dist-packages/custom_msg/msg/__init__.py
[0.602s] -- Up-to-date symlink: /home/lucads/intelligent-machine-design-lab/irobot_ws/install/custom_msg/local/lib/python3.10/dist-packages/custom_msg/msg/_target.py
[0.602s] -- Up-to-date symlink: /home/lucads/intelligent-machine-design-lab/irobot_ws/install/custom_msg/local/lib/python3.10/dist-packages/custom_msg/msg/_target_s.c
[0.602s] -- Up-to-date symlink: /home/lucads/intelligent-machine-design-lab/irobot_ws/install/custom_msg/local/lib/python3.10/dist-packages/custom_msg/custom_msg_s__rosidl_typesupport_fastrtps_c.cpython-310-x86_64-linux-gnu.so
[0.602s] -- Up-to-date symlink: /home/lucads/intelligent-machine-design-lab/irobot_ws/install/custom_msg/local/lib/python3.10/dist-packages/custom_msg/custom_msg_s__rosidl_typesupport_introspection_c.cpython-310-x86_64-linux-gnu.so
[0.602s] -- Up-to-date symlink: /home/lucads/intelligent-machine-design-lab/irobot_ws/install/custom_msg/local/lib/python3.10/dist-packages/custom_msg/custom_msg_s__rosidl_typesupport_c.cpython-310-x86_64-linux-gnu.so
[0.602s] -- Up-to-date symlink: /home/lucads/intelligent-machine-design-lab/irobot_ws/install/custom_msg/share/custom_msg/msg/Target.idl
[0.603s] -- Up-to-date symlink: /home/lucads/intelligent-machine-design-lab/irobot_ws/install/custom_msg/share/custom_msg/msg/Target.msg
[0.603s] -- Up-to-date symlink: /home/lucads/intelligent-machine-design-lab/irobot_ws/install/custom_msg/share/ament_index/resource_index/package_run_dependencies/custom_msg
[0.603s] -- Up-to-date symlink: /home/lucads/intelligent-machine-design-lab/irobot_ws/install/custom_msg/share/ament_index/resource_index/parent_prefix_path/custom_msg
[0.603s] -- Up-to-date symlink: /home/lucads/intelligent-machine-design-lab/irobot_ws/install/custom_msg/share/custom_msg/environment/ament_prefix_path.sh
[0.603s] -- Up-to-date symlink: /home/lucads/intelligent-machine-design-lab/irobot_ws/install/custom_msg/share/custom_msg/environment/ament_prefix_path.dsv
[0.603s] -- Up-to-date symlink: /home/lucads/intelligent-machine-design-lab/irobot_ws/install/custom_msg/share/custom_msg/environment/path.sh
[0.604s] -- Up-to-date symlink: /home/lucads/intelligent-machine-design-lab/irobot_ws/install/custom_msg/share/custom_msg/environment/path.dsv
[0.604s] -- Up-to-date symlink: /home/lucads/intelligent-machine-design-lab/irobot_ws/install/custom_msg/share/custom_msg/local_setup.bash
[0.604s] -- Up-to-date symlink: /home/lucads/intelligent-machine-design-lab/irobot_ws/install/custom_msg/share/custom_msg/local_setup.sh
[0.604s] -- Up-to-date symlink: /home/lucads/intelligent-machine-design-lab/irobot_ws/install/custom_msg/share/custom_msg/local_setup.zsh
[0.604s] -- Up-to-date symlink: /home/lucads/intelligent-machine-design-lab/irobot_ws/install/custom_msg/share/custom_msg/local_setup.dsv
[0.604s] -- Symlinking: /home/lucads/intelligent-machine-design-lab/irobot_ws/install/custom_msg/share/custom_msg/package.dsv
[0.611s] -- Up-to-date symlink: /home/lucads/intelligent-machine-design-lab/irobot_ws/install/custom_msg/share/ament_index/resource_index/packages/custom_msg
[0.612s] -- Up-to-date symlink: /home/lucads/intelligent-machine-design-lab/irobot_ws/install/custom_msg/share/custom_msg/cmake/rosidl_cmake-extras.cmake
[0.612s] -- Up-to-date symlink: /home/lucads/intelligent-machine-design-lab/irobot_ws/install/custom_msg/share/custom_msg/cmake/ament_cmake_export_dependencies-extras.cmake
[0.612s] -- Up-to-date symlink: /home/lucads/intelligent-machine-design-lab/irobot_ws/install/custom_msg/share/custom_msg/cmake/ament_cmake_export_include_directories-extras.cmake
[0.612s] -- Up-to-date symlink: /home/lucads/intelligent-machine-design-lab/irobot_ws/install/custom_msg/share/custom_msg/cmake/ament_cmake_export_libraries-extras.cmake
[0.612s] -- Up-to-date symlink: /home/lucads/intelligent-machine-design-lab/irobot_ws/install/custom_msg/share/custom_msg/cmake/ament_cmake_export_targets-extras.cmake
[0.612s] -- Up-to-date symlink: /home/lucads/intelligent-machine-design-lab/irobot_ws/install/custom_msg/share/custom_msg/cmake/rosidl_cmake_export_typesupport_targets-extras.cmake
[0.612s] -- Up-to-date symlink: /home/lucads/intelligent-machine-design-lab/irobot_ws/install/custom_msg/share/custom_msg/cmake/rosidl_cmake_export_typesupport_libraries-extras.cmake
[0.613s] -- Up-to-date symlink: /home/lucads/intelligent-machine-design-lab/irobot_ws/install/custom_msg/share/custom_msg/cmake/custom_msgConfig.cmake
[0.613s] -- Up-to-date symlink: /home/lucads/intelligent-machine-design-lab/irobot_ws/install/custom_msg/share/custom_msg/cmake/custom_msgConfig-version.cmake
[0.613s] -- Up-to-date symlink: /home/lucads/intelligent-machine-design-lab/irobot_ws/install/custom_msg/share/custom_msg/package.xml
[0.613s] -- Up-to-date: /home/lucads/intelligent-machine-design-lab/irobot_ws/install/custom_msg/lib/libcustom_msg__rosidl_generator_c.so
[0.613s] -- Up-to-date: /home/lucads/intelligent-machine-design-lab/irobot_ws/install/custom_msg/lib/libcustom_msg__rosidl_typesupport_fastrtps_c.so
[0.613s] -- Up-to-date: /home/lucads/intelligent-machine-design-lab/irobot_ws/install/custom_msg/lib/libcustom_msg__rosidl_typesupport_fastrtps_cpp.so
[0.614s] -- Up-to-date: /home/lucads/intelligent-machine-design-lab/irobot_ws/install/custom_msg/lib/libcustom_msg__rosidl_typesupport_introspection_c.so
[0.614s] -- Up-to-date: /home/lucads/intelligent-machine-design-lab/irobot_ws/install/custom_msg/lib/libcustom_msg__rosidl_typesupport_c.so
[0.614s] -- Up-to-date: /home/lucads/intelligent-machine-design-lab/irobot_ws/install/custom_msg/lib/libcustom_msg__rosidl_typesupport_introspection_cpp.so
[0.614s] -- Up-to-date: /home/lucads/intelligent-machine-design-lab/irobot_ws/install/custom_msg/lib/libcustom_msg__rosidl_typesupport_cpp.so
[0.649s] Listing '/home/lucads/intelligent-machine-design-lab/irobot_ws/install/custom_msg/local/lib/python3.10/dist-packages/custom_msg'...
[0.650s] Listing '/home/lucads/intelligent-machine-design-lab/irobot_ws/install/custom_msg/local/lib/python3.10/dist-packages/custom_msg/msg'...
[0.656s] -- Up-to-date: /home/lucads/intelligent-machine-design-lab/irobot_ws/install/custom_msg/lib/libcustom_msg__rosidl_generator_py.so
[0.656s] -- Up-to-date: /home/lucads/intelligent-machine-design-lab/irobot_ws/install/custom_msg/share/custom_msg/cmake/export_custom_msg__rosidl_generator_cExport.cmake
[0.656s] -- Up-to-date: /home/lucads/intelligent-machine-design-lab/irobot_ws/install/custom_msg/share/custom_msg/cmake/export_custom_msg__rosidl_generator_cExport-noconfig.cmake
[0.656s] -- Up-to-date: /home/lucads/intelligent-machine-design-lab/irobot_ws/install/custom_msg/share/custom_msg/cmake/export_custom_msg__rosidl_typesupport_fastrtps_cExport.cmake
[0.656s] -- Up-to-date: /home/lucads/intelligent-machine-design-lab/irobot_ws/install/custom_msg/share/custom_msg/cmake/export_custom_msg__rosidl_typesupport_fastrtps_cExport-noconfig.cmake
[0.656s] -- Up-to-date: /home/lucads/intelligent-machine-design-lab/irobot_ws/install/custom_msg/share/custom_msg/cmake/export_custom_msg__rosidl_generator_cppExport.cmake
[0.657s] -- Up-to-date: /home/lucads/intelligent-machine-design-lab/irobot_ws/install/custom_msg/share/custom_msg/cmake/export_custom_msg__rosidl_typesupport_fastrtps_cppExport.cmake
[0.657s] -- Up-to-date: /home/lucads/intelligent-machine-design-lab/irobot_ws/install/custom_msg/share/custom_msg/cmake/export_custom_msg__rosidl_typesupport_fastrtps_cppExport-noconfig.cmake
[0.657s] -- Up-to-date: /home/lucads/intelligent-machine-design-lab/irobot_ws/install/custom_msg/share/custom_msg/cmake/custom_msg__rosidl_typesupport_introspection_cExport.cmake
[0.657s] -- Up-to-date: /home/lucads/intelligent-machine-design-lab/irobot_ws/install/custom_msg/share/custom_msg/cmake/custom_msg__rosidl_typesupport_introspection_cExport-noconfig.cmake
[0.657s] -- Up-to-date: /home/lucads/intelligent-machine-design-lab/irobot_ws/install/custom_msg/share/custom_msg/cmake/custom_msg__rosidl_typesupport_cExport.cmake
[0.657s] -- Up-to-date: /home/lucads/intelligent-machine-design-lab/irobot_ws/install/custom_msg/share/custom_msg/cmake/custom_msg__rosidl_typesupport_cExport-noconfig.cmake
[0.657s] -- Up-to-date: /home/lucads/intelligent-machine-design-lab/irobot_ws/install/custom_msg/share/custom_msg/cmake/custom_msg__rosidl_typesupport_introspection_cppExport.cmake
[0.657s] -- Up-to-date: /home/lucads/intelligent-machine-design-lab/irobot_ws/install/custom_msg/share/custom_msg/cmake/custom_msg__rosidl_typesupport_introspection_cppExport-noconfig.cmake
[0.657s] -- Up-to-date: /home/lucads/intelligent-machine-design-lab/irobot_ws/install/custom_msg/share/custom_msg/cmake/custom_msg__rosidl_typesupport_cppExport.cmake
[0.657s] -- Up-to-date: /home/lucads/intelligent-machine-design-lab/irobot_ws/install/custom_msg/share/custom_msg/cmake/custom_msg__rosidl_typesupport_cppExport-noconfig.cmake
[0.657s] -- Up-to-date: /home/lucads/intelligent-machine-design-lab/irobot_ws/install/custom_msg/share/custom_msg/cmake/export_custom_msg__rosidl_generator_pyExport.cmake
[0.657s] -- Up-to-date: /home/lucads/intelligent-machine-design-lab/irobot_ws/install/custom_msg/share/custom_msg/cmake/export_custom_msg__rosidl_generator_pyExport-noconfig.cmake
[0.666s] Invoked command in '/home/lucads/intelligent-machine-design-lab/irobot_ws/build/custom_msg' returned '0': CMAKE_PREFIX_PATH=${CMAKE_PREFIX_PATH}:/opt/ros/humble /usr/bin/cmake --install /home/lucads/intelligent-machine-design-lab/irobot_ws/build/custom_msg
