[0.021s] Invoking command in '/home/lucads/intelligent-machine-design-lab/irobot_ws/build/irobot_create_control': CMAKE_PREFIX_PATH=/opt/ros/humble /usr/bin/cmake /home/lucads/intelligent-machine-design-lab/irobot_ws/src/create3_sim/irobot_create_common/irobot_create_control -DAMENT_CMAKE_SYMLINK_INSTALL=1 -DCMAKE_INSTALL_PREFIX=/home/lucads/intelligent-machine-design-lab/irobot_ws/install/irobot_create_control
[0.066s] -- The C compiler identification is GNU 11.3.0
[0.111s] -- The CXX compiler identification is GNU 11.3.0
[0.118s] -- Detecting C compiler ABI info
[0.167s] -- Detecting C compiler ABI info - done
[0.178s] -- Check for working C compiler: /usr/bin/cc - skipped
[0.178s] -- Detecting C compile features
[0.179s] -- Detecting C compile features - done
[0.181s] -- Detecting CXX compiler ABI info
[0.240s] -- Detecting CXX compiler ABI info - done
[0.247s] -- Check for working CXX compiler: /usr/bin/c++ - skipped
[0.248s] -- Detecting CXX compile features
[0.248s] -- Detecting CXX compile features - done
[0.249s] -- Found ament_cmake: 1.3.4 (/opt/ros/humble/share/ament_cmake/cmake)
[0.397s] -- Found Python3: /usr/bin/python3.10 (found version "3.10.6") found components: Interpreter 
[0.455s] -- Override CMake install command with custom implementation using symlinks instead of copying resources
[0.474s] -- Found ament_lint_auto: 0.12.6 (/opt/ros/humble/share/ament_lint_auto/cmake)
[0.540s] -- Added test 'flake8' to check Python code syntax and style conventions
[0.541s] -- Added test 'lint_cmake' to check CMake code style
[0.541s] -- Added test 'pep257' to check Python code against some of the docstring style conventions in PEP 257
[0.542s] -- Added test 'xmllint' to check XML markup files
[0.543s] -- Configuring done
[0.545s] -- Generating done
[0.546s] -- Build files have been written to: /home/lucads/intelligent-machine-design-lab/irobot_ws/build/irobot_create_control
[0.551s] Invoked command in '/home/lucads/intelligent-machine-design-lab/irobot_ws/build/irobot_create_control' returned '0': CMAKE_PREFIX_PATH=/opt/ros/humble /usr/bin/cmake /home/lucads/intelligent-machine-design-lab/irobot_ws/src/create3_sim/irobot_create_common/irobot_create_control -DAMENT_CMAKE_SYMLINK_INSTALL=1 -DCMAKE_INSTALL_PREFIX=/home/lucads/intelligent-machine-design-lab/irobot_ws/install/irobot_create_control
[0.552s] Invoking command in '/home/lucads/intelligent-machine-design-lab/irobot_ws/build/irobot_create_control': CMAKE_PREFIX_PATH=/opt/ros/humble /usr/bin/cmake --build /home/lucads/intelligent-machine-design-lab/irobot_ws/build/irobot_create_control -- -j12 -l12
[0.575s] Invoked command in '/home/lucads/intelligent-machine-design-lab/irobot_ws/build/irobot_create_control' returned '0': CMAKE_PREFIX_PATH=/opt/ros/humble /usr/bin/cmake --build /home/lucads/intelligent-machine-design-lab/irobot_ws/build/irobot_create_control -- -j12 -l12
[0.595s] Invoking command in '/home/lucads/intelligent-machine-design-lab/irobot_ws/build/irobot_create_control': CMAKE_PREFIX_PATH=/opt/ros/humble /usr/bin/cmake --install /home/lucads/intelligent-machine-design-lab/irobot_ws/build/irobot_create_control
[0.599s] -- Install configuration: ""
[0.599s] -- Execute custom install script
[0.600s] -- Symlinking: /home/lucads/intelligent-machine-design-lab/irobot_ws/install/irobot_create_control/share/irobot_create_control//launch/include/control.py
[0.605s] -- Symlinking: /home/lucads/intelligent-machine-design-lab/irobot_ws/install/irobot_create_control/share/irobot_create_control//config/control.yaml
[0.611s] -- Symlinking: /home/lucads/intelligent-machine-design-lab/irobot_ws/install/irobot_create_control/share/ament_index/resource_index/package_run_dependencies/irobot_create_control
[0.616s] -- Symlinking: /home/lucads/intelligent-machine-design-lab/irobot_ws/install/irobot_create_control/share/ament_index/resource_index/parent_prefix_path/irobot_create_control
[0.623s] -- Symlinking: /home/lucads/intelligent-machine-design-lab/irobot_ws/install/irobot_create_control/share/irobot_create_control/environment/ament_prefix_path.sh
[0.628s] -- Symlinking: /home/lucads/intelligent-machine-design-lab/irobot_ws/install/irobot_create_control/share/irobot_create_control/environment/ament_prefix_path.dsv
[0.633s] -- Symlinking: /home/lucads/intelligent-machine-design-lab/irobot_ws/install/irobot_create_control/share/irobot_create_control/environment/path.sh
[0.639s] -- Symlinking: /home/lucads/intelligent-machine-design-lab/irobot_ws/install/irobot_create_control/share/irobot_create_control/environment/path.dsv
[0.644s] -- Symlinking: /home/lucads/intelligent-machine-design-lab/irobot_ws/install/irobot_create_control/share/irobot_create_control/local_setup.bash
[0.650s] -- Symlinking: /home/lucads/intelligent-machine-design-lab/irobot_ws/install/irobot_create_control/share/irobot_create_control/local_setup.sh
[0.656s] -- Symlinking: /home/lucads/intelligent-machine-design-lab/irobot_ws/install/irobot_create_control/share/irobot_create_control/local_setup.zsh
[0.661s] -- Symlinking: /home/lucads/intelligent-machine-design-lab/irobot_ws/install/irobot_create_control/share/irobot_create_control/local_setup.dsv
[0.667s] -- Symlinking: /home/lucads/intelligent-machine-design-lab/irobot_ws/install/irobot_create_control/share/irobot_create_control/package.dsv
[0.673s] -- Symlinking: /home/lucads/intelligent-machine-design-lab/irobot_ws/install/irobot_create_control/share/ament_index/resource_index/packages/irobot_create_control
[0.678s] -- Symlinking: /home/lucads/intelligent-machine-design-lab/irobot_ws/install/irobot_create_control/share/irobot_create_control/cmake/irobot_create_controlConfig.cmake
[0.684s] -- Symlinking: /home/lucads/intelligent-machine-design-lab/irobot_ws/install/irobot_create_control/share/irobot_create_control/cmake/irobot_create_controlConfig-version.cmake
[0.690s] -- Symlinking: /home/lucads/intelligent-machine-design-lab/irobot_ws/install/irobot_create_control/share/irobot_create_control/package.xml
[0.699s] Invoked command in '/home/lucads/intelligent-machine-design-lab/irobot_ws/build/irobot_create_control' returned '0': CMAKE_PREFIX_PATH=/opt/ros/humble /usr/bin/cmake --install /home/lucads/intelligent-machine-design-lab/irobot_ws/build/irobot_create_control
