[0.008s] Invoking command in '/home/lucads/intelligent-machine-design-lab/irobot_ws/build/traj_interpolator': AMENT_PREFIX_PATH=/home/lucads/intelligent-machine-design-lab/irobot_ws/install/custom_msg:${AMENT_PREFIX_PATH} CMAKE_PREFIX_PATH=/home/lucads/intelligent-machine-design-lab/irobot_ws/install/custom_msg:/opt/ros/humble LD_LIBRARY_PATH=/home/lucads/intelligent-machine-design-lab/irobot_ws/install/custom_msg/lib:${LD_LIBRARY_PATH} PYTHONPATH=/home/lucads/intelligent-machine-design-lab/irobot_ws/install/custom_msg/local/lib/python3.10/dist-packages:${PYTHONPATH} /usr/bin/cmake --build /home/lucads/intelligent-machine-design-lab/irobot_ws/build/traj_interpolator -- -j12 -l12
[0.042s] [35m[1mConsolidate compiler generated dependencies of target traj_interpolator[0m
[0.054s] [ 50%] [32mBuilding CXX object CMakeFiles/traj_interpolator.dir/src/draw_traj.cpp.o[0m
[7.607s] [100%] [32m[1mLinking CXX executable traj_interpolator[0m
[8.021s] [100%] Built target traj_interpolator
[8.029s] Invoked command in '/home/lucads/intelligent-machine-design-lab/irobot_ws/build/traj_interpolator' returned '0': AMENT_PREFIX_PATH=/home/lucads/intelligent-machine-design-lab/irobot_ws/install/custom_msg:${AMENT_PREFIX_PATH} CMAKE_PREFIX_PATH=/home/lucads/intelligent-machine-design-lab/irobot_ws/install/custom_msg:/opt/ros/humble LD_LIBRARY_PATH=/home/lucads/intelligent-machine-design-lab/irobot_ws/install/custom_msg/lib:${LD_LIBRARY_PATH} PYTHONPATH=/home/lucads/intelligent-machine-design-lab/irobot_ws/install/custom_msg/local/lib/python3.10/dist-packages:${PYTHONPATH} /usr/bin/cmake --build /home/lucads/intelligent-machine-design-lab/irobot_ws/build/traj_interpolator -- -j12 -l12
[8.045s] Invoking command in '/home/lucads/intelligent-machine-design-lab/irobot_ws/build/traj_interpolator': AMENT_PREFIX_PATH=/home/lucads/intelligent-machine-design-lab/irobot_ws/install/custom_msg:${AMENT_PREFIX_PATH} CMAKE_PREFIX_PATH=/home/lucads/intelligent-machine-design-lab/irobot_ws/install/custom_msg:/opt/ros/humble LD_LIBRARY_PATH=/home/lucads/intelligent-machine-design-lab/irobot_ws/install/custom_msg/lib:${LD_LIBRARY_PATH} PYTHONPATH=/home/lucads/intelligent-machine-design-lab/irobot_ws/install/custom_msg/local/lib/python3.10/dist-packages:${PYTHONPATH} /usr/bin/cmake --install /home/lucads/intelligent-machine-design-lab/irobot_ws/build/traj_interpolator
[8.050s] -- Install configuration: ""
[8.050s] -- Execute custom install script
[8.051s] -- Up-to-date symlink: /home/lucads/intelligent-machine-design-lab/irobot_ws/install/traj_interpolator/lib/traj_interpolator/traj_interpolator
[8.052s] -- Up-to-date symlink: /home/lucads/intelligent-machine-design-lab/irobot_ws/install/traj_interpolator/share/ament_index/resource_index/package_run_dependencies/traj_interpolator
[8.052s] -- Up-to-date symlink: /home/lucads/intelligent-machine-design-lab/irobot_ws/install/traj_interpolator/share/ament_index/resource_index/parent_prefix_path/traj_interpolator
[8.053s] -- Up-to-date symlink: /home/lucads/intelligent-machine-design-lab/irobot_ws/install/traj_interpolator/share/traj_interpolator/environment/ament_prefix_path.sh
[8.053s] -- Up-to-date symlink: /home/lucads/intelligent-machine-design-lab/irobot_ws/install/traj_interpolator/share/traj_interpolator/environment/ament_prefix_path.dsv
[8.053s] -- Up-to-date symlink: /home/lucads/intelligent-machine-design-lab/irobot_ws/install/traj_interpolator/share/traj_interpolator/environment/path.sh
[8.053s] -- Up-to-date symlink: /home/lucads/intelligent-machine-design-lab/irobot_ws/install/traj_interpolator/share/traj_interpolator/environment/path.dsv
[8.053s] -- Up-to-date symlink: /home/lucads/intelligent-machine-design-lab/irobot_ws/install/traj_interpolator/share/traj_interpolator/local_setup.bash
[8.054s] -- Up-to-date symlink: /home/lucads/intelligent-machine-design-lab/irobot_ws/install/traj_interpolator/share/traj_interpolator/local_setup.sh
[8.054s] -- Up-to-date symlink: /home/lucads/intelligent-machine-design-lab/irobot_ws/install/traj_interpolator/share/traj_interpolator/local_setup.zsh
[8.054s] -- Up-to-date symlink: /home/lucads/intelligent-machine-design-lab/irobot_ws/install/traj_interpolator/share/traj_interpolator/local_setup.dsv
[8.054s] -- Symlinking: /home/lucads/intelligent-machine-design-lab/irobot_ws/install/traj_interpolator/share/traj_interpolator/package.dsv
[8.060s] -- Up-to-date symlink: /home/lucads/intelligent-machine-design-lab/irobot_ws/install/traj_interpolator/share/ament_index/resource_index/packages/traj_interpolator
[8.060s] -- Up-to-date symlink: /home/lucads/intelligent-machine-design-lab/irobot_ws/install/traj_interpolator/share/traj_interpolator/cmake/ament_cmake_export_include_directories-extras.cmake
[8.061s] -- Up-to-date symlink: /home/lucads/intelligent-machine-design-lab/irobot_ws/install/traj_interpolator/share/traj_interpolator/cmake/ament_cmake_export_dependencies-extras.cmake
[8.061s] -- Up-to-date symlink: /home/lucads/intelligent-machine-design-lab/irobot_ws/install/traj_interpolator/share/traj_interpolator/cmake/traj_interpolatorConfig.cmake
[8.061s] -- Up-to-date symlink: /home/lucads/intelligent-machine-design-lab/irobot_ws/install/traj_interpolator/share/traj_interpolator/cmake/traj_interpolatorConfig-version.cmake
[8.061s] -- Up-to-date symlink: /home/lucads/intelligent-machine-design-lab/irobot_ws/install/traj_interpolator/share/traj_interpolator/package.xml
[8.062s] Invoked command in '/home/lucads/intelligent-machine-design-lab/irobot_ws/build/traj_interpolator' returned '0': AMENT_PREFIX_PATH=/home/lucads/intelligent-machine-design-lab/irobot_ws/install/custom_msg:${AMENT_PREFIX_PATH} CMAKE_PREFIX_PATH=/home/lucads/intelligent-machine-design-lab/irobot_ws/install/custom_msg:/opt/ros/humble LD_LIBRARY_PATH=/home/lucads/intelligent-machine-design-lab/irobot_ws/install/custom_msg/lib:${LD_LIBRARY_PATH} PYTHONPATH=/home/lucads/intelligent-machine-design-lab/irobot_ws/install/custom_msg/local/lib/python3.10/dist-packages:${PYTHONPATH} /usr/bin/cmake --install /home/lucads/intelligent-machine-design-lab/irobot_ws/build/traj_interpolator
