[0.034s] Invoking command in '/home/lucads/intelligent-machine-design-lab/irobot_ws/build/irobot_create_gazebo_plugins': AMENT_PREFIX_PATH=/home/lucads/intelligent-machine-design-lab/irobot_ws/install/irobot_create_toolbox:${AMENT_PREFIX_PATH} CMAKE_PREFIX_PATH=/home/lucads/intelligent-machine-design-lab/irobot_ws/install/irobot_create_toolbox:/opt/ros/humble LD_LIBRARY_PATH=/home/lucads/intelligent-machine-design-lab/irobot_ws/install/irobot_create_toolbox/lib:${LD_LIBRARY_PATH} /usr/bin/cmake --build /home/lucads/intelligent-machine-design-lab/irobot_ws/build/irobot_create_gazebo_plugins -- -j12 -l12
[0.097s] [  5%] [32mBuilding CXX object CMakeFiles/gazebo_ros_create_helpers.dir/src/gazebo_ros_helpers.cpp.o[0m
[21.170s] [ 10%] [32m[1mLinking CXX shared library libgazebo_ros_create_helpers.so[0m
[22.216s] [ 10%] Built target gazebo_ros_create_helpers
[22.430s] [ 15%] [32mBuilding CXX object CMakeFiles/gazebo_ros_create_cliff_sensor.dir/src/gazebo_ros_cliff_sensor.cpp.o[0m
[22.444s] [ 20%] [32mBuilding CXX object CMakeFiles/gazebo_ros_create_bumper.dir/src/gazebo_ros_bumper.cpp.o[0m
[22.472s] [ 25%] [32mBuilding CXX object CMakeFiles/gazebo_ros_create_imu.dir/src/gazebo_ros_imu.cpp.o[0m
[22.486s] [ 30%] [32mBuilding CXX object CMakeFiles/gazebo_ros_create_docking_status.dir/src/gazebo_ros_docking_status.cpp.o[0m
[22.528s] [ 35%] [32mBuilding CXX object CMakeFiles/gazebo_ros_create_ir_intensity_sensor.dir/src/gazebo_ros_ir_intensity_sensor.cpp.o[0m
[22.530s] [ 40%] [32mBuilding CXX object CMakeFiles/gazebo_ros_create_optical_mouse.dir/src/gazebo_ros_optical_mouse.cpp.o[0m
[22.601s] [ 45%] [32mBuilding CXX object CMakeFiles/docking_manager.dir/src/docking_manager.cpp.o[0m
[22.685s] [ 50%] [32mBuilding CXX object CMakeFiles/gazebo_ros_create_wheel_drop.dir/src/gazebo_ros_wheel_drop.cpp.o[0m
[55.089s] [ 55%] [32m[1mLinking CXX shared library libdocking_manager.so[0m
[55.930s] [ 55%] Built target docking_manager
[57.071s] [ 60%] [32m[1mLinking CXX shared library libgazebo_ros_create_ir_intensity_sensor.so[0m
[57.348s] [ 65%] [32m[1mLinking CXX shared library libgazebo_ros_create_imu.so[0m
[58.248s] [ 70%] [32m[1mLinking CXX shared library libgazebo_ros_create_optical_mouse.so[0m
[58.364s] [ 70%] Built target gazebo_ros_create_ir_intensity_sensor
[58.461s] [ 75%] [32m[1mLinking CXX shared library libgazebo_ros_create_wheel_drop.so[0m
[58.954s] [ 75%] Built target gazebo_ros_create_imu
[59.587s] [ 75%] Built target gazebo_ros_create_wheel_drop
[59.765s] [ 75%] Built target gazebo_ros_create_optical_mouse
[61.850s] [ 80%] [32m[1mLinking CXX shared library libgazebo_ros_create_cliff_sensor.so[0m
[61.930s] [ 85%] [32m[1mLinking CXX shared library libgazebo_ros_create_bumper.so[0m
[63.119s] [ 85%] Built target gazebo_ros_create_cliff_sensor
[63.197s] [ 85%] Built target gazebo_ros_create_bumper
[64.270s] [ 90%] [32m[1mLinking CXX shared library libgazebo_ros_create_docking_status.so[0m
[65.539s] [ 90%] Built target gazebo_ros_create_docking_status
[65.561s] [ 95%] [32mBuilding CXX object CMakeFiles/gazebo_ros_create_ir_opcode.dir/src/gazebo_ros_ir_opcode.cpp.o[0m
[78.399s] [100%] [32m[1mLinking CXX shared library libgazebo_ros_create_ir_opcode.so[0m
[78.900s] [100%] Built target gazebo_ros_create_ir_opcode
