[35m[1mConsolidate compiler generated dependencies of target traj_interpolator[0m
[ 50%] [32mBuilding CXX object CMakeFiles/traj_interpolator.dir/src/draw_traj.cpp.o[0m
In file included from [01m[K/opt/ros/humble/include/rclcpp/rclcpp/logging.hpp:24[m[K,
                 from [01m[K/opt/ros/humble/include/rclcpp/rclcpp/client.hpp:40[m[K,
                 from [01m[K/opt/ros/humble/include/rclcpp/rclcpp/callback_group.hpp:24[m[K,
                 from [01m[K/opt/ros/humble/include/rclcpp/rclcpp/any_executable.hpp:20[m[K,
                 from [01m[K/opt/ros/humble/include/rclcpp/rclcpp/memory_strategy.hpp:25[m[K,
                 from [01m[K/opt/ros/humble/include/rclcpp/rclcpp/memory_strategies.hpp:18[m[K,
                 from [01m[K/opt/ros/humble/include/rclcpp/rclcpp/executor_options.hpp:20[m[K,
                 from [01m[K/opt/ros/humble/include/rclcpp/rclcpp/executor.hpp:37[m[K,
                 from [01m[K/opt/ros/humble/include/rclcpp/rclcpp/executors/multi_threaded_executor.hpp:25[m[K,
                 from [01m[K/opt/ros/humble/include/rclcpp/rclcpp/executors.hpp:21[m[K,
                 from [01m[K/opt/ros/humble/include/rclcpp/rclcpp/rclcpp.hpp:155[m[K,
                 from [01m[K/home/lucads/intelligent-machine-design-lab/irobot_ws/src/traj_interpolator/src/draw_traj.cpp:1[m[K:
[01m[K/home/lucads/intelligent-machine-design-lab/irobot_ws/src/traj_interpolator/src/draw_traj.cpp:[m[K In member function ‘[01m[Kvoid InterpolatorNode::targetPoseCallback(custom_msg::msg::Target_<std::allocator<void> >::SharedPtr)[m[K’:
[01m[K/home/lucads/intelligent-machine-design-lab/irobot_ws/src/traj_interpolator/src/draw_traj.cpp:60:39:[m[K [01;35m[Kwarning: [m[Kformat ‘[01m[K%d[m[K’ expects argument of type ‘[01m[Kint[m[K’, but argument 5 has type ‘[01m[Kdouble[m[K’ [[01;35m[K]8;;https://gcc.gnu.org/onlinedocs/gcc/Warning-Options.html#index-Wformat=-Wformat=]8;;[m[K]
   60 |       RCLCPP_INFO(this->get_logger(), [01;35m[K"Distanza %d , rotation %d"[m[K, [32m[Kdistance[m[K, rotation);
      |                                       [01;35m[K^~~~~~~~~~~~~~~~~~~~~~~~~~~[m[K  [32m[K~~~~~~~~[m[K
      |                                                                    [32m[K|[m[K
      |                                                                    [32m[Kdouble[m[K
[01m[K/home/lucads/intelligent-machine-design-lab/irobot_ws/src/traj_interpolator/src/draw_traj.cpp:60:50:[m[K [01;36m[Knote: [m[Kformat string is defined here
   60 |       RCLCPP_INFO(this->get_logger(), "Distanza [01;36m[K%d[m[K , rotation %d", distance, rotation);
      |                                                 [01;36m[K~^[m[K
      |                                                  [01;36m[K|[m[K
      |                                                  [01;36m[Kint[m[K
      |                                                 [32m[K%f[m[K
In file included from [01m[K/opt/ros/humble/include/rclcpp/rclcpp/logging.hpp:24[m[K,
                 from [01m[K/opt/ros/humble/include/rclcpp/rclcpp/client.hpp:40[m[K,
                 from [01m[K/opt/ros/humble/include/rclcpp/rclcpp/callback_group.hpp:24[m[K,
                 from [01m[K/opt/ros/humble/include/rclcpp/rclcpp/any_executable.hpp:20[m[K,
                 from [01m[K/opt/ros/humble/include/rclcpp/rclcpp/memory_strategy.hpp:25[m[K,
                 from [01m[K/opt/ros/humble/include/rclcpp/rclcpp/memory_strategies.hpp:18[m[K,
                 from [01m[K/opt/ros/humble/include/rclcpp/rclcpp/executor_options.hpp:20[m[K,
                 from [01m[K/opt/ros/humble/include/rclcpp/rclcpp/executor.hpp:37[m[K,
                 from [01m[K/opt/ros/humble/include/rclcpp/rclcpp/executors/multi_threaded_executor.hpp:25[m[K,
                 from [01m[K/opt/ros/humble/include/rclcpp/rclcpp/executors.hpp:21[m[K,
                 from [01m[K/opt/ros/humble/include/rclcpp/rclcpp/rclcpp.hpp:155[m[K,
                 from [01m[K/home/lucads/intelligent-machine-design-lab/irobot_ws/src/traj_interpolator/src/draw_traj.cpp:1[m[K:
[01m[K/home/lucads/intelligent-machine-design-lab/irobot_ws/src/traj_interpolator/src/draw_traj.cpp:60:39:[m[K [01;35m[Kwarning: [m[Kformat ‘[01m[K%d[m[K’ expects argument of type ‘[01m[Kint[m[K’, but argument 6 has type ‘[01m[Kdouble[m[K’ [[01;35m[K]8;;https://gcc.gnu.org/onlinedocs/gcc/Warning-Options.html#index-Wformat=-Wformat=]8;;[m[K]
   60 |       RCLCPP_INFO(this->get_logger(), [01;35m[K"Distanza %d , rotation %d"[m[K, distance, [32m[Krotation[m[K);
      |                                       [01;35m[K^~~~~~~~~~~~~~~~~~~~~~~~~~~[m[K            [32m[K~~~~~~~~[m[K
      |                                                                              [32m[K|[m[K
      |                                                                              [32m[Kdouble[m[K
[01m[K/home/lucads/intelligent-machine-design-lab/irobot_ws/src/traj_interpolator/src/draw_traj.cpp:60:64:[m[K [01;36m[Knote: [m[Kformat string is defined here
   60 |    RCLCPP_INFO(this->get_logger(), "Distanza %d , rotation [01;36m[K%d[m[K", distance, rotation);
      |                                                            [01;36m[K~^[m[K
      |                                                             [01;36m[K|[m[K
      |                                                             [01;36m[Kint[m[K
      |                                                            [32m[K%f[m[K
[100%] [32m[1mLinking CXX executable traj_interpolator[0m
[100%] Built target traj_interpolator
-- Install configuration: ""
-- Execute custom install script
-- Up-to-date symlink: /home/lucads/intelligent-machine-design-lab/irobot_ws/install/traj_interpolator/lib/traj_interpolator/traj_interpolator
-- Up-to-date symlink: /home/lucads/intelligent-machine-design-lab/irobot_ws/install/traj_interpolator/share/ament_index/resource_index/package_run_dependencies/traj_interpolator
-- Up-to-date symlink: /home/lucads/intelligent-machine-design-lab/irobot_ws/install/traj_interpolator/share/ament_index/resource_index/parent_prefix_path/traj_interpolator
-- Up-to-date symlink: /home/lucads/intelligent-machine-design-lab/irobot_ws/install/traj_interpolator/share/traj_interpolator/environment/ament_prefix_path.sh
-- Up-to-date symlink: /home/lucads/intelligent-machine-design-lab/irobot_ws/install/traj_interpolator/share/traj_interpolator/environment/ament_prefix_path.dsv
-- Up-to-date symlink: /home/lucads/intelligent-machine-design-lab/irobot_ws/install/traj_interpolator/share/traj_interpolator/environment/path.sh
-- Up-to-date symlink: /home/lucads/intelligent-machine-design-lab/irobot_ws/install/traj_interpolator/share/traj_interpolator/environment/path.dsv
-- Up-to-date symlink: /home/lucads/intelligent-machine-design-lab/irobot_ws/install/traj_interpolator/share/traj_interpolator/local_setup.bash
-- Up-to-date symlink: /home/lucads/intelligent-machine-design-lab/irobot_ws/install/traj_interpolator/share/traj_interpolator/local_setup.sh
-- Up-to-date symlink: /home/lucads/intelligent-machine-design-lab/irobot_ws/install/traj_interpolator/share/traj_interpolator/local_setup.zsh
-- Up-to-date symlink: /home/lucads/intelligent-machine-design-lab/irobot_ws/install/traj_interpolator/share/traj_interpolator/local_setup.dsv
-- Symlinking: /home/lucads/intelligent-machine-design-lab/irobot_ws/install/traj_interpolator/share/traj_interpolator/package.dsv
-- Up-to-date symlink: /home/lucads/intelligent-machine-design-lab/irobot_ws/install/traj_interpolator/share/ament_index/resource_index/packages/traj_interpolator
-- Up-to-date symlink: /home/lucads/intelligent-machine-design-lab/irobot_ws/install/traj_interpolator/share/traj_interpolator/cmake/ament_cmake_export_include_directories-extras.cmake
-- Up-to-date symlink: /home/lucads/intelligent-machine-design-lab/irobot_ws/install/traj_interpolator/share/traj_interpolator/cmake/ament_cmake_export_dependencies-extras.cmake
-- Up-to-date symlink: /home/lucads/intelligent-machine-design-lab/irobot_ws/install/traj_interpolator/share/traj_interpolator/cmake/traj_interpolatorConfig.cmake
-- Up-to-date symlink: /home/lucads/intelligent-machine-design-lab/irobot_ws/install/traj_interpolator/share/traj_interpolator/cmake/traj_interpolatorConfig-version.cmake
-- Up-to-date symlink: /home/lucads/intelligent-machine-design-lab/irobot_ws/install/traj_interpolator/share/traj_interpolator/package.xml
