[  3%] Built target custom_msg__cpp
[ 12%] Built target custom_msg__rosidl_generator_c
[ 12%] Built target ament_cmake_python_symlink_custom_msg
[ 22%] Built target custom_msg__rosidl_typesupport_cpp
[ 32%] Built target custom_msg__rosidl_typesupport_fastrtps_cpp
[ 41%] Built target custom_msg__rosidl_typesupport_c
[ 51%] Built target custom_msg__rosidl_typesupport_fastrtps_c
[ 61%] Built target custom_msg__rosidl_typesupport_introspection_cpp
[ 70%] Built target custom_msg__rosidl_typesupport_introspection_c
[ 70%] Built target custom_msg
[ 74%] Built target custom_msg__py
[ 80%] Built target custom_msg__rosidl_generator_py
[ 93%] Built target custom_msg__rosidl_typesupport_fastrtps_c__pyext
[ 96%] Built target custom_msg__rosidl_typesupport_c__pyext
[100%] Built target custom_msg__rosidl_typesupport_introspection_c__pyext
running egg_info
writing custom_msg.egg-info/PKG-INFO
writing dependency_links to custom_msg.egg-info/dependency_links.txt
writing top-level names to custom_msg.egg-info/top_level.txt
reading manifest file 'custom_msg.egg-info/SOURCES.txt'
writing manifest file 'custom_msg.egg-info/SOURCES.txt'
[100%] Built target ament_cmake_python_build_custom_msg_egg
-- Install configuration: ""
-- Execute custom install script
-- Up-to-date symlink: /home/lucads/intelligent-machine-design-lab/irobot_ws/install/custom_msg/share/ament_index/resource_index/rosidl_interfaces/custom_msg
-- Up-to-date symlink: /home/lucads/intelligent-machine-design-lab/irobot_ws/install/custom_msg/include/custom_msg/custom_msg/msg/detail/target__functions.h
-- Up-to-date symlink: /home/lucads/intelligent-machine-design-lab/irobot_ws/install/custom_msg/include/custom_msg/custom_msg/msg/detail/target__struct.h
-- Up-to-date symlink: /home/lucads/intelligent-machine-design-lab/irobot_ws/install/custom_msg/include/custom_msg/custom_msg/msg/detail/target__type_support.h
-- Up-to-date symlink: /home/lucads/intelligent-machine-design-lab/irobot_ws/install/custom_msg/include/custom_msg/custom_msg/msg/rosidl_generator_c__visibility_control.h
-- Up-to-date symlink: /home/lucads/intelligent-machine-design-lab/irobot_ws/install/custom_msg/include/custom_msg/custom_msg/msg/target.h
-- Up-to-date symlink: /home/lucads/intelligent-machine-design-lab/irobot_ws/install/custom_msg/share/custom_msg/environment/library_path.sh
-- Up-to-date symlink: /home/lucads/intelligent-machine-design-lab/irobot_ws/install/custom_msg/share/custom_msg/environment/library_path.dsv
-- Up-to-date symlink: /home/lucads/intelligent-machine-design-lab/irobot_ws/install/custom_msg/include/custom_msg/custom_msg/msg/detail/target__rosidl_typesupport_fastrtps_c.h
-- Up-to-date symlink: /home/lucads/intelligent-machine-design-lab/irobot_ws/install/custom_msg/include/custom_msg/custom_msg/msg/rosidl_typesupport_fastrtps_c__visibility_control.h
-- Up-to-date symlink: /home/lucads/intelligent-machine-design-lab/irobot_ws/install/custom_msg/include/custom_msg/custom_msg/msg/detail/target__builder.hpp
-- Up-to-date symlink: /home/lucads/intelligent-machine-design-lab/irobot_ws/install/custom_msg/include/custom_msg/custom_msg/msg/detail/target__struct.hpp
-- Up-to-date symlink: /home/lucads/intelligent-machine-design-lab/irobot_ws/install/custom_msg/include/custom_msg/custom_msg/msg/detail/target__traits.hpp
-- Up-to-date symlink: /home/lucads/intelligent-machine-design-lab/irobot_ws/install/custom_msg/include/custom_msg/custom_msg/msg/target.hpp
-- Up-to-date symlink: /home/lucads/intelligent-machine-design-lab/irobot_ws/install/custom_msg/include/custom_msg/custom_msg/msg/detail/target__rosidl_typesupport_fastrtps_cpp.hpp
-- Up-to-date symlink: /home/lucads/intelligent-machine-design-lab/irobot_ws/install/custom_msg/include/custom_msg/custom_msg/msg/rosidl_typesupport_fastrtps_cpp__visibility_control.h
-- Up-to-date symlink: /home/lucads/intelligent-machine-design-lab/irobot_ws/install/custom_msg/include/custom_msg/custom_msg/msg/detail/target__rosidl_typesupport_introspection_c.h
-- Up-to-date symlink: /home/lucads/intelligent-machine-design-lab/irobot_ws/install/custom_msg/include/custom_msg/custom_msg/msg/rosidl_typesupport_introspection_c__visibility_control.h
-- Up-to-date symlink: /home/lucads/intelligent-machine-design-lab/irobot_ws/install/custom_msg/include/custom_msg/custom_msg/msg/detail/target__rosidl_typesupport_introspection_cpp.hpp
-- Up-to-date symlink: /home/lucads/intelligent-machine-design-lab/irobot_ws/install/custom_msg/share/custom_msg/environment/pythonpath.sh
-- Up-to-date symlink: /home/lucads/intelligent-machine-design-lab/irobot_ws/install/custom_msg/share/custom_msg/environment/pythonpath.dsv
-- Up-to-date symlink: /home/lucads/intelligent-machine-design-lab/irobot_ws/install/custom_msg/local/lib/python3.10/dist-packages/custom_msg-0.0.0-py3.10.egg-info/PKG-INFO
-- Up-to-date symlink: /home/lucads/intelligent-machine-design-lab/irobot_ws/install/custom_msg/local/lib/python3.10/dist-packages/custom_msg-0.0.0-py3.10.egg-info/SOURCES.txt
-- Up-to-date symlink: /home/lucads/intelligent-machine-design-lab/irobot_ws/install/custom_msg/local/lib/python3.10/dist-packages/custom_msg-0.0.0-py3.10.egg-info/dependency_links.txt
-- Up-to-date symlink: /home/lucads/intelligent-machine-design-lab/irobot_ws/install/custom_msg/local/lib/python3.10/dist-packages/custom_msg-0.0.0-py3.10.egg-info/top_level.txt
-- Up-to-date symlink: /home/lucads/intelligent-machine-design-lab/irobot_ws/install/custom_msg/local/lib/python3.10/dist-packages/custom_msg/__init__.py
-- Up-to-date symlink: /home/lucads/intelligent-machine-design-lab/irobot_ws/install/custom_msg/local/lib/python3.10/dist-packages/custom_msg/_custom_msg_s.ep.rosidl_typesupport_c.c
-- Up-to-date symlink: /home/lucads/intelligent-machine-design-lab/irobot_ws/install/custom_msg/local/lib/python3.10/dist-packages/custom_msg/_custom_msg_s.ep.rosidl_typesupport_fastrtps_c.c
-- Up-to-date symlink: /home/lucads/intelligent-machine-design-lab/irobot_ws/install/custom_msg/local/lib/python3.10/dist-packages/custom_msg/_custom_msg_s.ep.rosidl_typesupport_introspection_c.c
-- Up-to-date symlink: /home/lucads/intelligent-machine-design-lab/irobot_ws/install/custom_msg/local/lib/python3.10/dist-packages/custom_msg/custom_msg_s__rosidl_typesupport_c.cpython-310-x86_64-linux-gnu.so
-- Up-to-date symlink: /home/lucads/intelligent-machine-design-lab/irobot_ws/install/custom_msg/local/lib/python3.10/dist-packages/custom_msg/custom_msg_s__rosidl_typesupport_fastrtps_c.cpython-310-x86_64-linux-gnu.so
-- Up-to-date symlink: /home/lucads/intelligent-machine-design-lab/irobot_ws/install/custom_msg/local/lib/python3.10/dist-packages/custom_msg/custom_msg_s__rosidl_typesupport_introspection_c.cpython-310-x86_64-linux-gnu.so
-- Up-to-date symlink: /home/lucads/intelligent-machine-design-lab/irobot_ws/install/custom_msg/local/lib/python3.10/dist-packages/custom_msg/libcustom_msg__rosidl_generator_py.so
-- Up-to-date symlink: /home/lucads/intelligent-machine-design-lab/irobot_ws/install/custom_msg/local/lib/python3.10/dist-packages/custom_msg/msg/__init__.py
-- Up-to-date symlink: /home/lucads/intelligent-machine-design-lab/irobot_ws/install/custom_msg/local/lib/python3.10/dist-packages/custom_msg/msg/_target.py
-- Up-to-date symlink: /home/lucads/intelligent-machine-design-lab/irobot_ws/install/custom_msg/local/lib/python3.10/dist-packages/custom_msg/msg/_target_s.c
-- Up-to-date symlink: /home/lucads/intelligent-machine-design-lab/irobot_ws/install/custom_msg/local/lib/python3.10/dist-packages/custom_msg/custom_msg_s__rosidl_typesupport_fastrtps_c.cpython-310-x86_64-linux-gnu.so
-- Up-to-date symlink: /home/lucads/intelligent-machine-design-lab/irobot_ws/install/custom_msg/local/lib/python3.10/dist-packages/custom_msg/custom_msg_s__rosidl_typesupport_introspection_c.cpython-310-x86_64-linux-gnu.so
-- Up-to-date symlink: /home/lucads/intelligent-machine-design-lab/irobot_ws/install/custom_msg/local/lib/python3.10/dist-packages/custom_msg/custom_msg_s__rosidl_typesupport_c.cpython-310-x86_64-linux-gnu.so
-- Up-to-date symlink: /home/lucads/intelligent-machine-design-lab/irobot_ws/install/custom_msg/share/custom_msg/msg/Target.idl
-- Up-to-date symlink: /home/lucads/intelligent-machine-design-lab/irobot_ws/install/custom_msg/share/custom_msg/msg/Target.msg
-- Up-to-date symlink: /home/lucads/intelligent-machine-design-lab/irobot_ws/install/custom_msg/share/ament_index/resource_index/package_run_dependencies/custom_msg
-- Up-to-date symlink: /home/lucads/intelligent-machine-design-lab/irobot_ws/install/custom_msg/share/ament_index/resource_index/parent_prefix_path/custom_msg
-- Up-to-date symlink: /home/lucads/intelligent-machine-design-lab/irobot_ws/install/custom_msg/share/custom_msg/environment/ament_prefix_path.sh
-- Up-to-date symlink: /home/lucads/intelligent-machine-design-lab/irobot_ws/install/custom_msg/share/custom_msg/environment/ament_prefix_path.dsv
-- Up-to-date symlink: /home/lucads/intelligent-machine-design-lab/irobot_ws/install/custom_msg/share/custom_msg/environment/path.sh
-- Up-to-date symlink: /home/lucads/intelligent-machine-design-lab/irobot_ws/install/custom_msg/share/custom_msg/environment/path.dsv
-- Up-to-date symlink: /home/lucads/intelligent-machine-design-lab/irobot_ws/install/custom_msg/share/custom_msg/local_setup.bash
-- Up-to-date symlink: /home/lucads/intelligent-machine-design-lab/irobot_ws/install/custom_msg/share/custom_msg/local_setup.sh
-- Up-to-date symlink: /home/lucads/intelligent-machine-design-lab/irobot_ws/install/custom_msg/share/custom_msg/local_setup.zsh
-- Up-to-date symlink: /home/lucads/intelligent-machine-design-lab/irobot_ws/install/custom_msg/share/custom_msg/local_setup.dsv
-- Symlinking: /home/lucads/intelligent-machine-design-lab/irobot_ws/install/custom_msg/share/custom_msg/package.dsv
-- Up-to-date symlink: /home/lucads/intelligent-machine-design-lab/irobot_ws/install/custom_msg/share/ament_index/resource_index/packages/custom_msg
-- Up-to-date symlink: /home/lucads/intelligent-machine-design-lab/irobot_ws/install/custom_msg/share/custom_msg/cmake/rosidl_cmake-extras.cmake
-- Up-to-date symlink: /home/lucads/intelligent-machine-design-lab/irobot_ws/install/custom_msg/share/custom_msg/cmake/ament_cmake_export_dependencies-extras.cmake
-- Up-to-date symlink: /home/lucads/intelligent-machine-design-lab/irobot_ws/install/custom_msg/share/custom_msg/cmake/ament_cmake_export_include_directories-extras.cmake
-- Up-to-date symlink: /home/lucads/intelligent-machine-design-lab/irobot_ws/install/custom_msg/share/custom_msg/cmake/ament_cmake_export_libraries-extras.cmake
-- Up-to-date symlink: /home/lucads/intelligent-machine-design-lab/irobot_ws/install/custom_msg/share/custom_msg/cmake/ament_cmake_export_targets-extras.cmake
-- Up-to-date symlink: /home/lucads/intelligent-machine-design-lab/irobot_ws/install/custom_msg/share/custom_msg/cmake/rosidl_cmake_export_typesupport_targets-extras.cmake
-- Up-to-date symlink: /home/lucads/intelligent-machine-design-lab/irobot_ws/install/custom_msg/share/custom_msg/cmake/rosidl_cmake_export_typesupport_libraries-extras.cmake
-- Up-to-date symlink: /home/lucads/intelligent-machine-design-lab/irobot_ws/install/custom_msg/share/custom_msg/cmake/custom_msgConfig.cmake
-- Up-to-date symlink: /home/lucads/intelligent-machine-design-lab/irobot_ws/install/custom_msg/share/custom_msg/cmake/custom_msgConfig-version.cmake
-- Up-to-date symlink: /home/lucads/intelligent-machine-design-lab/irobot_ws/install/custom_msg/share/custom_msg/package.xml
-- Up-to-date: /home/lucads/intelligent-machine-design-lab/irobot_ws/install/custom_msg/lib/libcustom_msg__rosidl_generator_c.so
-- Up-to-date: /home/lucads/intelligent-machine-design-lab/irobot_ws/install/custom_msg/lib/libcustom_msg__rosidl_typesupport_fastrtps_c.so
-- Up-to-date: /home/lucads/intelligent-machine-design-lab/irobot_ws/install/custom_msg/lib/libcustom_msg__rosidl_typesupport_fastrtps_cpp.so
-- Up-to-date: /home/lucads/intelligent-machine-design-lab/irobot_ws/install/custom_msg/lib/libcustom_msg__rosidl_typesupport_introspection_c.so
-- Up-to-date: /home/lucads/intelligent-machine-design-lab/irobot_ws/install/custom_msg/lib/libcustom_msg__rosidl_typesupport_c.so
-- Up-to-date: /home/lucads/intelligent-machine-design-lab/irobot_ws/install/custom_msg/lib/libcustom_msg__rosidl_typesupport_introspection_cpp.so
-- Up-to-date: /home/lucads/intelligent-machine-design-lab/irobot_ws/install/custom_msg/lib/libcustom_msg__rosidl_typesupport_cpp.so
Listing '/home/lucads/intelligent-machine-design-lab/irobot_ws/install/custom_msg/local/lib/python3.10/dist-packages/custom_msg'...
Listing '/home/lucads/intelligent-machine-design-lab/irobot_ws/install/custom_msg/local/lib/python3.10/dist-packages/custom_msg/msg'...
-- Up-to-date: /home/lucads/intelligent-machine-design-lab/irobot_ws/install/custom_msg/lib/libcustom_msg__rosidl_generator_py.so
-- Up-to-date: /home/lucads/intelligent-machine-design-lab/irobot_ws/install/custom_msg/share/custom_msg/cmake/export_custom_msg__rosidl_generator_cExport.cmake
-- Up-to-date: /home/lucads/intelligent-machine-design-lab/irobot_ws/install/custom_msg/share/custom_msg/cmake/export_custom_msg__rosidl_generator_cExport-noconfig.cmake
-- Up-to-date: /home/lucads/intelligent-machine-design-lab/irobot_ws/install/custom_msg/share/custom_msg/cmake/export_custom_msg__rosidl_typesupport_fastrtps_cExport.cmake
-- Up-to-date: /home/lucads/intelligent-machine-design-lab/irobot_ws/install/custom_msg/share/custom_msg/cmake/export_custom_msg__rosidl_typesupport_fastrtps_cExport-noconfig.cmake
-- Up-to-date: /home/lucads/intelligent-machine-design-lab/irobot_ws/install/custom_msg/share/custom_msg/cmake/export_custom_msg__rosidl_generator_cppExport.cmake
-- Up-to-date: /home/lucads/intelligent-machine-design-lab/irobot_ws/install/custom_msg/share/custom_msg/cmake/export_custom_msg__rosidl_typesupport_fastrtps_cppExport.cmake
-- Up-to-date: /home/lucads/intelligent-machine-design-lab/irobot_ws/install/custom_msg/share/custom_msg/cmake/export_custom_msg__rosidl_typesupport_fastrtps_cppExport-noconfig.cmake
-- Up-to-date: /home/lucads/intelligent-machine-design-lab/irobot_ws/install/custom_msg/share/custom_msg/cmake/custom_msg__rosidl_typesupport_introspection_cExport.cmake
-- Up-to-date: /home/lucads/intelligent-machine-design-lab/irobot_ws/install/custom_msg/share/custom_msg/cmake/custom_msg__rosidl_typesupport_introspection_cExport-noconfig.cmake
-- Up-to-date: /home/lucads/intelligent-machine-design-lab/irobot_ws/install/custom_msg/share/custom_msg/cmake/custom_msg__rosidl_typesupport_cExport.cmake
-- Up-to-date: /home/lucads/intelligent-machine-design-lab/irobot_ws/install/custom_msg/share/custom_msg/cmake/custom_msg__rosidl_typesupport_cExport-noconfig.cmake
-- Up-to-date: /home/lucads/intelligent-machine-design-lab/irobot_ws/install/custom_msg/share/custom_msg/cmake/custom_msg__rosidl_typesupport_introspection_cppExport.cmake
-- Up-to-date: /home/lucads/intelligent-machine-design-lab/irobot_ws/install/custom_msg/share/custom_msg/cmake/custom_msg__rosidl_typesupport_introspection_cppExport-noconfig.cmake
-- Up-to-date: /home/lucads/intelligent-machine-design-lab/irobot_ws/install/custom_msg/share/custom_msg/cmake/custom_msg__rosidl_typesupport_cppExport.cmake
-- Up-to-date: /home/lucads/intelligent-machine-design-lab/irobot_ws/install/custom_msg/share/custom_msg/cmake/custom_msg__rosidl_typesupport_cppExport-noconfig.cmake
-- Up-to-date: /home/lucads/intelligent-machine-design-lab/irobot_ws/install/custom_msg/share/custom_msg/cmake/export_custom_msg__rosidl_generator_pyExport.cmake
-- Up-to-date: /home/lucads/intelligent-machine-design-lab/irobot_ws/install/custom_msg/share/custom_msg/cmake/export_custom_msg__rosidl_generator_pyExport-noconfig.cmake
