[0.023s] Invoking command in '/home/lucads/intelligent-machine-design-lab/irobot_ws/build/traj_interpolator': CMAKE_PREFIX_PATH=/opt/ros/humble /usr/bin/cmake /home/lucads/intelligent-machine-design-lab/irobot_ws/src/traj_interpolator -DAMENT_CMAKE_SYMLINK_INSTALL=1 -DCMAKE_INSTALL_PREFIX=/home/lucads/intelligent-machine-design-lab/irobot_ws/install/traj_interpolator
[0.115s] -- The C compiler identification is GNU 11.3.0
[0.172s] -- The CXX compiler identification is GNU 11.3.0
[0.181s] -- Detecting C compiler ABI info
[0.241s] -- Detecting C compiler ABI info - done
[0.248s] -- Check for working C compiler: /usr/bin/cc - skipped
[0.249s] -- Detecting C compile features
[0.249s] -- Detecting C compile features - done
[0.253s] -- Detecting CXX compiler ABI info
[0.318s] -- Detecting CXX compiler ABI info - done
[0.326s] -- Check for working CXX compiler: /usr/bin/c++ - skipped
[0.326s] -- Detecting CXX compile features
[0.327s] -- Detecting CXX compile features - done
[0.330s] -- Found ament_cmake: 1.3.4 (/opt/ros/humble/share/ament_cmake/cmake)
[0.516s] -- Found Python3: /usr/bin/python3.10 (found version "3.10.6") found components: Interpreter 
[0.600s] -- Override CMake install command with custom implementation using symlinks instead of copying resources
[0.650s] -- Found rclcpp: 16.0.4 (/opt/ros/humble/share/rclcpp/cmake)
[0.719s] -- Found rosidl_generator_c: 3.1.4 (/opt/ros/humble/share/rosidl_generator_c/cmake)
[0.724s] -- Found rosidl_adapter: 3.1.4 (/opt/ros/humble/share/rosidl_adapter/cmake)
[0.736s] -- Found rosidl_generator_cpp: 3.1.4 (/opt/ros/humble/share/rosidl_generator_cpp/cmake)
[0.753s] -- Using all available rosidl_typesupport_c: rosidl_typesupport_fastrtps_c;rosidl_typesupport_introspection_c
[0.778s] -- Using all available rosidl_typesupport_cpp: rosidl_typesupport_fastrtps_cpp;rosidl_typesupport_introspection_cpp
[0.871s] -- Found rmw_implementation_cmake: 6.1.1 (/opt/ros/humble/share/rmw_implementation_cmake/cmake)
[0.875s] -- Found rmw_fastrtps_cpp: 6.2.2 (/opt/ros/humble/share/rmw_fastrtps_cpp/cmake)
[0.992s] -- Found OpenSSL: /usr/lib/x86_64-linux-gnu/libcrypto.so (found version "3.0.2")  
[1.032s] -- Found FastRTPS: /opt/ros/humble/include  
[1.099s] -- Using RMW implementation 'rmw_fastrtps_cpp' as default
[1.115s] -- Looking for pthread.h
[1.210s] -- Looking for pthread.h - found
[1.211s] -- Performing Test CMAKE_HAVE_LIBC_PTHREAD
[1.317s] -- Performing Test CMAKE_HAVE_LIBC_PTHREAD - Success
[1.318s] -- Found Threads: TRUE  
[1.543s] -- Found irobot_create_msgs: 2.1.0 (/opt/ros/humble/share/irobot_create_msgs/cmake)
[1.856s] -- Found ament_lint_auto: 0.12.6 (/opt/ros/humble/share/ament_lint_auto/cmake)
[1.943s] -- Added test 'cppcheck' to perform static code analysis on C / C++ code
[1.943s] -- Configured cppcheck include dirs: 
[1.943s] -- Configured cppcheck exclude dirs and/or files: 
[1.944s] -- Added test 'lint_cmake' to check CMake code style
[1.945s] -- Added test 'uncrustify' to check C / C++ code style
[1.945s] -- Configured uncrustify additional arguments: 
[1.945s] -- Added test 'xmllint' to check XML markup files
[1.947s] -- Configuring done
[1.951s] -- Generating done
[1.953s] -- Build files have been written to: /home/lucads/intelligent-machine-design-lab/irobot_ws/build/traj_interpolator
[1.964s] Invoked command in '/home/lucads/intelligent-machine-design-lab/irobot_ws/build/traj_interpolator' returned '0': CMAKE_PREFIX_PATH=/opt/ros/humble /usr/bin/cmake /home/lucads/intelligent-machine-design-lab/irobot_ws/src/traj_interpolator -DAMENT_CMAKE_SYMLINK_INSTALL=1 -DCMAKE_INSTALL_PREFIX=/home/lucads/intelligent-machine-design-lab/irobot_ws/install/traj_interpolator
[1.965s] Invoking command in '/home/lucads/intelligent-machine-design-lab/irobot_ws/build/traj_interpolator': CMAKE_PREFIX_PATH=/opt/ros/humble /usr/bin/cmake --build /home/lucads/intelligent-machine-design-lab/irobot_ws/build/traj_interpolator -- -j12 -l12
[2.000s] Invoked command in '/home/lucads/intelligent-machine-design-lab/irobot_ws/build/traj_interpolator' returned '0': CMAKE_PREFIX_PATH=/opt/ros/humble /usr/bin/cmake --build /home/lucads/intelligent-machine-design-lab/irobot_ws/build/traj_interpolator -- -j12 -l12
[2.018s] Invoking command in '/home/lucads/intelligent-machine-design-lab/irobot_ws/build/traj_interpolator': CMAKE_PREFIX_PATH=/opt/ros/humble /usr/bin/cmake --install /home/lucads/intelligent-machine-design-lab/irobot_ws/build/traj_interpolator
[2.026s] -- Install configuration: ""
[2.026s] -- Execute custom install script
[2.027s] -- Symlinking: /home/lucads/intelligent-machine-design-lab/irobot_ws/install/traj_interpolator/share/ament_index/resource_index/package_run_dependencies/traj_interpolator
[2.034s] -- Symlinking: /home/lucads/intelligent-machine-design-lab/irobot_ws/install/traj_interpolator/share/ament_index/resource_index/parent_prefix_path/traj_interpolator
[2.041s] -- Symlinking: /home/lucads/intelligent-machine-design-lab/irobot_ws/install/traj_interpolator/share/traj_interpolator/environment/ament_prefix_path.sh
[2.049s] -- Symlinking: /home/lucads/intelligent-machine-design-lab/irobot_ws/install/traj_interpolator/share/traj_interpolator/environment/ament_prefix_path.dsv
[2.056s] -- Symlinking: /home/lucads/intelligent-machine-design-lab/irobot_ws/install/traj_interpolator/share/traj_interpolator/environment/path.sh
[2.063s] -- Symlinking: /home/lucads/intelligent-machine-design-lab/irobot_ws/install/traj_interpolator/share/traj_interpolator/environment/path.dsv
[2.071s] -- Symlinking: /home/lucads/intelligent-machine-design-lab/irobot_ws/install/traj_interpolator/share/traj_interpolator/local_setup.bash
[2.078s] -- Symlinking: /home/lucads/intelligent-machine-design-lab/irobot_ws/install/traj_interpolator/share/traj_interpolator/local_setup.sh
[2.087s] -- Symlinking: /home/lucads/intelligent-machine-design-lab/irobot_ws/install/traj_interpolator/share/traj_interpolator/local_setup.zsh
[2.095s] -- Symlinking: /home/lucads/intelligent-machine-design-lab/irobot_ws/install/traj_interpolator/share/traj_interpolator/local_setup.dsv
[2.102s] -- Symlinking: /home/lucads/intelligent-machine-design-lab/irobot_ws/install/traj_interpolator/share/traj_interpolator/package.dsv
[2.112s] -- Symlinking: /home/lucads/intelligent-machine-design-lab/irobot_ws/install/traj_interpolator/share/ament_index/resource_index/packages/traj_interpolator
[2.121s] -- Symlinking: /home/lucads/intelligent-machine-design-lab/irobot_ws/install/traj_interpolator/share/traj_interpolator/cmake/traj_interpolatorConfig.cmake
[2.128s] -- Symlinking: /home/lucads/intelligent-machine-design-lab/irobot_ws/install/traj_interpolator/share/traj_interpolator/cmake/traj_interpolatorConfig-version.cmake
[2.136s] -- Symlinking: /home/lucads/intelligent-machine-design-lab/irobot_ws/install/traj_interpolator/share/traj_interpolator/package.xml
[2.147s] Invoked command in '/home/lucads/intelligent-machine-design-lab/irobot_ws/build/traj_interpolator' returned '0': CMAKE_PREFIX_PATH=/opt/ros/humble /usr/bin/cmake --install /home/lucads/intelligent-machine-design-lab/irobot_ws/build/traj_interpolator
