[35m[1mConsolidate compiler generated dependencies of target traj_interpolator[0m
[ 50%] [32mBuilding CXX object CMakeFiles/traj_interpolator.dir/src/draw_traj.cpp.o[0m
[01m[K/home/lucads/intelligent-machine-design-lab/irobot_ws/src/traj_interpolator/src/draw_traj.cpp:[m[K In member function ‘[01m[Kvoid InterpolatorNode::moveStraight(double, double)[m[K’:
[01m[K/home/lucads/intelligent-machine-design-lab/irobot_ws/src/traj_interpolator/src/draw_traj.cpp:104:42:[m[K [01;31m[Kerror: [m[K‘[01m[Kseconds[m[K’ is not a member of ‘[01m[Kstd[m[K’; did you mean ‘[01m[Kends[m[K’?
  104 |       std::chrono::duration<double, std::[01;31m[Kseconds[m[K> duration = end - start;
      |                                          [01;31m[K^~~~~~~[m[K
      |                                          [32m[Kends[m[K
[01m[K/home/lucads/intelligent-machine-design-lab/irobot_ws/src/traj_interpolator/src/draw_traj.cpp:104:49:[m[K [01;31m[Kerror: [m[Ktemplate argument 2 is invalid
  104 |       std::chrono::duration<double, std::seconds[01;31m[K>[m[K duration = end - start;
      |                                                 [01;31m[K^[m[K
[01m[K/home/lucads/intelligent-machine-design-lab/irobot_ws/src/traj_interpolator/src/draw_traj.cpp:104:66:[m[K [01;31m[Kerror: [m[Kcannot convert ‘[01m[Kstd::common_type<std::chrono::duration<long int, std::ratio<1, 1000000000> >, std::chrono::duration<long int, std::ratio<1, 1000000000> > >::type[m[K’ {aka ‘[01m[Kstd::chrono::duration<long int, std::ratio<1, 1000000000> >[m[K’} to ‘[01m[Kint[m[K’ in initialization
  104 |     std::chrono::duration<double, std::seconds> duration = [01;31m[Kend - start[m[K;
      |                                                            [01;31m[K~~~~^~~~~~~[m[K
      |                                                                [01;31m[K|[m[K
      |                                                                [01;31m[Kstd::common_type<std::chrono::duration<long int, std::ratio<1, 1000000000> >, std::chrono::duration<long int, std::ratio<1, 1000000000> > >::type {aka std::chrono::duration<long int, std::ratio<1, 1000000000> >}[m[K

[01m[K/home/lucads/intelligent-machine-design-lab/irobot_ws/src/traj_interpolator/src/draw_traj.cpp:105:32:[m[K [01;31m[Kerror: [m[Krequest for member ‘[01m[Kcount[m[K’ in ‘[01m[Kduration[m[K’, which is of non-class type ‘[01m[Kint[m[K’
  105 |       elapsed_time += duration.[01;31m[Kcount[m[K();
      |                                [01;31m[K^~~~~[m[K
gmake[2]: *** [CMakeFiles/traj_interpolator.dir/build.make:76: CMakeFiles/traj_interpolator.dir/src/draw_traj.cpp.o] Error 1
gmake[1]: *** [CMakeFiles/Makefile2:137: CMakeFiles/traj_interpolator.dir/all] Error 2
gmake: *** [Makefile:146: all] Error 2
