[0.016s] Invoking command in '/home/lucads/intelligent-machine-design-lab/irobot_ws/build/custom_msgs': CMAKE_PREFIX_PATH=/opt/ros/humble /usr/bin/cmake /home/lucads/intelligent-machine-design-lab/irobot_ws/src/custom_msgs -DAMENT_CMAKE_SYMLINK_INSTALL=1 -DCMAKE_INSTALL_PREFIX=/home/lucads/intelligent-machine-design-lab/irobot_ws/install/custom_msgs
[0.060s] -- The C compiler identification is GNU 11.3.0
[0.113s] -- The CXX compiler identification is GNU 11.3.0
[0.118s] -- Detecting C compiler ABI info
[0.175s] -- Detecting C compiler ABI info - done
[0.186s] -- Check for working C compiler: /usr/bin/cc - skipped
[0.186s] -- Detecting C compile features
[0.187s] -- Detecting C compile features - done
[0.190s] -- Detecting CXX compiler ABI info
[0.253s] -- Detecting CXX compiler ABI info - done
[0.266s] -- Check for working CXX compiler: /usr/bin/c++ - skipped
[0.266s] -- Detecting CXX compile features
[0.267s] -- Detecting CXX compile features - done
[0.270s] -- Found ament_cmake: 1.3.4 (/opt/ros/humble/share/ament_cmake/cmake)
[0.422s] -- Found Python3: /usr/bin/python3.10 (found version "3.10.6") found components: Interpreter 
[0.479s] -- Override CMake install command with custom implementation using symlinks instead of copying resources
[0.500s] -- Found geometry_msgs: 4.2.3 (/opt/ros/humble/share/geometry_msgs/cmake)
[0.547s] -- Found rosidl_generator_c: 3.1.4 (/opt/ros/humble/share/rosidl_generator_c/cmake)
[0.551s] -- Found rosidl_adapter: 3.1.4 (/opt/ros/humble/share/rosidl_adapter/cmake)
[0.559s] -- Found rosidl_generator_cpp: 3.1.4 (/opt/ros/humble/share/rosidl_generator_cpp/cmake)
[0.572s] -- Using all available rosidl_typesupport_c: rosidl_typesupport_fastrtps_c;rosidl_typesupport_introspection_c
[0.590s] -- Using all available rosidl_typesupport_cpp: rosidl_typesupport_fastrtps_cpp;rosidl_typesupport_introspection_cpp
[0.738s] [31mCMake Error at CMakeLists.txt:12 (find_package):
[0.738s]   By not providing "Findmessage_generation.cmake" in CMAKE_MODULE_PATH this
[0.738s]   project has asked CMake to find a package configuration file provided by
[0.738s]   "message_generation", but CMake did not find one.
[0.738s] 
[0.738s]   Could not find a package configuration file provided by
[0.739s]   "message_generation" with any of the following names:
[0.739s] 
[0.739s]     message_generationConfig.cmake
[0.739s]     message_generation-config.cmake
[0.739s] 
[0.739s]   Add the installation prefix of "message_generation" to CMAKE_PREFIX_PATH or
[0.739s]   set "message_generation_DIR" to a directory containing one of the above
[0.740s]   files.  If "message_generation" provides a separate development package or
[0.741s]   SDK, be sure it has been installed.
[0.742s] 
[0.742s] [0m
[0.742s] -- Configuring incomplete, errors occurred!
[0.742s] See also "/home/lucads/intelligent-machine-design-lab/irobot_ws/build/custom_msgs/CMakeFiles/CMakeOutput.log".
[0.750s] Invoked command in '/home/lucads/intelligent-machine-design-lab/irobot_ws/build/custom_msgs' returned '1': CMAKE_PREFIX_PATH=/opt/ros/humble /usr/bin/cmake /home/lucads/intelligent-machine-design-lab/irobot_ws/src/custom_msgs -DAMENT_CMAKE_SYMLINK_INSTALL=1 -DCMAKE_INSTALL_PREFIX=/home/lucads/intelligent-machine-design-lab/irobot_ws/install/custom_msgs
