-- The C compiler identification is GNU 11.3.0
-- The CXX compiler identification is GNU 11.3.0
-- Detecting C compiler ABI info
-- Detecting C compiler ABI info - done
-- Check for working C compiler: /usr/bin/cc - skipped
-- Detecting C compile features
-- Detecting C compile features - done
-- Detecting CXX compiler ABI info
-- Detecting CXX compiler ABI info - done
-- Check for working CXX compiler: /usr/bin/c++ - skipped
-- Detecting CXX compile features
-- Detecting CXX compile features - done
-- Found ament_cmake: 1.3.4 (/opt/ros/humble/share/ament_cmake/cmake)
-- Found Python3: /usr/bin/python3.10 (found version "3.10.6") found components: Interpreter 
-- Override CMake install command with custom implementation using symlinks instead of copying resources
-- Found ament_lint_auto: 0.12.6 (/opt/ros/humble/share/ament_lint_auto/cmake)
-- Added test 'flake8' to check Python code syntax and style conventions
-- Added test 'lint_cmake' to check CMake code style
-- Added test 'pep257' to check Python code against some of the docstring style conventions in PEP 257
-- Added test 'xmllint' to check XML markup files
-- Configuring done
-- Generating done
-- Build files have been written to: /home/lucads/intelligent-machine-design-lab/irobot_ws/build/irobot_create_control
-- Install configuration: ""
-- Execute custom install script
-- Symlinking: /home/lucads/intelligent-machine-design-lab/irobot_ws/install/irobot_create_control/share/irobot_create_control//launch/include/control.py
-- Symlinking: /home/lucads/intelligent-machine-design-lab/irobot_ws/install/irobot_create_control/share/irobot_create_control//config/control.yaml
-- Symlinking: /home/lucads/intelligent-machine-design-lab/irobot_ws/install/irobot_create_control/share/ament_index/resource_index/package_run_dependencies/irobot_create_control
-- Symlinking: /home/lucads/intelligent-machine-design-lab/irobot_ws/install/irobot_create_control/share/ament_index/resource_index/parent_prefix_path/irobot_create_control
-- Symlinking: /home/lucads/intelligent-machine-design-lab/irobot_ws/install/irobot_create_control/share/irobot_create_control/environment/ament_prefix_path.sh
-- Symlinking: /home/lucads/intelligent-machine-design-lab/irobot_ws/install/irobot_create_control/share/irobot_create_control/environment/ament_prefix_path.dsv
-- Symlinking: /home/lucads/intelligent-machine-design-lab/irobot_ws/install/irobot_create_control/share/irobot_create_control/environment/path.sh
-- Symlinking: /home/lucads/intelligent-machine-design-lab/irobot_ws/install/irobot_create_control/share/irobot_create_control/environment/path.dsv
-- Symlinking: /home/lucads/intelligent-machine-design-lab/irobot_ws/install/irobot_create_control/share/irobot_create_control/local_setup.bash
-- Symlinking: /home/lucads/intelligent-machine-design-lab/irobot_ws/install/irobot_create_control/share/irobot_create_control/local_setup.sh
-- Symlinking: /home/lucads/intelligent-machine-design-lab/irobot_ws/install/irobot_create_control/share/irobot_create_control/local_setup.zsh
-- Symlinking: /home/lucads/intelligent-machine-design-lab/irobot_ws/install/irobot_create_control/share/irobot_create_control/local_setup.dsv
-- Symlinking: /home/lucads/intelligent-machine-design-lab/irobot_ws/install/irobot_create_control/share/irobot_create_control/package.dsv
-- Symlinking: /home/lucads/intelligent-machine-design-lab/irobot_ws/install/irobot_create_control/share/ament_index/resource_index/packages/irobot_create_control
-- Symlinking: /home/lucads/intelligent-machine-design-lab/irobot_ws/install/irobot_create_control/share/irobot_create_control/cmake/irobot_create_controlConfig.cmake
-- Symlinking: /home/lucads/intelligent-machine-design-lab/irobot_ws/install/irobot_create_control/share/irobot_create_control/cmake/irobot_create_controlConfig-version.cmake
-- Symlinking: /home/lucads/intelligent-machine-design-lab/irobot_ws/install/irobot_create_control/share/irobot_create_control/package.xml
