[  2%] [32mBuilding CXX object CMakeFiles/hazards_vector_publisher.dir/rclcpp_components/node_main_hazards_vector_publisher.cpp.o[0m
[  8%] [32mBuilding CXX object CMakeFiles/hazard_publisher_lib.dir/src/hazards_vector_publisher.cpp.o[0m
[  8%] [32mBuilding CXX object CMakeFiles/ir_intensity_vector_publisher.dir/rclcpp_components/node_main_ir_intensity_vector_publisher.cpp.o[0m
[ 10%] [32mBuilding CXX object CMakeFiles/motion_control_lib.dir/src/motion_control_node.cpp.o[0m
[ 13%] [32mBuilding CXX object CMakeFiles/motion_control.dir/rclcpp_components/node_main_motion_control.cpp.o[0m
[ 16%] [32mBuilding CXX object CMakeFiles/wheel_status_publisher_lib.dir/src/wheels_publisher.cpp.o[0m
[ 18%] [32mBuilding CXX object CMakeFiles/ir_intensity_publisher_lib.dir/src/ir_intensity_vector_publisher.cpp.o[0m
[ 21%] [32mBuilding CXX object CMakeFiles/robot_state_lib.dir/src/robot_state.cpp.o[0m
[ 24%] [32mBuilding CXX object CMakeFiles/robot_state.dir/rclcpp_components/node_main_robot_state.cpp.o[0m
[ 27%] [32mBuilding CXX object CMakeFiles/ui_mgr.dir/rclcpp_components/node_main_ui_mgr.cpp.o[0m
[ 29%] [32mBuilding CXX object CMakeFiles/wheel_status_publisher.dir/rclcpp_components/node_main_wheel_status_publisher.cpp.o[0m
[ 32%] [32mBuilding CXX object CMakeFiles/ui_mgr_lib.dir/src/ui_mgr.cpp.o[0m
[ 35%] [32m[1mLinking CXX executable motion_control[0m
[ 37%] [32m[1mLinking CXX executable ir_intensity_vector_publisher[0m
[ 37%] Built target motion_control
[ 37%] Built target ir_intensity_vector_publisher
[ 40%] [32m[1mLinking CXX executable wheel_status_publisher[0m
[ 43%] [32mBuilding CXX object CMakeFiles/mock_publisher.dir/rclcpp_components/node_main_mock_publisher.cpp.o[0m
[ 45%] [32mBuilding CXX object CMakeFiles/mock_publisher_lib.dir/src/mock_publisher.cpp.o[0m
[ 48%] [32m[1mLinking CXX executable robot_state[0m
[ 48%] Built target wheel_status_publisher
[ 51%] [32m[1mLinking CXX executable hazards_vector_publisher[0m
[ 54%] [32mBuilding CXX object CMakeFiles/kidnap_estimator_publisher_lib.dir/src/kidnap_estimator_publisher.cpp.o[0m
[ 54%] Built target robot_state
[ 56%] [32mBuilding CXX object CMakeFiles/kidnap_estimator_publisher.dir/rclcpp_components/node_main_kidnap_estimator_publisher.cpp.o[0m
[ 56%] Built target hazards_vector_publisher
[ 59%] [32mBuilding CXX object CMakeFiles/motion_control_lib.dir/src/motion_control/docking_behavior.cpp.o[0m
[ 62%] [32m[1mLinking CXX executable ui_mgr[0m
[ 62%] Built target ui_mgr
[ 64%] [32mBuilding CXX object CMakeFiles/motion_control_lib.dir/src/motion_control/drive_goal_behaviors.cpp.o[0m
[ 67%] [32m[1mLinking CXX executable mock_publisher[0m
[ 67%] Built target mock_publisher
[ 70%] [32mBuilding CXX object CMakeFiles/motion_control_lib.dir/src/motion_control/reflex_behavior.cpp.o[0m
[ 72%] [32m[1mLinking CXX executable kidnap_estimator_publisher[0m
[ 72%] Built target kidnap_estimator_publisher
[ 75%] [32mBuilding CXX object CMakeFiles/motion_control_lib.dir/src/motion_control/wall_follow_behavior.cpp.o[0m
[ 78%] [32m[1mLinking CXX shared library libmock_publisher_lib.so[0m
[ 78%] Built target mock_publisher_lib
[ 81%] [32mBuilding CXX object CMakeFiles/motion_control_lib.dir/src/motion_control/wall_follow_states.cpp.o[0m
[ 83%] [32m[1mLinking CXX shared library libir_intensity_publisher_lib.so[0m
[ 86%] [32m[1mLinking CXX shared library libwheel_status_publisher_lib.so[0m
[ 86%] Built target ir_intensity_publisher_lib
[ 89%] [32m[1mLinking CXX shared library libhazard_publisher_lib.so[0m
[ 89%] Built target wheel_status_publisher_lib
[ 89%] Built target hazard_publisher_lib
[ 91%] [32m[1mLinking CXX shared library libkidnap_estimator_publisher_lib.so[0m
[ 91%] Built target kidnap_estimator_publisher_lib
[ 94%] [32m[1mLinking CXX shared library librobot_state_lib.so[0m
[ 97%] [32m[1mLinking CXX shared library libui_mgr_lib.so[0m
[ 97%] Built target robot_state_lib
[ 97%] Built target ui_mgr_lib
[100%] [32m[1mLinking CXX shared library libmotion_control_lib.so[0m
[100%] Built target motion_control_lib
