[0.038s] Invoking command in '/home/lucads/intelligent-machine-design-lab/irobot_ws/build/irobot_create_nodes': AMENT_PREFIX_PATH=/home/lucads/intelligent-machine-design-lab/irobot_ws/install/irobot_create_toolbox:${AMENT_PREFIX_PATH} CMAKE_PREFIX_PATH=/home/lucads/intelligent-machine-design-lab/irobot_ws/install/irobot_create_toolbox:/opt/ros/humble LD_LIBRARY_PATH=/home/lucads/intelligent-machine-design-lab/irobot_ws/install/irobot_create_toolbox/lib:${LD_LIBRARY_PATH} /usr/bin/cmake --build /home/lucads/intelligent-machine-design-lab/irobot_ws/build/irobot_create_nodes -- -j12 -l12
[0.083s] [  2%] [32mBuilding CXX object CMakeFiles/hazards_vector_publisher.dir/rclcpp_components/node_main_hazards_vector_publisher.cpp.o[0m
[0.083s] [  8%] [32mBuilding CXX object CMakeFiles/hazard_publisher_lib.dir/src/hazards_vector_publisher.cpp.o[0m
[0.084s] [  8%] [32mBuilding CXX object CMakeFiles/ir_intensity_vector_publisher.dir/rclcpp_components/node_main_ir_intensity_vector_publisher.cpp.o[0m
[0.084s] [ 10%] [32mBuilding CXX object CMakeFiles/motion_control_lib.dir/src/motion_control_node.cpp.o[0m
[0.086s] [ 13%] [32mBuilding CXX object CMakeFiles/motion_control.dir/rclcpp_components/node_main_motion_control.cpp.o[0m
[0.087s] [ 16%] [32mBuilding CXX object CMakeFiles/wheel_status_publisher_lib.dir/src/wheels_publisher.cpp.o[0m
[0.091s] [ 18%] [32mBuilding CXX object CMakeFiles/ir_intensity_publisher_lib.dir/src/ir_intensity_vector_publisher.cpp.o[0m
[0.093s] [ 21%] [32mBuilding CXX object CMakeFiles/robot_state_lib.dir/src/robot_state.cpp.o[0m
[0.099s] [ 24%] [32mBuilding CXX object CMakeFiles/robot_state.dir/rclcpp_components/node_main_robot_state.cpp.o[0m
[0.102s] [ 27%] [32mBuilding CXX object CMakeFiles/ui_mgr.dir/rclcpp_components/node_main_ui_mgr.cpp.o[0m
[0.106s] [ 29%] [32mBuilding CXX object CMakeFiles/wheel_status_publisher.dir/rclcpp_components/node_main_wheel_status_publisher.cpp.o[0m
[0.146s] [ 32%] [32mBuilding CXX object CMakeFiles/ui_mgr_lib.dir/src/ui_mgr.cpp.o[0m
[9.117s] [ 35%] [32m[1mLinking CXX executable motion_control[0m
[9.358s] [ 37%] [32m[1mLinking CXX executable ir_intensity_vector_publisher[0m
[9.669s] [ 37%] Built target motion_control
[9.705s] [ 37%] Built target ir_intensity_vector_publisher
[9.717s] [ 40%] [32m[1mLinking CXX executable wheel_status_publisher[0m
[9.758s] [ 43%] [32mBuilding CXX object CMakeFiles/mock_publisher.dir/rclcpp_components/node_main_mock_publisher.cpp.o[0m
[9.766s] [ 45%] [32mBuilding CXX object CMakeFiles/mock_publisher_lib.dir/src/mock_publisher.cpp.o[0m
[9.941s] [ 48%] [32m[1mLinking CXX executable robot_state[0m
[10.189s] [ 48%] Built target wheel_status_publisher
[10.242s] [ 51%] [32m[1mLinking CXX executable hazards_vector_publisher[0m
[10.327s] [ 54%] [32mBuilding CXX object CMakeFiles/kidnap_estimator_publisher_lib.dir/src/kidnap_estimator_publisher.cpp.o[0m
[10.354s] [ 54%] Built target robot_state
[10.461s] [ 56%] [32mBuilding CXX object CMakeFiles/kidnap_estimator_publisher.dir/rclcpp_components/node_main_kidnap_estimator_publisher.cpp.o[0m
[10.644s] [ 56%] Built target hazards_vector_publisher
[10.686s] [ 59%] [32mBuilding CXX object CMakeFiles/motion_control_lib.dir/src/motion_control/docking_behavior.cpp.o[0m
[10.866s] [ 62%] [32m[1mLinking CXX executable ui_mgr[0m
[11.345s] [ 62%] Built target ui_mgr
[11.402s] [ 64%] [32mBuilding CXX object CMakeFiles/motion_control_lib.dir/src/motion_control/drive_goal_behaviors.cpp.o[0m
[20.082s] [ 67%] [32m[1mLinking CXX executable mock_publisher[0m
[20.690s] [ 67%] Built target mock_publisher
[20.722s] [ 70%] [32mBuilding CXX object CMakeFiles/motion_control_lib.dir/src/motion_control/reflex_behavior.cpp.o[0m
[21.727s] [ 72%] [32m[1mLinking CXX executable kidnap_estimator_publisher[0m
[22.568s] [ 72%] Built target kidnap_estimator_publisher
[22.653s] [ 75%] [32mBuilding CXX object CMakeFiles/motion_control_lib.dir/src/motion_control/wall_follow_behavior.cpp.o[0m
[25.277s] [ 78%] [32m[1mLinking CXX shared library libmock_publisher_lib.so[0m
[27.061s] [ 78%] Built target mock_publisher_lib
[27.147s] [ 81%] [32mBuilding CXX object CMakeFiles/motion_control_lib.dir/src/motion_control/wall_follow_states.cpp.o[0m
[30.260s] [ 83%] [32m[1mLinking CXX shared library libir_intensity_publisher_lib.so[0m
[32.535s] [ 86%] [32m[1mLinking CXX shared library libwheel_status_publisher_lib.so[0m
[33.531s] [ 86%] Built target ir_intensity_publisher_lib
[34.273s] [ 89%] [32m[1mLinking CXX shared library libhazard_publisher_lib.so[0m
[35.590s] [ 89%] Built target wheel_status_publisher_lib
[35.762s] [ 89%] Built target hazard_publisher_lib
[40.682s] [ 91%] [32m[1mLinking CXX shared library libkidnap_estimator_publisher_lib.so[0m
[42.675s] [ 91%] Built target kidnap_estimator_publisher_lib
[45.324s] [ 94%] [32m[1mLinking CXX shared library librobot_state_lib.so[0m
[47.765s] [ 97%] [32m[1mLinking CXX shared library libui_mgr_lib.so[0m
[47.829s] [ 97%] Built target robot_state_lib
[50.406s] [ 97%] Built target ui_mgr_lib
[64.558s] [100%] [32m[1mLinking CXX shared library libmotion_control_lib.so[0m
[68.551s] [100%] Built target motion_control_lib
